Running in Lattice mode


Starting:    D:\ispLEVER_Classic2_1\synpbase\win64\mbin\synbatch.exe
Install:     D:\ispLEVER_Classic2_1\synpbase
Date:        Sun May 08 13:33:00 2016
Version:     I-2014.03LC 

Arguments:   -product synplify_pro  -batch e:/grade-3_2/isp_project/lab10\lab10.prj
ProductType: synplify_pro





log file: "E:\grade-3_2\isp_project\lab10\lab10.srr"

Running lab10|lab10

Running: Compile on lab10|lab10

Running: Compile Process on lab10|lab10

Running: Compile Input on lab10|lab10
Copied E:\grade-3_2\isp_project\lab10\synwork\lab10_comp.srs to E:\grade-3_2\isp_project\lab10\lab10.srs
compiler Completed with warnings
Return Code: 1
Run Time:0h:00m:01s

Running: Multi-srs Generator on lab10|lab10
Copied E:\grade-3_2\isp_project\lab10\synwork\lab10_comp.srs to E:\grade-3_2\isp_project\lab10\synwork\lab10_s.srs
multi_srs_gen Completed
Return Code: 0
Run Time:0h:00m:00s
Copied E:\grade-3_2\isp_project\lab10\synwork\lab10_mult.srs to E:\grade-3_2\isp_project\lab10\lab10.srs
Copied E:\grade-3_2\isp_project\lab10\lab10.srr to E:\grade-3_2\isp_project\lab10\lab10.srf
Complete: Compile Process on lab10|lab10
Complete: Compile on lab10|lab10

Running: Map on lab10|lab10

Running: Map & Optimize on lab10|lab10
fpga_mapper Completed with warnings
Return Code: 1
Run Time:0h:00m:00s
Complete: Map on lab10|lab10
Complete: Logic Synthesis on lab10|lab10

exit status=0

exit status=0

