ispLEVER Auto-Make Log File
---------------------------

Updating: Fit Design
Start to record tcl script...
Finished recording TCL script.

Updating: Fit Design

Starting: 'D:\ispLEVER_Classic2_1\ispcpld\bin\Synpwrap.exe -rem -e lab8 -target ispmach4000b -pro '

Copyright (c) 1991-2010 Lattice Semiconductor Corporation,  All rights reserved.
Version : 2.1.00.02.49.20

Done sucessfully with exit code 0.
#Build: Synplify Pro I-2014.03LC , Build 063R, May 27 2014
#install: D:\ispLEVER_Classic2_1\synpbase
#OS: Windows 7 6.2
#Hostname: SKYLINE

#Implementation: lab8

$ Start of Compile
#Sat May 07 17:46:22 2016

Synopsys Verilog Compiler, version comp201403rcp1, Build 060R, built May 27 2014
@N|Running in 64-bit mode
Copyright (C) 1994-2014 Synopsys, Inc. This software and the associated documentation are proprietary to Synopsys, Inc. This software may only be used in accordance with the terms and conditions of a written license agreement with Synopsys, Inc.  All other use, reproduction, or distribution of this software is strictly prohibited.

@I::"D:\ispLEVER_Classic2_1\synpbase\lib\vlog\umr_capim.v"
@I::"D:\ispLEVER_Classic2_1\synpbase\lib\vlog\scemi_objects.v"
@I::"D:\ispLEVER_Classic2_1\synpbase\lib\vlog\scemi_pipes.svh"
@I::"D:\ispLEVER_Classic2_1\synpbase\lib\vlog\hypermods.v"
@I::"D:\ispLEVER_Classic2_1\ispcpld\..\cae_library\synthesis\verilog\mach.v"
@I::"E:\grade-3_2\isp_project\lab8\lab8.h"
@I::"E:\grade-3_2\isp_project\lab8\decoder2to4.v"
@I::"E:\grade-3_2\isp_project\lab8\decoderHex2Dec.v"
@I::"E:\grade-3_2\isp_project\lab8\mux16to4.v"
@I::"E:\grade-3_2\isp_project\lab8\counter_n.v"
@I::"E:\grade-3_2\isp_project\lab8\dynamicshow.v"
@I::"E:\grade-3_2\isp_project\lab8\calculate.v"
@I::"E:\grade-3_2\isp_project\lab8\dffre.v"
@I::"E:\grade-3_2\isp_project\lab8\button.v"
@I::"E:\grade-3_2\isp_project\lab8\lab8.v"
Verilog syntax check successful!
File E:\grade-3_2\isp_project\lab8\lab8.v changed - recompiling
Selecting top level module lab8
@N: CG364 :"E:\grade-3_2\isp_project\lab8\dffre.v":14:7:14:11|Synthesizing module dffre

@N: CG179 :"E:\grade-3_2\isp_project\lab8\dffre.v":25:13:25:13|Removing redundant assignment
@N: CG364 :"E:\grade-3_2\isp_project\lab8\button.v":1:7:1:12|Synthesizing module button

@W: CS263 :"E:\grade-3_2\isp_project\lab8\button.v":9:29:9:29|Port-width mismatch for port en. Formal has width 1, Actual 32
@W: CS263 :"E:\grade-3_2\isp_project\lab8\button.v":9:37:9:37|Port-width mismatch for port r. Formal has width 1, Actual 32
@W: CS263 :"E:\grade-3_2\isp_project\lab8\button.v":10:28:10:28|Port-width mismatch for port en. Formal has width 1, Actual 32
@W: CS263 :"E:\grade-3_2\isp_project\lab8\button.v":10:36:10:36|Port-width mismatch for port r. Formal has width 1, Actual 32
@W: CS263 :"E:\grade-3_2\isp_project\lab8\button.v":11:28:11:28|Port-width mismatch for port en. Formal has width 1, Actual 32
@W: CS263 :"E:\grade-3_2\isp_project\lab8\button.v":11:36:11:36|Port-width mismatch for port r. Formal has width 1, Actual 32
@N: CG364 :"E:\grade-3_2\isp_project\lab8\calculate.v":1:7:1:15|Synthesizing module calculate

@W: CG296 :"E:\grade-3_2\isp_project\lab8\calculate.v":340:13:340:27|Incomplete sensitivity list - assuming completeness
@W: CG290 :"E:\grade-3_2\isp_project\lab8\calculate.v":347:19:347:26|Referenced variable int_Data is not in sensitivity list
@W: CL169 :"E:\grade-3_2\isp_project\lab8\calculate.v":77:4:77:9|Pruning register flag_Over 

@A: CL282 :"E:\grade-3_2\isp_project\lab8\calculate.v":60:4:60:9|Feedback mux created for signal time1Oms -- possible set/reset assignment for signal missing. Specifying a reset value will improve timing and area.
@A: CL282 :"E:\grade-3_2\isp_project\lab8\calculate.v":18:4:18:9|Feedback mux created for signal key_out[3:0] -- possible set/reset assignment for signal missing. Specifying a reset value will improve timing and area.
@N: CG364 :"E:\grade-3_2\isp_project\lab8\counter_n.v":15:7:15:15|Synthesizing module counter_n

	n=32'b00000000000000000000000000000100
	counter_bits=32'b00000000000000000000000000000010
   Generated name = counter_n_4s_2s

@N: CG364 :"E:\grade-3_2\isp_project\lab8\mux16to4.v":1:7:1:14|Synthesizing module mux16to4

@N: CG364 :"E:\grade-3_2\isp_project\lab8\decoderHex2Dec.v":1:7:1:20|Synthesizing module decoderHex2Dec

@N: CG364 :"E:\grade-3_2\isp_project\lab8\decoder2to4.v":1:7:1:17|Synthesizing module decoder2to4

@N: CG364 :"E:\grade-3_2\isp_project\lab8\dynamicshow.v":1:7:1:17|Synthesizing module dynamicshow

@W: CS263 :"E:\grade-3_2\isp_project\lab8\dynamicshow.v":8:79:8:79|Port-width mismatch for port en. Formal has width 1, Actual 32
@N: CG364 :"E:\grade-3_2\isp_project\lab8\lab8.v":1:7:1:10|Synthesizing module lab8

@W: CL156 :"E:\grade-3_2\isp_project\lab8\dynamicshow.v":8:66:8:70|*Input reset to expression [instance] has undriven bits that are tied to 0 -- simulation mismatch possible.
@N: CL201 :"E:\grade-3_2\isp_project\lab8\calculate.v":77:4:77:9|Trying to extract state machine for register flag_Data
Extracted state machine for register flag_Data
State machine has 4 reachable states with original encodings of:
   00
   01
   10
   11
@N: CL201 :"E:\grade-3_2\isp_project\lab8\calculate.v":18:4:18:9|Trying to extract state machine for register scanvalue
Extracted state machine for register scanvalue
State machine has 4 reachable states with original encodings of:
   0001
   0010
   0100
   1000
@END

At c_ver Exit (Real Time elapsed 0h:00m:00s; CPU Time elapsed 0h:00m:00s; Memory used current: 78MB peak: 82MB)

Process took 0h:00m:01s realtime, 0h:00m:01s cputime
# Sat May 07 17:46:22 2016

###########################################################]
Synopsys Netlist Linker, version comp201403rcp1, Build 060R, built May 27 2014
@N|Running in 64-bit mode
File E:\grade-3_2\isp_project\lab8\synwork\lab8_comp.srs changed - recompiling

At syn_nfilter Exit (Real Time elapsed 0h:00m:00s; CPU Time elapsed 0h:00m:00s; Memory used current: 68MB peak: 68MB)

Process took 0h:00m:01s realtime, 0h:00m:01s cputime
# Sat May 07 17:46:23 2016

###########################################################]
Map & Optimize Report

Synopsys CPLD Technology Mapper, Version maplat, Build 923R, Built May  6 2014
Copyright (C) 1994-2013, Synopsys, Inc. This software and the associated documentation are proprietary to Synopsys, Inc. This software may only be used in accordance with the terms and conditions of a written license agreement with Synopsys, Inc.  All other use or distribution of the software is strictly prohibited.
Product Version I-2014.03LC 
@N: MF248 |Running in 64-bit mode.
Encoding state machine flag_Data[3:0] (view:work.calculate(verilog))
original code -> new code
   00 -> 00
   01 -> 01
   10 -> 10
   11 -> 11
@N: MO225 :"e:\grade-3_2\isp_project\lab8\calculate.v":77:4:77:9|No possible illegal states for state machine flag_Data[3:0],safe FSM implementation is disabled
Encoding state machine scanvalue[3:0] (view:work.calculate(verilog))
original code -> new code
   0001 -> 00
   0010 -> 01
   0100 -> 10
   1000 -> 11
@N: MO225 :"e:\grade-3_2\isp_project\lab8\calculate.v":18:4:18:9|No possible illegal states for state machine scanvalue[3:0],safe FSM implementation is disabled
@W: BN132 :"e:\grade-3_2\isp_project\lab8\calculate.v":77:4:77:9|Removing instance calculate.led_int_Data2[3],  because it is equivalent to instance calculate.led_int_Data2[1]
@N: MO106 :"e:\grade-3_2\isp_project\lab8\decoderhex2dec.v":6:8:6:11|Found ROM, 'decoder1.out_1[6:0]', 11 words by 7 bits 
---------------------------------------
Resource Usage Report

Simple gate primitives:
DFFRH           28 uses
DFFC            4 uses
DFFCSH          3 uses
DFFCRH          18 uses
DFFSH           5 uses
DFF             18 uses
IBUF            7 uses
OBUF            21 uses
AND2            543 uses
XOR2            50 uses
INV             349 uses
OR2             20 uses


@N: FC100 |Timing Report not generated for this device, please use place and route tools for timing analysis.
I-2014.03LC 
Mapper successful!

At Mapper Exit (Real Time elapsed 0h:00m:00s; CPU Time elapsed 0h:00m:00s; Memory used current: 42MB peak: 112MB)

Process took 0h:00m:01s realtime, 0h:00m:01s cputime
# Sat May 07 17:46:24 2016

###########################################################]

Synplicity VHDL/Verilog HDL Synthesizer finished successfully

Done: completed successfully.

Starting: 'D:\ispLEVER_Classic2_1\ispcpld\bin\edif2blf.exe -edf lab8.edi -out lab8.bl0 -err automake.err -log lab8.log -prj lab8 -lib "D:\ispLEVER_Classic2_1\ispcpld/dat/mach.edn" -net_Vcc VCC -net_GND GND -nbx -dse -tlw -cvt YES -xor'

Starting EDIF2BLIF....
readEDIF ended normally.

Inspect circuit lab8
    Number of input ports   : 4
    Number of output ports  : 5
    Number of bidir ports   : 0
    Number of instances     : 1073
    Number of nets          : 1080

No design errors found in circuit lab8

WriteBLIF ended normally.

Done: completed successfully.

Starting: 'D:\ispLEVER_Classic2_1\ispcpld\bin\mblifopt.exe lab8.bl0 -collapse none -reduce none -err automake.err -gui -keepwires'

BLIFOPT  Open-ABEL Optimizer 
U.C. Berkeley, SIS Ver. 1.0, supported by Lattice Semiconductor
ispLEVER Classic 2.1 Copyright 1992-2020 Lattice Semiconductor. All Rights Reserved.
Reading Open-ABEL 2 file lab8.bl0...
Writing Open-ABEL 2 (BLIF) file lab8.bl1...
Note    0: 
BLIFOPT complete - Time 0 seconds
Done: completed successfully.

Starting: 'D:\ispLEVER_Classic2_1\ispcpld\bin\mblflink.exe "lab8.bl1" -o "lab8.bl2" -omod "lab8" -gui -err "automake.err"'

BLIFLINK  Top-Down Design Linker
ispLEVER Classic 2.1 Copyright 1992-2020 Lattice Semiconductor. All Rights Reserved.

Top-level file: 'lab8.bl1'

Hierarchical BLIF: 'lab8.bl2'

BLIFLINK complete.  Time: 1 second 
Done: completed successfully.

Starting: 'D:\ispLEVER_Classic2_1\ispcpld\bin\impsrc.exe -gui -prj lab8 -lci lab8.lct -log lab8.imp -err automake.err -tti lab8.bl2 -dir e:\grade-3_2\isp_project\lab8'

No pin assignment or valid property.
No source constraints were imported.
Done: completed successfully.

Starting: 'D:\ispLEVER_Classic2_1\ispcpld\bin\abelvci.exe -vci lab8.lct -blifopt lab8.b2_'

Done: completed successfully.

Starting: 'D:\ispLEVER_Classic2_1\ispcpld\bin\mblifopt.exe lab8.bl2 -sweep -mergefb -err automake.err -o lab8.bl3 @lab8.b2_ -gui'

BLIFOPT  Open-ABEL Optimizer 
U.C. Berkeley, SIS Ver. 1.0, supported by Lattice Semiconductor
ispLEVER Classic 2.1 Copyright 1992-2020 Lattice Semiconductor. All Rights Reserved.
Reading Open-ABEL 2 file lab8.bl2...
Merging feedbacks...
Note 13707: Node dynamicshow_n_38_i_n is collapsed...
Note 13707: Node calculate_int_data_18_5__un3_n is collapsed...
Note 13707: Node calculate_un85_n is collapsed...
Note 13707: Node dynamicshow_n_51_i_n is collapsed...
Note 13707: Node dynamicshow_n_40_i_n is collapsed...
Note 13707: Node calculate_int_data_18_6__un3_n is collapsed...
Note 13707: Node calculate_n_566_n is collapsed...
Note 13707: Node calculate_int_data_18_3__un3_n is collapsed...
Note 13707: Node dynamicshow_n_46_i_n is collapsed...
Note 13707: Node calculate_un85_1_n is collapsed...
Note 13707: Node dynamicshow_n_47_i_n is collapsed...
Note 13707: Node dynamicshow_n_48_i_n is collapsed...
Note 13707: Node calculate_flag_data_ns_i_a2_0_m2_0__un3_n is collapsed...
Note 13707: Node calculate_n_663_i_n is collapsed...
Note 13707: Node calculate_un1_pointtime_0_sqmuxa_0_694_i_0_m2_un3_n is collapsed...
Note 13707: Node calculate_un84_n is collapsed...
Note 13707: Node calculate_n_559_i_n is collapsed...
Note 13707: Node calculate_un82_n is collapsed...
Note 13707: Node calculate_n_566_2_n is collapsed...
Note 13707: Node calculate_int_data0_12_0_0_m2_2__un3_n is collapsed...
Note 13707: Node data1_i_1__n is collapsed...
Note 13707: Node calculate_n_428_i_n is collapsed...
Note 13707: Node calculate_n_420_i_n is collapsed...
Note 13707: Node calculate_int_data_18_2__un3_n is collapsed...
Note 13707: Node calculate_n_421_n is collapsed...
Note 13707: Node calculate_n_30_i_n is collapsed...
Note 13707: Node calculate_int_data_18_0_m2_0__un3_n is collapsed...
Note 13707: Node calculate_n_49_i_n is collapsed...
Note 13707: Node dynamicshow_n_33_n is collapsed...
Note 13707: Node calculate_n_50_i_n is collapsed...
Note 13707: Node calculate_int_data_18_0_m4_0__un3_n is collapsed...
Note 13707: Node calculate_n_85_i_n is collapsed...
Note 13707: Node calculate_n_1020_i_n is collapsed...
Note 13707: Node calculate_int_data_18_1__un3_n is collapsed...
Note 13707: Node calculate_n_152_i_n is collapsed...
Note 13707: Node calculate_combvalue_i_6__n is collapsed...
Note 13707: Node calculate_flag_data_ns_i_a2_0_m2_1__un3_n is collapsed...
Note 13707: Node calculate_n_153_i_n is collapsed...
Note 13707: Node dynamicshow_n_45_i_n is collapsed...
Note 13707: Node show_c_0__n is collapsed...
Note 13707: Node calculate_n_154_i_n is collapsed...
Note 13707: Node dynamicshow_mux_dataout_3_2__un3_n is collapsed...
Note 13707: Node calculate_n_155_i_n is collapsed...
Note 13707: Node dynamicshow_n_65_n is collapsed...
Note 13707: Node show_c_1__n is collapsed...
Note 13707: Node dynamicshow_n_63_n is collapsed...
Note 13707: Node dynamicshow_mux_dataout_3_0__un3_n is collapsed...
Note 13707: Node show_c_2__n is collapsed...
Note 13707: Node show_c_3__n is collapsed...
Note 13707: Node dynamicshow_mux_dataout_1_2__un3_n is collapsed...
Note 13707: Node dynamicshow_n_43_i_n is collapsed...
Note 13707: Node calculate_n_87_3_i_n is collapsed...
Note 13707: Node dynamicshow_n_34_n is collapsed...
Note 13707: Node dynamicshow_n_31_n is collapsed...
Note 13707: Node show_c_4__n is collapsed...
Note 13707: Node calculate_n_161_2_i_n is collapsed...
Note 13707: Node dynamicshow_mux_dataout_1_0__un3_n is collapsed...
Note 13707: Node show_c_5__n is collapsed...
Note 13707: Node calculate_n_590_i_n is collapsed...
Note 13707: Node calculate_n_52_i_n is collapsed...
Note 13707: Node calculate_n_35_i_n is collapsed...
Note 13707: Node show_c_6__n is collapsed...
Note 13707: Node calculate_n_1033_i_n is collapsed...
Note 13707: Node calculate_led_int_data2_100_sqmuxa_i_n is collapsed...
Note 13707: Node dynamicshow_mux_dataout_3_3__un3_n is collapsed...
Note 13707: Node calculate_n_610_n is collapsed...
Note 13707: Node calculate_int_data_i_1__n is collapsed...
Note 13707: Node calculate_n_612_n is collapsed...
Note 13707: Node calculate_n_639_n is collapsed...
Note 13707: Node calculate_n_1028_i_n is collapsed...
Note 13707: Node dynamicshow_mux_dataout_3_1__un3_n is collapsed...
Note 13707: Node calculate_timecnt_i_15__n is collapsed...
Note 13707: Node calculate_n_1029_i_n is collapsed...
Note 13707: Node calculate_n_687_n is collapsed...
Note 13707: Node calculate_n_1025_i_n is collapsed...
Note 13707: Node calculate_timecnt_i_4__n is collapsed...
Note 13707: Node dynamicshow_mux_dataout_1_3__un3_n is collapsed...
Note 13707: Node calculate_n_1026_i_n is collapsed...
Note 13707: Node dynamicshow_mux_dataout_1_1__un3_n is collapsed...
Note 13707: Node calculate_timecnt_i_11__n is collapsed...
Note 13707: Node calculate_scanvalue_161_d_i_n is collapsed...
Note 13707: Node calculate_n_286_i_n is collapsed...
Note 13707: Node calculate_n_640_i_n is collapsed...
Note 13707: Node calculate_timecnt_i_9__n is collapsed...
Note 13707: Node calculate_scanvalue_d_i_2__n is collapsed...
Note 13707: Node calculate_n_285_i_n is collapsed...
Note 13707: Node calculate_un97_2__un3_n is collapsed...
Note 13707: Node calculate_timecnt_i_7__n is collapsed...
Note 13707: Node dynamicshow_n_64_n is collapsed...
Note 13707: Node calculate_n_283_i_n is collapsed...
Note 13707: Node calculate_n_476_i_n is collapsed...
Note 13707: Node calculate_timecnt_i_6__n is collapsed...
Note 13707: Node dynamicshow_n_62_n is collapsed...
Note 13707: Node calculate_n_284_i_n is collapsed...
Note 13707: Node calculate_n_477_i_n is collapsed...
Note 13707: Node calculate_n_389_i_n is collapsed...
Note 13707: Node calculate_n_478_i_n is collapsed...
Note 13707: Node calculate_n_388_i_n is collapsed...
Note 13707: Node calculate_n_444_i_n is collapsed...
Note 13707: Node calculate_n_387_i_n is collapsed...
Note 13707: Node calculate_n_455_i_n is collapsed...
Note 13707: Node calculate_n_268_i_n is collapsed...
Note 13707: Node calculate_n_355_i_n is collapsed...
Note 13707: Node calculate_n_456_i_n is collapsed...
Note 13707: Node calculate_n_269_i_n is collapsed...
Note 13707: Node calculate_n_274_i_n is collapsed...
Note 13707: Node calculate_led_int_data123_i_n is collapsed...
Note 13707: Node calculate_n_356_i_n is collapsed...
Note 13707: Node calculate_n_448_i_n is collapsed...
Note 13707: Node calculate_n_271_i_n is collapsed...
Note 13707: Node calculate_n_450_i_n is collapsed...
Note 13707: Node calculate_n_275_i_n is collapsed...
Note 13707: Node calculate_n_451_i_n is collapsed...
Note 13707: Node calculate_n_276_i_n is collapsed...
Note 13707: Node calculate_n_452_i_n is collapsed...
Note 13707: Node calculate_n_405_i_n is collapsed...
Note 13707: Node calculate_n_239_n is collapsed...
Note 13707: Node calculate_n_270_i_n is collapsed...
Note 13707: Node calculate_n_688_i_n is collapsed...
Note 13707: Node calculate_un81_i_n is collapsed...
Note 13707: Node calculate_n_273_i_n is collapsed...
Note 13707: Node calculate_n_246_n is collapsed...
Note 13707: Node calculate_n_272_i_n is collapsed...
Note 13707: Node calculate_n_254_n is collapsed...
Note 13707: Node calculate_n_314_i_n is collapsed...
Note 13707: Node calculate_n_103_i_n is collapsed...
Note 13707: Node calculate_n_106_i_n is collapsed...
Note 13707: Node calculate_n_245_n is collapsed...
Note 13707: Node calculate_n_711_i_n is collapsed...
Note 13707: Node calculate_n_88_i_n is collapsed...
Note 13707: Node calculate_n_90_i_n is collapsed...
Note 13707: Node calculate_n_113_i_n is collapsed...
Note 13707: Node calculate_n_108_i_n is collapsed...
Note 13707: Node calculate_un1_flag_cal_4_n is collapsed...
Note 13707: Node calculate_n_107_i_n is collapsed...
Note 13707: Node calculate_n_135_i_n is collapsed...
Note 13707: Node calculate_n_132_i_n is collapsed...
Note 13707: Node calculate_n_951_n is collapsed...
Note 13707: Node calculate_n_134_i_n is collapsed...
Note 13707: Node dynamicshow_n_42_i_n is collapsed...
Note 13707: Node calculate_n_129_i_n is collapsed...
Note 13707: Node calculate_n_127_i_n is collapsed...
Note 13707: Node calculate_n_115_i_n is collapsed...
Note 13707: Node dynamicshow_n_50_i_n is collapsed...
Note 13707: Node calculate_n_1000_n is collapsed...
Note 13707: Node calculate_n_114_i_n is collapsed...
Note 13707: Node calculate_n_146_i_n is collapsed...
Note 13707: Node calculate_n_145_i_n is collapsed...
Note 13707: Node ledvcc_i_0__n is collapsed...
Note 13707: Node calculate_n_144_i_n is collapsed...
Note 13707: Node calculate_n_150_i_n is collapsed...
Note 13707: Node data1_i_2__n is collapsed...
Note 13707: Node ledvcc_i_3__n is collapsed...
Note 13707: Node calculate_led_int_data2278_i_n is collapsed...
Note 13707: Node calculate_n_1012_n is collapsed...
Note 13707: Node calculate_n_1018_i_n is collapsed...
Note 13707: Node calculate_int_data420_i_n is collapsed...
Note 13707: Node calculate_n_165_i_n is collapsed...
Note 13707: Node calculate_n_429_n is collapsed...
Note 13707: Node data1_i_0__n is collapsed...
Note 13707: Node calculate_int_data421_i_n is collapsed...
Note 13707: Node calculate_n_161_i_n is collapsed...
Note 13707: Node calculate_n_162_i_n is collapsed...
Note 13707: Node button0_out2_i_n is collapsed...
Note 13707: Node calculate_int_data422_i_n is collapsed...
Note 13707: Node calculate_n_1017_i_n is collapsed...
Note 13707: Node calculate_n_256_n is collapsed...
Note 13707: Node button0_out1_i_n is collapsed...
Note 13707: Node calculate_int_data324_i_n is collapsed...
Note 13707: Node calculate_n_160_i_n is collapsed...
Note 13707: Node calculate_n_445_n is collapsed...
Note 13707: Node calculate_n_1022_i_n is collapsed...
Note 13707: Node calculate_n_151_i_n is collapsed...
Note 13707: Node calculate_n_26_n is collapsed...
Note 13707: Node calculate_n_74_i_n is collapsed...
Note 13707: Node button0_out3_i_n is collapsed...
Note 13707: Node button1_out2_i_n is collapsed...
Note 13707: Node calculate_n_720_n is collapsed...
Note 13707: Node button1_out1_i_n is collapsed...
Note 13707: Node button1_out3_i_n is collapsed...
Note 13707: Node calculate_n_78_i_i_n is collapsed...
Note 13707: Node calculate_n_459_n is collapsed...
Note 13707: Node calculate_n_722_n is collapsed...
Note 13707: Node calculate_n_311_i_n is collapsed...
Note 13707: Node button2_out2_i_n is collapsed...
Note 13707: Node calculate_n_727_n is collapsed...
Note 13707: Node button2_out1_i_n is collapsed...
Note 13707: Node calculate_n_300_i_n is collapsed...
Note 13707: Node button2_out3_i_n is collapsed...
Note 13707: Node calculate_n_729_n is collapsed...
Note 13707: Node calculate_n_724_n is collapsed...
Note 13707: Node button3_out2_i_n is collapsed...
Note 13707: Node calculate_flag_cal_i_1__n is collapsed...
Note 13707: Node button3_out1_i_n is collapsed...
Note 13707: Node calculate_n_236_n is collapsed...
Note 13707: Node calculate_n_302_i_n is collapsed...
Note 13707: Node calculate_n_29_0_i_n is collapsed...
Note 13707: Node button3_out3_i_n is collapsed...
Note 13707: Node calculate_n_249_n is collapsed...
Note 13707: Node calculate_int_data_cnst_1__n is collapsed...
Note 13707: Node calculate_n_306_i_n is collapsed...
Note 13707: Node calculate_int_data_cnst_2__n is collapsed...
Note 13707: Node calculate_n_262_i_n is collapsed...
Note 13707: Node calculate_n_39_1_i_n is collapsed...
Note 13707: Node calculate_n_86_6_i_n is collapsed...
Note 13707: Node calculate_n_65_n is collapsed...
Note 13707: Node calculate_n_13_n is collapsed...
Note 13707: Node calculate_n_261_i_n is collapsed...
Note 13707: Node calculate_led_int_data2278_5_i_n is collapsed...
Note 13707: Node calculate_n_77_n is collapsed...
Note 13707: Node calculate_n_730_i_n is collapsed...
Note 13707: Node calculate_n_19_n is collapsed...
Note 13707: Node calculate_n_719_i_n is collapsed...
Note 13707: Node calculate_n_20_n is collapsed...
Note 13707: Node calculate_n_21_n is collapsed...
Note 13707: Node calculate_un1_flag_cal_1_i_n is collapsed...
Note 13707: Node calculate_n_728_i_n is collapsed...
Note 13707: Node calculate_n_721_i_n is collapsed...
Note 13707: Node calculate_n_69_n is collapsed...
Note 13707: Node calculate_n_723_i_n is collapsed...
Note 13707: Node calculate_n_726_i_n is collapsed...
Note 13707: Node calculate_n_44_i_n is collapsed...
Note 13707: Node calculate_n_45_i_n is collapsed...
Note 13707: Node calculate_n_42_i_n is collapsed...
Note 13707: Node calculate_n_1008_n is collapsed...
Note 13707: Node calculate_n_46_i_0_n is collapsed...
Note 13707: Node calculate_n_47_i_n is collapsed...
Note 13707: Node calculate_n_40_i_n is collapsed...
Note 13707: Node calculate_n_48_i_n is collapsed...
Note 13707: Node calculate_un1_flag_cal_5_n is collapsed...
Note 13707: Node calculate_n_58_n is collapsed...
Note 13707: Node calculate_n_41_i_0_n is collapsed...
Note 13707: Node calculate_un1_flag_cal_2_i_n is collapsed...
Note 13707: Node calculate_n_24_n is collapsed...
Note 13707: Node calculate_n_277_i_n is collapsed...
Note 13707: Node calculate_n_38_i_n is collapsed...
Note 13707: Node calculate_n_282_i_n is collapsed...
Note 13707: Node calculate_n_446_i_n is collapsed...
Note 13707: Node calculate_n_458_i_n is collapsed...
Note 13707: Node calculate_n_39_i_n is collapsed...
Note 13707: Node calculate_n_23_n is collapsed...
Note 13707: Node calculate_un1_int_data1_1_i_2__n is collapsed...
Note 13707: Node calculate_int_data_cnst_3__n is collapsed...
Note 13707: Node calculate_un1_int_data0_1_i_1__n is collapsed...
Note 13707: Node calculate_n_63_n is collapsed...
Note 13707: Node calculate_un1_int_data1_1_i_1__n is collapsed...
Note 13707: Node calculate_n_1009_n is collapsed...
Note 13707: Node calculate_n_1023_i_n is collapsed...
Note 13707: Node calculate_int_data_cnst_5__n is collapsed...
Note 13707: Node calculate_un1_int_data1_1_i_0__n is collapsed...
Note 13707: Node button4_out3_i_n is collapsed...
Note 13707: Node button4_out1_i_n is collapsed...
Note 13707: Node button4_out2_i_n is collapsed...
Note 13707: Node calculate_n_51_i_n is collapsed...
Note 13707: Node dynamicshow_n_39_i_n is collapsed...
Note 13707: Node dynamicshow_n_49_i_n is collapsed...
Note 13707: Node calculate_scanvalue_i_1__n is collapsed...
Note 13707: Node calculate_n_82_i_n is collapsed...
Note 13707: Node calculate_combvalue_i_4__n is collapsed...
Note 13707: Node calculate_combvalue_i_5__n is collapsed...
Note 13707: Node calculate_combvalue_i_3__n is collapsed...
Note 13707: Node calculate_combvalue_i_0__n is collapsed...
Note 13707: Node calculate_un87_1_n is collapsed...
Note 13707: Node calculate_led_int_data125_i_n is collapsed...
Note 13707: Node calculate_led_int_data124_i_n is collapsed...
Note 13707: Node calculate_led_int_data127_i_n is collapsed...
Note 13707: Node calculate_n_227_n is collapsed...
Note 13707: Node data1_i_3__n is collapsed...
Note 13707: Node calculate_n_230_n is collapsed...
Note 13707: Node calculate_n_120_2_i_n is collapsed...
Note 13707: Node dynamicshow_out_i_3__n is collapsed...
Note 13707: Node calculate_n_229_n is collapsed...
Note 13707: Node calculate_n_112_i_n is collapsed...
Note 13707: Node calculate_n_116_i_n is collapsed...
Note 13707: Node calculate_n_171_i_n is collapsed...
Note 13707: Node calculate_int_data1_12_0__n is collapsed...
Note 13707: Node calculate_int_data1_12_1__n is collapsed...
Note 13707: Node calculate_un1_int_data0_n is collapsed...
Note 13707: Node calculate_n_1010_n is collapsed...
Note 13707: Node calculate_n_457_n is collapsed...
Note 13707: Node calculate_n_79_i_i_n is collapsed...
Note 13707: Node calculate_flag_cal_i_0__n is collapsed...
Note 13707: Node calculate_n_479_n is collapsed...
Note 13707: Node calculate_n_1003_n is collapsed...
Note 13707: Node calculate_n_31_n is collapsed...
Note 13707: Node calculate_n_1006_n is collapsed...
Note 13707: Node calculate_n_15_n is collapsed...
Note 13707: Node calculate_n_17_n is collapsed...
Note 13707: Node calculate_n_301_i_n is collapsed...
Note 13707: Node calculate_n_1004_n is collapsed...
Note 13707: Node calculate_int_data_18_3__un0_n is collapsed...
Note 13707: Node calculate_n_447_0_n is collapsed...
Note 13707: Node calculate_n_90_n is collapsed...
Note 13707: Node calculate_n_1000_0_n is collapsed...
Note 13707: Node calculate_n_207_i_5_n is collapsed...
Note 13707: Node calculate_n_106_1_n is collapsed...
Note 13707: Node calculate_n_387_n is collapsed...
Note 13707: Node calculate_n_107_n is collapsed...
Note 13707: Node calculate_n_207_i_4_n is collapsed...
Note 13707: Node calculate_G_335 is collapsed...
Note 13707: Node calculate_n_272_n is collapsed...
Note 13707: Node calculate_n_52_n is collapsed...
Note 13707: Node calculate_n_207_i_3_n is collapsed...
Note 13707: Node calculate_n_449_0_n is collapsed...
Note 13707: Node calculate_n_77_0_n is collapsed...
Note 13707: Node calculate_int_data386_5_n is collapsed...
Note 13707: Node calculate_n_207_i_2_n is collapsed...
Note 13707: Node calculate_n_106_2_n is collapsed...
Note 13707: Node calculate_n_284_n is collapsed...
Note 13707: Node calculate_n_135_n is collapsed...
Note 13707: Node calculate_int_data_18_3__un1_n is collapsed...
Note 13707: Node calculate_n_459_0_n is collapsed...
Note 13707: Node calculate_n_273_n is collapsed...
Note 13707: Node calculate_int_data_18_5__un1_n is collapsed...
Note 13707: Node calculate_n_31_0_1_n is collapsed...
Note 13707: Node show_c_0_0__n is collapsed...
Note 13707: Node calculate_n_314_n is collapsed...
Note 13707: Node calculate_int_data_18_5__un0_n is collapsed...
Note 13707: Node calculate_un1_pointtime_0_sqmuxa_1_0_2_n is collapsed...
Note 13707: Node calculate_n_50_1_n is collapsed...
Note 13707: Node show_c_0_1__n is collapsed...
Note 13707: Node calculate_led_int_data2_100_sqmuxa_n is collapsed...
Note 13707: Node calculate_un1_pointtime_0_sqmuxa_1_0_1_n is collapsed...
Note 13707: Node calculate_n_134_n is collapsed...
Note 13707: Node calculate_int_data_18_6__un1_n is collapsed...
Note 13707: Node calculate_n_663_n is collapsed...
Note 13707: Node calculate_n_69_0_1_n is collapsed...
Note 13707: Node calculate_int_data_18_6__un0_n is collapsed...
Note 13707: Node calculate_n_450_2_n is collapsed...
Note 13707: Node calculate_n_50_2_n is collapsed...
Note 13707: Node calculate_n_1008_0_1_n is collapsed...
Note 13707: Node calculate_n_450_1_n is collapsed...
Note 13707: Node calculate_n_145_n is collapsed...
Note 13707: Node show_c_0_5__n is collapsed...
Note 13707: Node calculate_n_103_3_n is collapsed...
Note 13707: Node calculate_n_127_n is collapsed...
Note 13707: Node calculate_flag_data_ns_i_a2_0_m2_0__un1_n is collapsed...
Note 13707: Node calculate_n_307_1_n is collapsed...
Note 13707: Node calculate_n_103_2_n is collapsed...
Note 13707: Node calculate_int_data_18_0_4__n is collapsed...
Note 13707: Node calculate_n_161_n is collapsed...
Note 13707: Node calculate_G_337 is collapsed...
Note 13707: Node calculate_n_103_1_n is collapsed...
Note 13707: Node calculate_n_129_n is collapsed...
Note 13707: Node calculate_n_74_n is collapsed...
Note 13707: Node calculate_un98_3__n is collapsed...
Note 13707: Node calculate_n_262_1_n is collapsed...
Note 13707: Node calculate_n_356_n is collapsed...
Note 13707: Node dynamicshow_n_65_0_n is collapsed...
Note 13707: Node calculate_flag_data_ns_i_a2_0_m2_0__un0_n is collapsed...
Note 13707: Node calculate_n_44_3_n is collapsed...
Note 13707: Node data1_1__n is collapsed...
Note 13707: Node calculate_n_114_n is collapsed...
Note 13707: Node calculate_led_2_0_i_x2_0_ is collapsed...
Note 13707: Node calculate_n_44_2_n is collapsed...
Note 13707: Node calculate_un85_0_n is collapsed...
Note 13707: Node calculate_n_1018_n is collapsed...
Note 13707: Node calculate_led_2_0_i_x2_1_ is collapsed...
Note 13707: Node calculate_n_44_1_n is collapsed...
Note 13707: Node calculate_n_389_1_n is collapsed...
Note 13707: Node calculate_un1_pointtime_0_sqmuxa_0_694_i_0_m2_un1_n is collapsed...
Note 13707: Node calculate_n_451_1_n is collapsed...
Note 13707: Node calculate_int_data386_5_2_n is collapsed...
Note 13707: Node calculate_un1_pointtime_0_sqmuxa_0_694_i_0_m2_un0_n is collapsed...
Note 13707: Node calculate_n_165_n is collapsed...
Note 13707: Node calculate_n_453_0_2_n is collapsed...
Note 13707: Node calculate_int_data386_5_1_n is collapsed...
Note 13707: Node calculate_n_26_0_n is collapsed...
Note 13707: Node calculate_n_151_n is collapsed...
Note 13707: Node calculate_n_566_0_n is collapsed...
Note 13707: Node calculate_n_277_1_n is collapsed...
Note 13707: Node calculate_n_720_0_n is collapsed...
Note 13707: Node calculate_n_146_n is collapsed...
Note 13707: Node calculate_n_35_n is collapsed...
Note 13707: Node keyinbutton_i_1_3__n is collapsed...
Note 13707: Node calculate_n_722_0_n is collapsed...
Note 13707: Node calculate_n_428_n is collapsed...
Note 13707: Node calculate_n_1031_n is collapsed...
Note 13707: Node calculate_n_116_3_n is collapsed...
Note 13707: Node calculate_n_727_0_n is collapsed...
Note 13707: Node calculate_n_132_n is collapsed...
Note 13707: Node calculate_n_1030_n is collapsed...
Note 13707: Node calculate_n_116_2_n is collapsed...
Note 13707: Node calculate_n_115_n is collapsed...
Note 13707: Node calculate_n_113_n is collapsed...
Note 13707: Node calculate_n_1029_n is collapsed...
Note 13707: Node calculate_n_116_1_n is collapsed...
Note 13707: Node calculate_n_355_n is collapsed...
Note 13707: Node calculate_int_data0_12_0_0_m2_2__un1_n is collapsed...
Note 13707: Node calculate_n_1028_n is collapsed...
Note 13707: Node calculate_n_42_1_n is collapsed...
Note 13707: Node calculate_n_729_0_n is collapsed...
Note 13707: Node calculate_n_951_0_n is collapsed...
Note 13707: Node calculate_n_1026_n is collapsed...
Note 13707: Node calculate_n_39_1_0_n is collapsed...
Note 13707: Node data0_3__n is collapsed...
Note 13707: Node calculate_n_108_n is collapsed...
Note 13707: Node calculate_n_1025_n is collapsed...
Note 13707: Node calculate_n_38_2_n is collapsed...
Note 13707: Node calculate_n_144_n is collapsed...
Note 13707: Node calculate_n_453_0_1_n is collapsed...
Note 13707: Node calculate_int_data0_12_0_0_m2_2__un0_n is collapsed...
Note 13707: Node calculate_n_457_0_1_n is collapsed...
Note 13707: Node calculate_led_int_data123_n is collapsed...
Note 13707: Node calculate_int_Data_cnst_0_0_x2_0_2_ is collapsed...
Note 13707: Node calculate_int_data_cnst_0_2_5__n is collapsed...
Note 13707: Node calculate_n_288_1_n is collapsed...
Note 13707: Node calculate_n_150_n is collapsed...
Note 13707: Node calculate_int_data_18_2__un1_n is collapsed...
Note 13707: Node dynamicshow_n_38_n is collapsed...
Note 13707: Node calculate_led_int_data2_100_sqmuxa_4_n is collapsed...
Note 13707: Node calculate_un1_flag_cal_5_0_n is collapsed...
Note 13707: Node calculate_n_421_0_n is collapsed...
Note 13707: Node calculate_n_275_n is collapsed...
Note 13707: Node calculate_led_int_data2_100_sqmuxa_3_n is collapsed...
Note 13707: Node calculate_int_data_cnst_0_1__n is collapsed...
Note 13707: Node calculate_int_data_18_2__un0_n is collapsed...
Note 13707: Node calculate_n_145_2_n is collapsed...
Note 13707: Node dynamicshow_n_33_0_n is collapsed...
Note 13707: Node calculate_n_283_1_n is collapsed...
Note 13707: Node calculate_n_420_n is collapsed...
Note 13707: Node calculate_n_239_0_n is collapsed...
Note 13707: Node calculate_led_int_data2_100_sqmuxa_1_n is collapsed...
Note 13707: Node calculate_n_274_1_n is collapsed...
Note 13707: Node calculate_n_274_2_n is collapsed...
Note 13707: Node calculate_int_data_18_0_m2_0__un1_n is collapsed...
Note 13707: Node calculate_int_data420_3_n is collapsed...
Note 13707: Node calculate_n_744_0_n is collapsed...
Note 13707: Node calculate_n_306_n is collapsed...
Note 13707: Node calculate_n_479_0_1_n is collapsed...
Note 13707: Node calculate_int_data420_2_n is collapsed...
Note 13707: Node calculate_int_data_18_0_m2_0__un0_n is collapsed...
Note 13707: Node calculate_n_261_n is collapsed...
Note 13707: Node calculate_int_data420_1_n is collapsed...
Note 13707: Node calculate_int_Data_cnst_0_0_x2_2_ is collapsed...
Note 13707: Node dynamicshow_n_45_n is collapsed...
Note 13707: Node calculate_int_data_18_0_0__n is collapsed...
Note 13707: Node calculate_int_data421_2_n is collapsed...
Note 13707: Node calculate_n_236_0_n is collapsed...
Note 13707: Node calculate_n_161_1_n is collapsed...
Note 13707: Node calculate_int_data_18_0_m4_0__un1_n is collapsed...
Note 13707: Node calculate_int_data421_1_n is collapsed...
Note 13707: Node dynamicshow_n_43_n is collapsed...
Note 13707: Node calculate_n_245_i_n is collapsed...
Note 13707: Node calculate_time1oms_0_sqmuxa_n is collapsed...
Note 13707: Node calculate_int_data422_2_n is collapsed...
Note 13707: Node calculate_int_data_18_0_m4_0__un0_n is collapsed...
Note 13707: Node dynamicshow_n_47_n is collapsed...
Note 13707: Node calculate_int_data422_1_n is collapsed...
Note 13707: Node calculate_n_275_1_n is collapsed...
Note 13707: Node calculate_n_162_n is collapsed...
Note 13707: Node calculate_n_276_3_n is collapsed...
Note 13707: Node calculate_n_726_1_n is collapsed...
Note 13707: Node calculate_G_374_0_a3_2 is collapsed...
Note 13707: Node dynamicshow_n_44_n is collapsed...
Note 13707: Node calculate_n_276_2_n is collapsed...
Note 13707: Node calculate_n_1001_0_n is collapsed...
Note 13707: Node calculate_int_data_18_1__un1_n is collapsed...
Note 13707: Node dynamicshow_n_46_n is collapsed...
Note 13707: Node calculate_n_276_1_n is collapsed...
Note 13707: Node calculate_n_492_n is collapsed...
Note 13707: Node calculate_n_40_1_n is collapsed...
Note 13707: Node calculate_n_445_0_n is collapsed...
Note 13707: Node calculate_n_311_1_n is collapsed...
Note 13707: Node calculate_n_1017_n is collapsed...
Note 13707: Node calculate_G_374_0_a3_1 is collapsed...
Note 13707: Node calculate_n_478_n is collapsed...
Note 13707: Node calculate_n_286_1_n is collapsed...
Note 13707: Node calculate_un1_int_data_2_sqmuxa_0_n is collapsed...
Note 13707: Node calculate_n_46_1_n is collapsed...
Note 13707: Node calculate_n_477_n is collapsed...
Note 13707: Node calculate_n_453_n is collapsed...
Note 13707: Node calculate_n_268_1_n is collapsed...
Note 13707: Node calculate_n_723_n is collapsed...
Note 13707: Node calculate_n_476_n is collapsed...
Note 13707: Node calculate_n_269_2_n is collapsed...
Note 13707: Node calculate_flag_data_ns_i_a2_0_m2_1__un1_n is collapsed...
Note 13707: Node dynamicshow_n_40_n is collapsed...
Note 13707: Node calculate_n_48_1_n is collapsed...
Note 13707: Node calculate_n_269_1_n is collapsed...
Note 13707: Node calculate_flag_Data_ns_i_a2_0_x2_1_ is collapsed...
Note 13707: Node calculate_n_721_n is collapsed...
Note 13707: Node calculate_n_388_n is collapsed...
Note 13707: Node calculate_n_145_1_n is collapsed...
Note 13707: Node calculate_n_254_0_n is collapsed...
Note 13707: Node calculate_n_49_1_n is collapsed...
Note 13707: Node calculate_n_456_n is collapsed...
Note 13707: Node calculate_n_271_1_n is collapsed...
Note 13707: Node calculate_n_153_n is collapsed...
Note 13707: Node calculate_n_719_n is collapsed...
Note 13707: Node calculate_n_455_n is collapsed...
Note 13707: Node resetButton_i_1 is collapsed...
Note 13707: Node calculate_flag_data_ns_i_a2_0_m2_1__un0_n is collapsed...
Note 13707: Node calculate_G_379_i is collapsed...
Note 13707: Node calculate_n_160_n is collapsed...
Note 13707: Node calculate_led_int_data125_2_n is collapsed...
Note 13707: Node calculate_n_1012_0_n is collapsed...
Note 13707: Node calculate_n_452_n is collapsed...
Note 13707: Node calculate_led_int_data125_1_n is collapsed...
Note 13707: Node calculate_G_363_0_a3_2 is collapsed...
Note 13707: Node dynamicshow_n_48_n is collapsed...
Note 13707: Node dynamicshow_mux_dataout_3_2__un1_n is collapsed...
Note 13707: Node data1_1_2__n is collapsed...
Note 13707: Node dynamicshow_mux_dataout_3_2__un0_n is collapsed...
Note 13707: Node calculate_n_51_1_n is collapsed...
Note 13707: Node dynamicshow_mux_dataout_3_0__un1_n is collapsed...
Note 13707: Node calculate_n_590_2_n is collapsed...
Note 13707: Node calculate_n_154_n is collapsed...
Note 13707: Node dynamicshow_n_76_n is collapsed...
Note 13707: Node calculate_n_21_0_n is collapsed...
Note 13707: Node calculate_n_590_1_n is collapsed...
Note 13707: Node calculate_n_775_0_n is collapsed...
Note 13707: Node calculate_un1_flag_cal_2_n is collapsed...
Note 13707: Node calculate_n_448_n is collapsed...
Note 13707: Node dynamicshow_n_43_1_n is collapsed...
Note 13707: Node dynamicshow_mux_dataout_3_0__un0_n is collapsed...
Note 13707: Node calculate_n_282_n is collapsed...
Note 13707: Node calculate_G_391 is collapsed...
Note 13707: Node dynamicshow_n_45_1_n is collapsed...
Note 13707: Node dynamicshow_n_74_n is collapsed...
Note 13707: Node calculate_G_360_0_a3_2 is collapsed...
Note 13707: Node calculate_G_393 is collapsed...
Note 13707: Node calculate_G_360_0_a3_1 is collapsed...
Note 13707: Node calculate_int_data_18_0_1_0__n is collapsed...
Note 13707: Node calculate_n_155_n is collapsed...
Note 13707: Node calculate_n_20_0_n is collapsed...
Note 13707: Node data1_2_1__n is collapsed...
Note 13707: Node dynamicshow_mux_dataout_1_2__un1_n is collapsed...
Note 13707: Node calculate_n_516_n is collapsed...
Note 13707: Node calculate_int_data_cnst_0_4_2__n is collapsed...
Note 13707: Node dynamicshow_mux_dataout_1_2__un0_n is collapsed...
Note 13707: Node calculate_G_401 is collapsed...
Note 13707: Node calculate_un98_2_3__n is collapsed...
Note 13707: Node calculate_n_19_0_n is collapsed...
Note 13707: Node calculate_G_355_0_a3_2 is collapsed...
Note 13707: Node calculate_un98_1_3__n is collapsed...
Note 13707: Node calculate_G_403 is collapsed...
Note 13707: Node calculate_n_480_n is collapsed...
Note 13707: Node calculate_n_663_1_n is collapsed...
Note 13707: Node dynamicshow_n_42_n is collapsed...
Note 13707: Node calculate_un1_int_Data0_1_i_3_ is collapsed...
Note 13707: Node calculate_n_405_1_n is collapsed...
Note 13707: Node dynamicshow_mux_dataout_1_0__un1_n is collapsed...
Note 13707: Node calculate_un1_int_Data1_1_i_3_ is collapsed...
Note 13707: Node calculate_G_407 is collapsed...
Note 13707: Node calculate_time1oms3_11_n is collapsed...
Note 13707: Node data0_0__n is collapsed...
Note 13707: Node calculate_n_458_n is collapsed...
Note 13707: Node calculate_G_355_0_a3_1 is collapsed...
Note 13707: Node calculate_time1oms3_10_n is collapsed...
Note 13707: Node calculate_G_411 is collapsed...
Note 13707: Node calculate_n_1026_1_n is collapsed...
Note 13707: Node calculate_n_612_0_n is collapsed...
Note 13707: Node calculate_time1oms3_9_0_n is collapsed...
Note 13707: Node ledvcc_c_1__n is collapsed...
Note 13707: Node calculate_n_1030_1_n is collapsed...
Note 13707: Node dynamicshow_mux_dataout_3_1__un1_n is collapsed...
Note 13707: Node calculate_time1oms3_8_n is collapsed...
Note 13707: Node calculate_n_639_0_n is collapsed...
Note 13707: Node calculate_n_688_n is collapsed...
Note 13707: Node ledvcc_c_2__n is collapsed...
Note 13707: Node calculate_time1oms3_7_n is collapsed...
Note 13707: Node calculate_n_152_n is collapsed...
Note 13707: Node calculate_G_340_1 is collapsed...
Note 13707: Node calculate_n_339_n is collapsed...
Note 13707: Node calculate_time1oms3_6_n is collapsed...
Note 13707: Node calculate_n_58_0_n is collapsed...
Note 13707: Node calculate_n_711_n is collapsed...
Note 13707: Node dynamicshow_mux_dataout_1_3__un1_n is collapsed...
Note 13707: Node calculate_time1oms3_5_n is collapsed...
Note 13707: Node calculate_n_63_0_n is collapsed...
Note 13707: Node calculate_G_337_1 is collapsed...
Note 13707: Node dynamicshow_mux_dataout_1_1__un1_n is collapsed...
Note 13707: Node calculate_time1oms3_4_n is collapsed...
Note 13707: Node calculate_n_65_0_n is collapsed...
Note 13707: Node calculate_int_data422_5_1_n is collapsed...
Note 13707: Node dynamicshow_mux_dataout_1_1__un0_n is collapsed...
Note 13707: Node calculate_time1oms3_3_n is collapsed...
Note 13707: Node data1_0__n is collapsed...
Note 13707: Node calculate_n_687_0_n is collapsed...
Note 13707: Node calculate_time1oms3_2_n is collapsed...
Note 13707: Node calculate_n_998_0_n is collapsed...
Note 13707: Node calculate_int_data327_5_1_n is collapsed...
Note 13707: Node calculate_time1oms3_1_0_n is collapsed...
Note 13707: Node calculate_G_399 is collapsed...
Note 13707: Node calculate_un97_2__un1_n is collapsed...
Note 13707: Node calculate_time1oms3_9_1_n is collapsed...
Note 13707: Node calculate_un97_2__un0_n is collapsed...
Note 13707: Node calculate_G_397 is collapsed...
Note 13707: Node calculate_n_47_2_n is collapsed...
Note 13707: Node calculate_un1_int_data_2_sqmuxa_0_1_n is collapsed...
Note 13707: Node calculate_led_int_data1_2_0_0__n is collapsed...
Note 13707: Node calculate_n_47_1_n is collapsed...
Note 13707: Node calculate_G_417 is collapsed...
Note 13707: Node calculate_n_385_i_1_n is collapsed...
Note 13707: Node calculate_int_data_cnst_0_3_2__n is collapsed...
Note 13707: Node calculate_n_1031_2_n is collapsed...
Note 13707: Node calculate_n_115_1_n is collapsed...
Note 13707: Node calculate_G_415 is collapsed...
Note 13707: Node calculate_n_1001_0_1_n is collapsed...
Note 13707: Node calculate_n_85_n is collapsed...
Note 13707: Node calculate_n_41_n is collapsed...
Note 13707: Node calculate_n_17_0_1_n is collapsed...
Note 13707: Node calculate_G_413 is collapsed...
Note 13707: Node calculate_n_162_1_n is collapsed...
Note 13707: Node calculate_n_1034_1_n is collapsed...
Note 13707: Node dynamicshow_n_64_0_n is collapsed...
Note 13707: Node calculate_n_285_n is collapsed...
Note 13707: Node calculate_int_data_cnst_0_7_3__n is collapsed...
Note 13707: Node calculate_n_127_1_n is collapsed...
Note 13707: Node calculate_n_270_n is collapsed...
Note 13707: Node calculate_int_data_cnst_0_6_3__n is collapsed...
Note 13707: Node calculate_G_405 is collapsed...
Note 13707: Node calculate_G_409 is collapsed...
Note 13707: Node calculate_int_data_cnst_0_5_3__n is collapsed...
Note 13707: Node calculate_int_data_cnst_0_1_2__n is collapsed...
Note 13707: Node calculate_n_1017_1_n is collapsed...
Note 13707: Node calculate_n_155_1_n is collapsed...
Note 13707: Node calculate_n_129_1_n is collapsed...
Note 13707: Node calculate_n_566_0_1_n is collapsed...
Note 13707: Node show_c_0_1_1__n is collapsed...
Note 13707: Node show_c_i_1_6__n is collapsed...
Note 13707: Node calculate_int_data324_n is collapsed...
Note 13707: Node calculate_n_154_1_n is collapsed...
Note 13707: Node calculate_led_int_data1_2_0_2_0__n is collapsed...
Note 13707: Node calculate_n_134_1_n is collapsed...
Note 13707: Node calculate_n_951_0_1_n is collapsed...
Note 13707: Node calculate_n_951_0_2_n is collapsed...
Note 13707: Node calculate_n_150_1_n is collapsed...
Note 13707: Node keyinbutton_i_1_0__n is collapsed...
Note 13707: Node calculate_int_data_18_0_1_4__n is collapsed...
Note 13707: Node keyinbutton_i_1_1__n is collapsed...
Note 13707: Node calculate_n_302_n is collapsed...
Note 13707: Node calculate_int_data_18_0_3_4__n is collapsed...
Note 13707: Node keyinbutton_i_1_2__n is collapsed...
Note 13707: Node show_c_0_2__n is collapsed...
Note 13707: Node calculate_n_135_1_n is collapsed...
Note 13707: Node calculate_n_744_0_1_n is collapsed...
Note 13707: Node keyout_i_3__n is collapsed...
Note 13707: Node calculate_un86_n is collapsed...
Note 13707: Node calculate_scanvalue_i_0__n is collapsed...
Note 13707: Node dynamicshow_out_i_1__n is collapsed...
Note 13707: Node calculate_combvalue_i_1__n is collapsed...
Note 13707: Node calculate_combvalue_i_2__n is collapsed...
Note 13707: Node calculate_int_data_i_2__n is collapsed...
Note 13707: Node calculate_n_1024_i_n is collapsed...
Note 13707: Node calculate_int_data_i_5__n is collapsed...
Note 13707: Node dynamicshow_out_i_0__n is collapsed...
Note 13707: Node dynamicshow_sel_i_0__n is collapsed...
Note 13707: Node calculate_int_data_i_4__n is collapsed...
Note 13707: Node calculate_n_223_n is collapsed...
Note 13707: Node dynamicshow_out_i_2__n is collapsed...
Note 13707: Node calculate_led_int_data122_i_n is collapsed...
Note 13707: Node calculate_int_data1_i_1__n is collapsed...
Note 13707: Node calculate_flag_data_i_0__n is collapsed...
Note 13707: Node calculate_combvalue_i_7__n is collapsed...
Note 13707: Node calculate_un1_int_data1_1_sqmuxa_n is collapsed...
Note 13707: Node calculate_un1_int_data0_0_sqmuxa_n is collapsed...
Note 13707: Node calculate_int_data_i_3__n is collapsed...
Note 13707: Node calculate_int_data0_i_1__n is collapsed...
Note 13707: Node calculate_int_data_i_6__n is collapsed...
Note 13707: Node keyout_i_0__n is collapsed...
Note 13707: Node calculate_int_data1_i_0__n is collapsed...
Note 13707: Node calculate_int_data0_i_3__n is collapsed...
Note 13707: Node calculate_int_data1_i_3__n is collapsed...
Note 13707: Node calculate_led_int_data124_n is collapsed...
Note 13707: Node calculate_n_294_n is collapsed...
Note 13707: Node calculate_led_int_data127_n is collapsed...
Note 13707: Node calculate_n_559_n is collapsed...
Note 13707: Node calculate_n_86_6_n is collapsed...
Note 13707: Node calculate_led_int_data2270_5_n is collapsed...
Note 13707: Node calculate_n_36_n is collapsed...
Note 13707: Node calculate_n_166_n is collapsed...
Note 13707: Node calculate_n_112_n is collapsed...
Note 13707: Node calculate_n_566_2_i_n is collapsed...
Note 13707: Node calculate_n_309_n is collapsed...
Note 13707: Node dynamicshow_n_31_i_n is collapsed...
Note 13707: Node calculate_n_120_2_n is collapsed...
Note 13707: Node calculate_n_229_0_n is collapsed...
Note 13707: Node calculate_n_280_1_n is collapsed...
Note 13707: Node dynamicshow_n_49_n is collapsed...
Note 13707: Node dynamicshow_n_39_n is collapsed...
Note 13707: Node calculate_n_498_n is collapsed...
Note 13707: Node calculate_n_504_n is collapsed...
Note 13707: Node calculate_n_508_n is collapsed...
Note 13707: Node calculate_n_444_n is collapsed...
Note 13707: Node calculate_G_382_i is collapsed...
Note 13707: Node calculate_n_1004_i_n is collapsed...
Note 13707: Node calculate_n_1022_n is collapsed...
Note 13707: Node dynamicshow_n_50_n is collapsed...
Note 13707: Node calculate_int_data324_5_n is collapsed...
Note 13707: Node calculate_n_514_n is collapsed...
Note 13707: Node calculate_n_427_n is collapsed...
Note 13707: Node calculate_un1_int_Data0_1_i_0_x2_2_ is collapsed...
Note 13707: Node calculate_n_610_i_n is collapsed...
Note 13707: Node calculate_n_289_n is collapsed...
Note 13707: Node ledvcc_c_0__n is collapsed...
Note 13707: Node calculate_n_13_i_n is collapsed...
Note 13707: Node calculate_un1_int_Data1_1_i_2_ is collapsed...
Note 13707: Node calculate_un1_int_Data0_1_i_1_ is collapsed...
Note 13707: Node calculate_un1_int_Data1_1_i_1_ is collapsed...
Note 13707: Node ledvcc_c_3__n is collapsed...
Note 13707: Node calculate_scanvalue_d_2__n is collapsed...
Note 13707: Node calculate_n_161_2_n is collapsed...
Note 13707: Node calculate_scanvalue_161_d_n is collapsed...
Note 13707: Node calculate_int_data_cnst_6__n is collapsed...
Note 13707: Node calculate_flag_Data_ns_i_a2_0_x2_0_ is collapsed...
Note 13707: Node calculate_n_293_n is collapsed...
Note 13707: Node calculate_n_271_2_n is collapsed...
Note 13707: Node keyinbutton_3__n is collapsed...
Note 13707: Node calculate_un1_led_int_data2278_i_n is collapsed...
Note 13707: Node calculate_flag_data_i_1__n is collapsed...
Note 13707: Node calculate_int_data0_i_2__n is collapsed...
Note 13707: Node calculate_int_data1_i_2__n is collapsed...
Note 13707: Node calculate_int_data0_i_0__n is collapsed...
Note 13707: Node calculate_time1oms3_i_n is collapsed...
Note 13707: Node dynamicshow_sel_i_1__n is collapsed...
Note 13707: Node calculate_time1Oms_0 is collapsed...
Note 13707: Node show_c_0_1_2__n is collapsed...
Note 13707: Node calculate_n_311_n is collapsed...
Note 13707: Node calculate_n_51_n is collapsed...
Note 13707: Node dynamicshow_n_73_n is collapsed...
Note 13707: Node calculate_int_data1_12_0_1_0__n is collapsed...
Note 13707: Node calculate_n_1031_1_n is collapsed...
Note 13707: Node dynamicshow_n_75_n is collapsed...
Note 13707: Node calculate_n_1023_n is collapsed...
Note 13707: Node calculate_int_data_cnst_0_1_3__n is collapsed...
Note 13707: Node calculate_n_256_0_n is collapsed...
Note 13707: Node calculate_n_286_n is collapsed...
Note 13707: Node calculate_int_data_18_0_4_4__n is collapsed...
Note 13707: Node calculate_n_72_n is collapsed...
Note 13707: Node calculate_int_data_cnst_0_1_5__n is collapsed...
Note 13707: Node data0_1__n is collapsed...
Note 13707: Node calculate_int_data_cnst_0_2_2__n is collapsed...
Note 13707: Node calculate_n_249_0_n is collapsed...
Note 13707: Node calculate_n_69_0_n is collapsed...
Note 13707: Node dynamicshow_n_62_0_n is collapsed...
Note 13707: Node calculate_int_data_cnst_0_2_3__n is collapsed...
Note 13707: Node show_c_0_1_0__n is collapsed...
Note 13707: Node calculate_int_data_18_1__un0_n is collapsed...
Note 13707: Node calculate_n_270_1_n is collapsed...
Note 13707: Node calculate_n_28_n is collapsed...
Note 13707: Node calculate_n_39_n is collapsed...
Note 13707: Node calculate_n_45_n is collapsed...
Note 13707: Node data1_2__n is collapsed...
Note 13707: Node calculate_n_283_n is collapsed...
Note 13707: Node dynamicshow_n_38_1_n is collapsed...
Note 13707: Node show_c_0_1_5__n is collapsed...
Note 13707: Node dynamicshow_mux_dataout_1_3__un0_n is collapsed...
Note 13707: Node calculate_G_395 is collapsed...
Note 13707: Node data1_1_1__n is collapsed...
Note 13707: Node calculate_int_data_cnst_0_3_3__n is collapsed...
Note 13707: Node calculate_n_90_1_n is collapsed...
Note 13707: Node dynamicshow_mux_dataout_1_0__un0_n is collapsed...
Note 13707: Node calculate_n_144_1_n is collapsed...
Note 13707: Node calculate_n_46_n is collapsed...
Note 13707: Node dynamicshow_mux_dataout_3_3__un1_n is collapsed...
Note 13707: Node calculate_n_160_1_n is collapsed...
Note 13707: Node calculate_n_1028_1_n is collapsed...
Note 13707: Node calculate_n_389_n is collapsed...
Note 13707: Node calculate_G_363_0_a3 is collapsed...
Note 13707: Node calculate_n_38_n is collapsed...
Note 13707: Node calculate_n_40_n is collapsed...
Note 13707: Node keyinbutton_0__n is collapsed...
Note 13707: Node keyinbutton_1__n is collapsed...
Note 13707: Node calculate_n_315_n is collapsed...
Note 13707: Node calculate_n_1020_n is collapsed...
Note 13707: Node calculate_un1_flag_cal_1_n is collapsed...
Note 13707: Node calculate_n_170_n is collapsed...
Note 13707: Node dynamicshow_n_34_i_n is collapsed...
Note 13707: Node calculate_n_1011_i_n is collapsed...
Note 13707: Node calculate_n_171_n is collapsed...
Note 13707: Node calculate_time1oms3_1_n is collapsed...
Note 13707: Node calculate_un1_int_Data1_1_i_0_ is collapsed...
Note 13707: Node calculate_n_24_i_n is collapsed...
Note 13707: Node calculate_n_39_1_n is collapsed...
Note 13707: Node calculate_n_496_n is collapsed...
Note 13707: Node calculate_n_300_n is collapsed...
Note 13707: Node calculate_n_502_n is collapsed...
Note 13707: Node calculate_un1_int_Data0_1_i_0_x2_0_ is collapsed...
Note 13707: Node calculate_n_512_n is collapsed...
Note 13707: Node keyinbutton_2__n is collapsed...
Note 13707: Node calculate_led_int_data2278_n is collapsed...
Note 13707: Node calculate_n_23_i_n is collapsed...
Note 13707: Node keyout_i_2__n is collapsed...
Note 13707: Node resetButton is collapsed...
Note 13707: Node keyout_i_1__n is collapsed...
Note 13707: Node calculate_n_1009_i_n is collapsed...
Note 13707: Node calculate_n_227_i_n is collapsed...
Note 13707: Node calculate_n_230_i_n is collapsed...
Note 13707: Node calculate_n_87_3_n is collapsed...
Note 13707: Node calculate_n_640_n is collapsed...
Note 13707: Node calculate_un1_flag_cal_4_0_n is collapsed...
Note 13707: Node calculate_int_data1_12_2__n is collapsed...
Note 13707: Node calculate_n_1033_n is collapsed...
Note 13707: Node calculate_n_385_i_n is collapsed...
Note 13707: Node calculate_un98_2__n is collapsed...
Note 13707: Node calculate_n_301_n is collapsed...
Note 13707: Node calculate_n_292_n is collapsed...
Note 13707: Node calculate_n_89_4_n is collapsed...
Note 13707: Node clkl_c is collapsed...
Note 13707: Node clkh_c is collapsed...
Note 13707: Node calculate_n_744_2_i_n is collapsed...
Note 13707: Node calculate_n_1006_i_n is collapsed...
Note 13707: Node calculate_G_374_0_a3 is collapsed...
Note 13707: Node calculate_n_590_n is collapsed...
Note 13707: Node calculate_G_355_0_a3 is collapsed...
Note 13707: Node calculate_un86_i_1_n is collapsed...
Note 13707: Node calculate_int_data_cnst_0_1_1__n is collapsed...
Note 13707: Node calculate_n_1003_0_n is collapsed...
Note 13707: Node calculate_G_360_0_a3 is collapsed...
Note 13707: Node calculate_n_269_n is collapsed...
Note 13707: Node calculate_led_int_data1_2_0_1_0__n is collapsed...
Note 13707: Node calculate_int_Data_cnst_0_x2_1_ is collapsed...
Note 13707: Node calculate_n_726_n is collapsed...
Note 13707: Node show_c_0_4__n is collapsed...
Note 13707: Node calculate_n_246_0_n is collapsed...
Note 13707: Node calculate_n_50_n is collapsed...
Note 13707: Node show_c_0_3__n is collapsed...
Note 13707: Node calculate_n_223_i_n is collapsed...
Note 13707: Node calculate_un1_int_data0_i_n is collapsed...
Note 13707: Node dynamicshow_n_51_n is collapsed...
Note 13707: Node dynamicshow_n_44_i_n is collapsed...
Note 13707: Node calculate_led_int_data122_n is collapsed...
Note 13707: Node calculate_n_295_n is collapsed...
Note 13707: Node show_c_i_6__n is collapsed...
Note 13707: Node calculate_n_82_n is collapsed...
Note 13707: Node calculate_int_data1_12_0_0__n is collapsed...
Note 13707: Node calculate_int_data386_5_i_n is collapsed...
Note 13707: Node calculate_int_data327_5_n is collapsed...
Note 13707: Node calculate_n_17_0_n is collapsed...
Note 13707: Node calculate_int_data1_12_0_1__n is collapsed...
Note 13707: Node calculate_n_207_i_1_n is collapsed...
Note 13707: Node calculate_G_419 is collapsed...
Note 13707: Node calculate_n_208_i_2_n is collapsed...
Note 13707: Node calculate_int_data420_n is collapsed...
Note 13707: Node calculate_n_107_1_n is collapsed...
Note 13707: Node calculate_n_38_1_n is collapsed...
Note 13707: Node calculate_int_data422_n is collapsed...
Note 13707: Node calculate_int_data422_5_n is collapsed...
Note 13707: Node calculate_n_274_n is collapsed...
Note 13707: Node dynamicshow_mux_dataout_3_3__un0_n is collapsed...
Note 13707: Node calculate_n_49_n is collapsed...
Note 13707: Node calculate_n_262_n is collapsed...
Note 13707: Node calculate_n_290_n is collapsed...
Note 13707: Node calculate_led_int_data2278_5_n is collapsed...
Note 13707: Node calculate_n_310_n is collapsed...
Note 13707: Node calculate_n_1034_n is collapsed...
Note 13707: Node calculate_un87_1_0_n is collapsed...
Note 13707: Node calculate_n_506_n is collapsed...
Note 13707: Node calculate_n_1024_n is collapsed...
Note 13707: Node calculate_int_data1_12_0_1_1__n is collapsed...
Note 13707: Node calculate_n_1021_n is collapsed...
Note 13707: Node calculate_n_207_i_6_n is collapsed...
Note 13707: Node calculate_n_728_n is collapsed...
Note 13707: Node calculate_n_451_n is collapsed...
Note 13707: Node calculate_n_88_n is collapsed...
Note 13707: Node calculate_int_data_18_0_5_4__n is collapsed...
Note 13707: Node dynamicshow_mux_dataout_3_1__un0_n is collapsed...
Note 13707: Node calculate_n_106_n is collapsed...
Note 13707: Node calculate_n_114_1_n is collapsed...
Note 13707: Node calculate_n_307_n is collapsed...
Note 13707: Node calculate_n_167_n is collapsed...
Note 13707: Node calculate_n_288_n is collapsed...
Note 13707: Node calculate_led_int_data125_n is collapsed...
Note 13707: Node calculate_n_30_n is collapsed...
Note 13707: Node calculate_n_450_n is collapsed...
Note 13707: Node calculate_n_103_n is collapsed...
Note 13707: Node calculate_n_42_n is collapsed...
Note 13707: Node calculate_int_data421_n is collapsed...
Note 13707: Node calculate_led_int_data2_100_sqmuxa_2_n is collapsed...
Note 13707: Node dynamicshow_n_63_0_n is collapsed...
Note 13707: Node calculate_n_951_0_3_n is collapsed...
Note 13707: Node calculate_n_208_i_1_n is collapsed...
Note 13707: Node calculate_n_48_n is collapsed...
Note 13707: Node calculate_int_data_cnst_0_2__n is collapsed...
Note 13707: Node calculate_n_207_i_7_n is collapsed...
Note 13707: Node calculate_n_271_n is collapsed...
Note 13707: Node calculate_n_276_n is collapsed...
Note 13707: Node calculate_n_47_n is collapsed...
Note 13707: Node calculate_n_277_n is collapsed...
Note 13707: Node calculate_int_data_cnst_0_4_3__n is collapsed...
Note 13707: Node calculate_n_268_n is collapsed...
Note 13707: Node calculate_int_data_cnst_0_5__n is collapsed...
Note 13707: Node calculate_int_data_18_0_2_4__n is collapsed...
Note 13707: Node calculate_n_44_n is collapsed...
Note 13707: Node calculate_n_82_1_n is collapsed...
Note 13707: Fmax mode optimizing 3 critical paths, 6 levels ...
Note 13707: Fmax mode optimizing 3 critical paths, 6 levels ...
Note 13707: Fmax mode optimizing 3 critical paths, 6 levels ...
Note 13707: Fmax mode optimizing 3 critical paths, 6 levels ...
Note 13707: Fmax mode optimizing 3 critical paths, 6 levels ...
Note 13707: Fmax mode optimizing 7 critical paths, 5 levels ...
Note 13707: Fmax mode optimizing 5 critical paths, 5 levels ...
Note 13707: Fmax mode optimizing 1 critical paths, 5 levels ...
Note 13707: Fmax mode optimizing 1 critical paths, 5 levels ...
Note 13707: Fmax mode optimizing 1 critical paths, 5 levels ...
Note 13707: Fmax mode optimizing 1 critical paths, 5 levels ...
Note 13707: Fmax mode optimizing 1 critical paths, 5 levels ...
Note 13707: Fmax mode optimizing 1 critical paths, 5 levels ...
Note 13707: Fmax mode optimizing 1 critical paths, 5 levels ...
Note 13707: Fmax mode optimizing 25 critical paths, 4 levels ...
Note 13707: Node calculate_un1_int_data_2_sqmuxa_n is collapsed...
Note 13707: Fmax mode optimizing 16 critical paths, 4 levels ...
Note 13707: Fmax mode optimizing 16 critical paths, 4 levels ...
Note 13707: Fmax mode optimizing 1 critical paths, 4 levels ...
Note 13707: Fmax mode optimizing 34 critical paths, 3 levels ...
Note 13707: Node calculate_n_1001_n is collapsed...
Note 13707: Node calculate_un1_int_data1_1_sqmuxa_0_n is collapsed...
Note 13707: Node calculate_un1_int_data0_0_sqmuxa_0_n is collapsed...
Note 13707: Node calculate_un1_pointtime_0_sqmuxa_1_0_n is collapsed...
Note 13707: Fmax mode optimizing 9 critical paths, 3 levels ...
Note 13707: Node calculate_n_31_0_n is collapsed...
Note 13707: Fmax mode optimizing 7 critical paths, 3 levels ...
Note 13707: Fmax mode optimizing 7 critical paths, 3 levels ...
Note 13707: Fmax mode optimizing 7 critical paths, 3 levels ...
Note 13707: Fmax mode optimizing 6 critical paths, 3 levels ...
Note 13707: Node calculate_n_446_n is collapsed...
Note 13707: Fmax mode optimizing 6 critical paths, 3 levels ...
Note 13707: Fmax mode optimizing 5 critical paths, 3 levels ...
Note 13707: Fmax mode optimizing 5 critical paths, 3 levels ...
Note 13707: Node calculate_n_449_n is collapsed...
Note 13707: Fmax mode optimizing 5 critical paths, 3 levels ...
Note 13707: Fmax mode optimizing 2 critical paths, 3 levels ...
Note 13707: Fmax mode optimizing 2 critical paths, 3 levels ...
Note 13707: Fmax mode optimizing 1 critical paths, 3 levels ...
Note 13707: Fmax mode stopped. 1 critical paths, 3 levels
Note 13707: Node calculate_n_447_n is collapsed...
Control path optimization...
Performing 'bypin choose' optimization...
.................................Note    0: 
Estimated (clusters + macrocells): 171, Fmax Logic Level: 3
Note    0: Fmax mode did not meet constraint of 1 levels
Writing Open-ABEL 2 (BLIF) file lab8.bl3...
Note    0: 
BLIFOPT complete - Time 8 seconds
Done: completed successfully.

Starting: 'D:\ispLEVER_Classic2_1\ispcpld\bin\abelvci.exe -vci lab8.lct -dev lc4k -diofft lab8.d0'

Done: completed successfully.

Starting: 'D:\ispLEVER_Classic2_1\ispcpld\bin\mdiofft.exe lab8.bl3 -family AMDMACH -idev van -o lab8.bl4 -oxrf lab8.xrf -err automake.err @lab8.d0 -gui'

DIOFFT  Flip-Flop Transformation program
ispLEVER Classic 2.1 Copyright 1992-2020 Lattice Semiconductor. All Rights Reserved.
Input file: lab8.bl3.
Output file: lab8.bl4.
Cross reference file: lab8.xrf.

.......................................................................
.......................................................................
.......................................................................
.......................................................................
.......................................................................
.........................
Shortening signal names...
Writing signal name cross reference file lab8.xrf... 

DIOFFT complete - Time 0 seconds
Done: completed successfully.

Starting: 'D:\ispLEVER_Classic2_1\ispcpld\bin\abelvci.exe -vci lab8.lct -dev lc4k -prefit lab8.l0'

Done: completed successfully.

Starting: 'D:\ispLEVER_Classic2_1\ispcpld\bin\prefit.exe -blif -inp lab8.bl4 -out lab8.bl5 -err automake.err -log lab8.log -mod lab8 @lab8.l0 -gui -sc'

Prefit Logic Optimizer (May 31 2012)  Sat May 07 17:46:38 2016

D:\ispLEVER_Classic2_1\ispcpld\bin\prefit.exe -blif -inp lab8.bl4 -out lab8.bl5 -err automake.err -log lab8.log -mod lab8 @lab8.l0 -gui -sc 
<Note> F34000: pointTime.CE has too many product terms. An node will be applied.
<Note> F34000: calculate_led_int_Data2_0_.CE has too many product terms. An node will be applied.
<Note> F34000: calculate_led_int_Data2_1_.CE has too many product terms. An node will be applied.
<Note> F34000: calculate_led_int_Data2_2_.CE has too many product terms. An node will be applied.
<Note> F34000: calculate_int_Data_0_.CE has too many product terms. An node will be applied.
<Note> F34000: calculate_flag_Cal_0_.CE has too many product terms. An node will be applied.
<Note> F34000: calculate_flag_Cal_1_.CE has too many product terms. An node will be applied.
<Note> F34000: calculate_int_Data1_0_.CE has too many product terms. An node will be applied.
<Note> F34000: calculate_int_Data1_1_.CE has too many product terms. An node will be applied.
<Note> F34000: calculate_int_Data1_2_.CE has too many product terms. An node will be applied.
<Note> F34000: calculate_int_Data1_3_.CE has too many product terms. An node will be applied.
<Note> F34000: calculate_int_Data0_0_.CE has too many product terms. An node will be applied.
<Note> F34000: calculate_int_Data0_1_.CE has too many product terms. An node will be applied.
<Note> F34000: calculate_int_Data0_2_.CE has too many product terms. An node will be applied.
<Note> F34000: calculate_int_Data0_3_.CE has too many product terms. An node will be applied.
<Note> F34000: calculate_int_Data_1_.CE has too many product terms. An node will be applied.
<Note> F34000: calculate_int_Data_2_.CE has too many product terms. An node will be applied.
<Note> F34000: calculate_int_Data_3_.CE has too many product terms. An node will be applied.
<Note> F34000: calculate_int_Data_4_.CE has too many product terms. An node will be applied.
<Note> F34000: calculate_int_Data_5_.CE has too many product terms. An node will be applied.
<Note> F34000: calculate_int_Data_6_.CE has too many product terms. An node will be applied.
<Note> F34000: buried node pointTime_0 generated
<Note> F34000: buried node calculate_led_int_Data2_0__0 generated
<Note> F34000: buried node calculate_int_Data_0__0 generated
<Note> F34000: buried node calculate_flag_Cal_0__0 generated
<Note> F34000: buried node calculate_int_Data1_0__0 generated
<Note> F34000: buried node calculate_int_Data0_0__0 generated

Number of pins (IO)    :    28
Number of outputs (MC) :   130
Number of registers    :    76
Number of logic pterms :   557
D:\ispLEVER_Classic2_1\ispcpld\bin\prefit.exe complete - Time 0 seconds

Done: completed successfully.

Starting: 'D:\ispLEVER_Classic2_1\ispcpld\bin\lpf4k.exe @"lab8.rs2"'

Project 'lab8' was Fitted Successfully!

Done: completed successfully.

Starting: 'D:\ispLEVER_Classic2_1\ispcpld\bin\tda.exe -i lab8.bl5 -o lab8.tda -lci lab8.lct -dev m4s_256_64 -family lc4k -mod lab8 -ovec NoInput.tmv -err tda.err -gui'

TDA  - Timing Driven Analyze 
Ver. 1.0, supported by Lattice Semiconductor
ispLEVER Classic 2.1 Copyright 1992-2020 Lattice Semiconductor. All Rights Reserved.

TDA complete - Time 1 seconds
Done: completed successfully.

Starting: 'D:\ispLEVER_Classic2_1\ispcpld\bin\synsvf.exe -exe "D:\ispLEVER_Classic2_1\ispvmsystem/ispufw" -prj lab8 -if lab8.jed -j2s -log lab8.svl -gui'

Need not generate svf file according to the constraints, exit
Done: completed successfully.
