Running in Lattice mode


Starting:    D:\ispLEVER_Classic2_1\synpbase\win64\mbin\synbatch.exe
Install:     D:\ispLEVER_Classic2_1\synpbase
Date:        Sat May 07 17:46:22 2016
Version:     I-2014.03LC 

Arguments:   -product synplify_pro  -batch e:/grade-3_2/isp_project/lab8\lab8.prj
ProductType: synplify_pro





log file: "E:\grade-3_2\isp_project\lab8\lab8.srr"

Running lab8|lab8

Running: Compile on lab8|lab8

Running: Compile Process on lab8|lab8

Running: Compile Input on lab8|lab8
Copied E:\grade-3_2\isp_project\lab8\synwork\lab8_comp.srs to E:\grade-3_2\isp_project\lab8\lab8.srs
compiler Completed with warnings
Return Code: 1
Run Time:0h:00m:01s

Running: Multi-srs Generator on lab8|lab8
Copied E:\grade-3_2\isp_project\lab8\synwork\lab8_comp.srs to E:\grade-3_2\isp_project\lab8\synwork\lab8_s.srs
multi_srs_gen Completed
Return Code: 0
Run Time:0h:00m:00s
Copied E:\grade-3_2\isp_project\lab8\synwork\lab8_mult.srs to E:\grade-3_2\isp_project\lab8\lab8.srs
Copied E:\grade-3_2\isp_project\lab8\lab8.srr to E:\grade-3_2\isp_project\lab8\lab8.srf
Complete: Compile Process on lab8|lab8
Complete: Compile on lab8|lab8

Running: Map on lab8|lab8

Running: Map & Optimize on lab8|lab8
fpga_mapper Completed with warnings
Return Code: 1
Run Time:0h:00m:01s
Complete: Map on lab8|lab8
Copied E:\grade-3_2\isp_project\lab8\lab8.srr to E:\grade-3_2\isp_project\lab8\lab8.srf
Complete: Logic Synthesis on lab8|lab8

exit status=0

exit status=0

