This is XeTeX, Version 3.141592653-2.6-0.999994 (TeX Live 2022) (preloaded format=xelatex 2022.11.11)  2 JUL 2023 14:16
entering extended mode
 restricted \write18 enabled.
 %&-line parsing enabled.
**Presentation.tex
(./Presentation.tex
LaTeX2e <2022-11-01>
L3 programming layer <2022-11-02>
(e:/texlive/2022/texmf-dist/tex/latex/beamer/beamer.cls
Document Class: beamer 2022/09/13 v3.68 A class for typesetting presentations
(e:/texlive/2022/texmf-dist/tex/latex/beamer/beamerbasemodes.sty
(e:/texlive/2022/texmf-dist/tex/latex/etoolbox/etoolbox.sty
Package: etoolbox 2020/10/05 v2.5k e-TeX tools for LaTeX (JAW)
\etb@tempcnta=\count181
)
\beamer@tempbox=\box51
\beamer@tempcount=\count182
\c@beamerpauses=\count183

(e:/texlive/2022/texmf-dist/tex/latex/beamer/beamerbasedecode.sty
\beamer@slideinframe=\count184
\beamer@minimum=\count185
\beamer@decode@box=\box52
)
\beamer@commentbox=\box53
\beamer@modecount=\count186
)
(e:/texlive/2022/texmf-dist/tex/generic/iftex/iftex.sty
Package: iftex 2022/02/03 v1.0f TeX engine tests
)
\headdp=\dimen140
\footheight=\dimen141
\sidebarheight=\dimen142
\beamer@tempdim=\dimen143
\beamer@finalheight=\dimen144
\beamer@animht=\dimen145
\beamer@animdp=\dimen146
\beamer@animwd=\dimen147
\beamer@leftmargin=\dimen148
\beamer@rightmargin=\dimen149
\beamer@leftsidebar=\dimen150
\beamer@rightsidebar=\dimen151
\beamer@boxsize=\dimen152
\beamer@vboxoffset=\dimen153
\beamer@descdefault=\dimen154
\beamer@descriptionwidth=\dimen155
\beamer@lastskip=\skip47
\beamer@areabox=\box54
\beamer@animcurrent=\box55
\beamer@animshowbox=\box56
\beamer@sectionbox=\box57
\beamer@logobox=\box58
\beamer@linebox=\box59
\beamer@sectioncount=\count187
\beamer@subsubsectionmax=\count188
\beamer@subsectionmax=\count189
\beamer@sectionmax=\count190
\beamer@totalheads=\count191
\beamer@headcounter=\count192
\beamer@partstartpage=\count193
\beamer@sectionstartpage=\count194
\beamer@subsectionstartpage=\count195
\beamer@animationtempa=\count196
\beamer@animationtempb=\count197
\beamer@xpos=\count198
\beamer@ypos=\count199
\beamer@ypos@offset=\count266
\beamer@showpartnumber=\count267
\beamer@currentsubsection=\count268
\beamer@coveringdepth=\count269
\beamer@sectionadjust=\count270
\beamer@toclastsection=\count271
\beamer@tocsectionnumber=\count272

(e:/texlive/2022/texmf-dist/tex/latex/beamer/beamerbaseoptions.sty
(e:/texlive/2022/texmf-dist/tex/latex/graphics/keyval.sty
Package: keyval 2022/05/29 v1.15 key=value parser (DPC)
\KV@toks@=\toks16
))
\beamer@paperwidth=\skip48
\beamer@paperheight=\skip49

(e:/texlive/2022/texmf-dist/tex/latex/geometry/geometry.sty
Package: geometry 2020/01/02 v5.9 Page Geometry

(e:/texlive/2022/texmf-dist/tex/generic/iftex/ifvtex.sty
Package: ifvtex 2019/10/25 v1.7 ifvtex legacy package. Use iftex instead.
)
\Gm@cnth=\count273
\Gm@cntv=\count274
\c@Gm@tempcnt=\count275
\Gm@bindingoffset=\dimen156
\Gm@wd@mp=\dimen157
\Gm@odd@mp=\dimen158
\Gm@even@mp=\dimen159
\Gm@layoutwidth=\dimen160
\Gm@layoutheight=\dimen161
\Gm@layouthoffset=\dimen162
\Gm@layoutvoffset=\dimen163
\Gm@dimlist=\toks17
)
(e:/texlive/2022/texmf-dist/tex/latex/pgf/math/pgfmath.sty
(e:/texlive/2022/texmf-dist/tex/latex/pgf/utilities/pgfrcs.sty
(e:/texlive/2022/texmf-dist/tex/generic/pgf/utilities/pgfutil-common.tex
\pgfutil@everybye=\toks18
\pgfutil@tempdima=\dimen164
\pgfutil@tempdimb=\dimen165

(e:/texlive/2022/texmf-dist/tex/generic/pgf/utilities/pgfutil-common-lists.tex)
) (e:/texlive/2022/texmf-dist/tex/generic/pgf/utilities/pgfutil-latex.def
\pgfutil@abb=\box60
)
(e:/texlive/2022/texmf-dist/tex/generic/pgf/utilities/pgfrcs.code.tex
(e:/texlive/2022/texmf-dist/tex/generic/pgf/pgf.revision.tex)
Package: pgfrcs 2021/05/15 v3.1.9a (3.1.9a)
))
(e:/texlive/2022/texmf-dist/tex/latex/pgf/utilities/pgfkeys.sty
(e:/texlive/2022/texmf-dist/tex/generic/pgf/utilities/pgfkeys.code.tex
\pgfkeys@pathtoks=\toks19
\pgfkeys@temptoks=\toks20

(e:/texlive/2022/texmf-dist/tex/generic/pgf/utilities/pgfkeysfiltered.code.tex
\pgfkeys@tmptoks=\toks21
))) (e:/texlive/2022/texmf-dist/tex/generic/pgf/math/pgfmath.code.tex
(e:/texlive/2022/texmf-dist/tex/generic/pgf/math/pgfmathcalc.code.tex
(e:/texlive/2022/texmf-dist/tex/generic/pgf/math/pgfmathutil.code.tex
\pgf@x=\dimen166
\pgf@xa=\dimen167
\pgf@xb=\dimen168
\pgf@xc=\dimen169
\pgf@y=\dimen170
\pgf@ya=\dimen171
\pgf@yb=\dimen172
\pgf@yc=\dimen173
\c@pgf@counta=\count276
\c@pgf@countb=\count277
\c@pgf@countc=\count278
\c@pgf@countd=\count279
)
(e:/texlive/2022/texmf-dist/tex/generic/pgf/math/pgfmathparser.code.tex
\pgfmath@dimen=\dimen174
\pgfmath@count=\count280
\pgfmath@box=\box61
\pgfmath@toks=\toks22
\pgfmath@stack@operand=\toks23
\pgfmath@stack@operation=\toks24
)
(e:/texlive/2022/texmf-dist/tex/generic/pgf/math/pgfmathfunctions.code.tex
(e:/texlive/2022/texmf-dist/tex/generic/pgf/math/pgfmathfunctions.basic.code.te
x)
(e:/texlive/2022/texmf-dist/tex/generic/pgf/math/pgfmathfunctions.trigonometric
.code.tex)
(e:/texlive/2022/texmf-dist/tex/generic/pgf/math/pgfmathfunctions.random.code.t
ex)
(e:/texlive/2022/texmf-dist/tex/generic/pgf/math/pgfmathfunctions.comparison.co
de.tex)
(e:/texlive/2022/texmf-dist/tex/generic/pgf/math/pgfmathfunctions.base.code.tex
)
(e:/texlive/2022/texmf-dist/tex/generic/pgf/math/pgfmathfunctions.round.code.te
x)
(e:/texlive/2022/texmf-dist/tex/generic/pgf/math/pgfmathfunctions.misc.code.tex
)
(e:/texlive/2022/texmf-dist/tex/generic/pgf/math/pgfmathfunctions.integerarithm
etics.code.tex)))
(e:/texlive/2022/texmf-dist/tex/generic/pgf/math/pgfmathfloat.code.tex
\c@pgfmathroundto@lastzeros=\count281
)))
(e:/texlive/2022/texmf-dist/tex/latex/base/size11.clo
File: size11.clo 2022/07/02 v1.4n Standard LaTeX file (size option)
)
(e:/texlive/2022/texmf-dist/tex/latex/pgf/basiclayer/pgfcore.sty
(e:/texlive/2022/texmf-dist/tex/latex/graphics/graphicx.sty
Package: graphicx 2021/09/16 v1.2d Enhanced LaTeX Graphics (DPC,SPQR)

(e:/texlive/2022/texmf-dist/tex/latex/graphics/graphics.sty
Package: graphics 2022/03/10 v1.4e Standard LaTeX Graphics (DPC,SPQR)

(e:/texlive/2022/texmf-dist/tex/latex/graphics/trig.sty
Package: trig 2021/08/11 v1.11 sin cos tan (DPC)
)
(e:/texlive/2022/texmf-dist/tex/latex/graphics-cfg/graphics.cfg
File: graphics.cfg 2016/06/04 v1.11 sample graphics configuration
)
Package graphics Info: Driver file: xetex.def on input line 107.

(e:/texlive/2022/texmf-dist/tex/latex/graphics-def/xetex.def
File: xetex.def 2022/09/22 v5.0n Graphics/color driver for xetex
))
\Gin@req@height=\dimen175
\Gin@req@width=\dimen176
)
(e:/texlive/2022/texmf-dist/tex/latex/pgf/systemlayer/pgfsys.sty
(e:/texlive/2022/texmf-dist/tex/generic/pgf/systemlayer/pgfsys.code.tex
Package: pgfsys 2021/05/15 v3.1.9a (3.1.9a)

(e:/texlive/2022/texmf-dist/tex/generic/pgf/utilities/pgfkeys.code.tex)
\pgf@x=\dimen177
\pgf@y=\dimen178
\pgf@xa=\dimen179
\pgf@ya=\dimen180
\pgf@xb=\dimen181
\pgf@yb=\dimen182
\pgf@xc=\dimen183
\pgf@yc=\dimen184
\pgf@xd=\dimen185
\pgf@yd=\dimen186
\w@pgf@writea=\write3
\r@pgf@reada=\read2
\c@pgf@counta=\count282
\c@pgf@countb=\count283
\c@pgf@countc=\count284
\c@pgf@countd=\count285
\t@pgf@toka=\toks25
\t@pgf@tokb=\toks26
\t@pgf@tokc=\toks27
\pgf@sys@id@count=\count286

(e:/texlive/2022/texmf-dist/tex/generic/pgf/systemlayer/pgf.cfg
File: pgf.cfg 2021/05/15 v3.1.9a (3.1.9a)
)
Driver file for pgf: pgfsys-xetex.def

(e:/texlive/2022/texmf-dist/tex/generic/pgf/systemlayer/pgfsys-xetex.def
File: pgfsys-xetex.def 2021/05/15 v3.1.9a (3.1.9a)

(e:/texlive/2022/texmf-dist/tex/generic/pgf/systemlayer/pgfsys-dvipdfmx.def
File: pgfsys-dvipdfmx.def 2021/05/15 v3.1.9a (3.1.9a)

(e:/texlive/2022/texmf-dist/tex/generic/pgf/systemlayer/pgfsys-common-pdf.def
File: pgfsys-common-pdf.def 2021/05/15 v3.1.9a (3.1.9a)
)
\pgfsys@objnum=\count287
)))
(e:/texlive/2022/texmf-dist/tex/generic/pgf/systemlayer/pgfsyssoftpath.code.tex
File: pgfsyssoftpath.code.tex 2021/05/15 v3.1.9a (3.1.9a)
\pgfsyssoftpath@smallbuffer@items=\count288
\pgfsyssoftpath@bigbuffer@items=\count289
)
(e:/texlive/2022/texmf-dist/tex/generic/pgf/systemlayer/pgfsysprotocol.code.tex
File: pgfsysprotocol.code.tex 2021/05/15 v3.1.9a (3.1.9a)
)) (e:/texlive/2022/texmf-dist/tex/latex/xcolor/xcolor.sty
Package: xcolor 2022/06/12 v2.14 LaTeX color extensions (UK)

(e:/texlive/2022/texmf-dist/tex/latex/graphics-cfg/color.cfg
File: color.cfg 2016/01/02 v1.6 sample color configuration
)
Package xcolor Info: Driver file: xetex.def on input line 227.

(e:/texlive/2022/texmf-dist/tex/latex/graphics/mathcolor.ltx)
Package xcolor Info: Model `cmy' substituted by `cmy0' on input line 1353.
Package xcolor Info: Model `RGB' extended on input line 1369.
Package xcolor Info: Model `HTML' substituted by `rgb' on input line 1371.
Package xcolor Info: Model `Hsb' substituted by `hsb' on input line 1372.
Package xcolor Info: Model `tHsb' substituted by `hsb' on input line 1373.
Package xcolor Info: Model `HSB' substituted by `hsb' on input line 1374.
Package xcolor Info: Model `Gray' substituted by `gray' on input line 1375.
Package xcolor Info: Model `wave' substituted by `hsb' on input line 1376.
)
(e:/texlive/2022/texmf-dist/tex/generic/pgf/basiclayer/pgfcore.code.tex
Package: pgfcore 2021/05/15 v3.1.9a (3.1.9a)

(e:/texlive/2022/texmf-dist/tex/generic/pgf/math/pgfmath.code.tex)
(e:/texlive/2022/texmf-dist/tex/generic/pgf/math/pgfint.code.tex)
(e:/texlive/2022/texmf-dist/tex/generic/pgf/basiclayer/pgfcorepoints.code.tex
File: pgfcorepoints.code.tex 2021/05/15 v3.1.9a (3.1.9a)
\pgf@picminx=\dimen187
\pgf@picmaxx=\dimen188
\pgf@picminy=\dimen189
\pgf@picmaxy=\dimen190
\pgf@pathminx=\dimen191
\pgf@pathmaxx=\dimen192
\pgf@pathminy=\dimen193
\pgf@pathmaxy=\dimen194
\pgf@xx=\dimen195
\pgf@xy=\dimen196
\pgf@yx=\dimen197
\pgf@yy=\dimen198
\pgf@zx=\dimen199
\pgf@zy=\dimen256
)
(e:/texlive/2022/texmf-dist/tex/generic/pgf/basiclayer/pgfcorepathconstruct.cod
e.tex
File: pgfcorepathconstruct.code.tex 2021/05/15 v3.1.9a (3.1.9a)
\pgf@path@lastx=\dimen257
\pgf@path@lasty=\dimen258
)
(e:/texlive/2022/texmf-dist/tex/generic/pgf/basiclayer/pgfcorepathusage.code.te
x
File: pgfcorepathusage.code.tex 2021/05/15 v3.1.9a (3.1.9a)
\pgf@shorten@end@additional=\dimen259
\pgf@shorten@start@additional=\dimen260
)
(e:/texlive/2022/texmf-dist/tex/generic/pgf/basiclayer/pgfcorescopes.code.tex
File: pgfcorescopes.code.tex 2021/05/15 v3.1.9a (3.1.9a)
\pgfpic=\box62
\pgf@hbox=\box63
\pgf@layerbox@main=\box64
\pgf@picture@serial@count=\count290
)
(e:/texlive/2022/texmf-dist/tex/generic/pgf/basiclayer/pgfcoregraphicstate.code
.tex
File: pgfcoregraphicstate.code.tex 2021/05/15 v3.1.9a (3.1.9a)
\pgflinewidth=\dimen261
)
(e:/texlive/2022/texmf-dist/tex/generic/pgf/basiclayer/pgfcoretransformations.c
ode.tex
File: pgfcoretransformations.code.tex 2021/05/15 v3.1.9a (3.1.9a)
\pgf@pt@x=\dimen262
\pgf@pt@y=\dimen263
\pgf@pt@temp=\dimen264
)
(e:/texlive/2022/texmf-dist/tex/generic/pgf/basiclayer/pgfcorequick.code.tex
File: pgfcorequick.code.tex 2021/05/15 v3.1.9a (3.1.9a)
)
(e:/texlive/2022/texmf-dist/tex/generic/pgf/basiclayer/pgfcoreobjects.code.tex
File: pgfcoreobjects.code.tex 2021/05/15 v3.1.9a (3.1.9a)
)
(e:/texlive/2022/texmf-dist/tex/generic/pgf/basiclayer/pgfcorepathprocessing.co
de.tex
File: pgfcorepathprocessing.code.tex 2021/05/15 v3.1.9a (3.1.9a)
)
(e:/texlive/2022/texmf-dist/tex/generic/pgf/basiclayer/pgfcorearrows.code.tex
File: pgfcorearrows.code.tex 2021/05/15 v3.1.9a (3.1.9a)
\pgfarrowsep=\dimen265
)
(e:/texlive/2022/texmf-dist/tex/generic/pgf/basiclayer/pgfcoreshade.code.tex
File: pgfcoreshade.code.tex 2021/05/15 v3.1.9a (3.1.9a)
\pgf@max=\dimen266
\pgf@sys@shading@range@num=\count291
\pgf@shadingcount=\count292
)
(e:/texlive/2022/texmf-dist/tex/generic/pgf/basiclayer/pgfcoreimage.code.tex
File: pgfcoreimage.code.tex 2021/05/15 v3.1.9a (3.1.9a)

(e:/texlive/2022/texmf-dist/tex/generic/pgf/basiclayer/pgfcoreexternal.code.tex
File: pgfcoreexternal.code.tex 2021/05/15 v3.1.9a (3.1.9a)
\pgfexternal@startupbox=\box65
))
(e:/texlive/2022/texmf-dist/tex/generic/pgf/basiclayer/pgfcorelayers.code.tex
File: pgfcorelayers.code.tex 2021/05/15 v3.1.9a (3.1.9a)
)
(e:/texlive/2022/texmf-dist/tex/generic/pgf/basiclayer/pgfcoretransparency.code
.tex
File: pgfcoretransparency.code.tex 2021/05/15 v3.1.9a (3.1.9a)
)
(e:/texlive/2022/texmf-dist/tex/generic/pgf/basiclayer/pgfcorepatterns.code.tex
File: pgfcorepatterns.code.tex 2021/05/15 v3.1.9a (3.1.9a)
) (e:/texlive/2022/texmf-dist/tex/generic/pgf/basiclayer/pgfcorerdf.code.tex
File: pgfcorerdf.code.tex 2021/05/15 v3.1.9a (3.1.9a)
))) (e:/texlive/2022/texmf-dist/tex/latex/pgf/utilities/xxcolor.sty
Package: xxcolor 2003/10/24 ver 0.1
\XC@nummixins=\count293
\XC@countmixins=\count294
)
(e:/texlive/2022/texmf-dist/tex/latex/base/atbegshi-ltx.sty
Package: atbegshi-ltx 2021/01/10 v1.0c Emulation of the original atbegshi
package with kernel methods
)
(e:/texlive/2022/texmf-dist/tex/latex/hyperref/hyperref.sty
Package: hyperref 2022-09-22 v7.00t Hypertext links for LaTeX

(e:/texlive/2022/texmf-dist/tex/generic/ltxcmds/ltxcmds.sty
Package: ltxcmds 2020-05-10 v1.25 LaTeX kernel commands for general use (HO)
)
(e:/texlive/2022/texmf-dist/tex/generic/pdftexcmds/pdftexcmds.sty
Package: pdftexcmds 2020-06-27 v0.33 Utility functions of pdfTeX for LuaTeX (HO
)

(e:/texlive/2022/texmf-dist/tex/generic/infwarerr/infwarerr.sty
Package: infwarerr 2019/12/03 v1.5 Providing info/warning/error messages (HO)
)
Package pdftexcmds Info: \pdf@primitive is available.
Package pdftexcmds Info: \pdf@ifprimitive is available.
Package pdftexcmds Info: \pdfdraftmode not found.
)
(e:/texlive/2022/texmf-dist/tex/latex/kvsetkeys/kvsetkeys.sty
Package: kvsetkeys 2022-10-05 v1.19 Key value parser (HO)
)
(e:/texlive/2022/texmf-dist/tex/generic/kvdefinekeys/kvdefinekeys.sty
Package: kvdefinekeys 2019-12-19 v1.6 Define keys (HO)
)
(e:/texlive/2022/texmf-dist/tex/generic/pdfescape/pdfescape.sty
Package: pdfescape 2019/12/09 v1.15 Implements pdfTeX's escape features (HO)
)
(e:/texlive/2022/texmf-dist/tex/latex/hycolor/hycolor.sty
Package: hycolor 2020-01-27 v1.10 Color options for hyperref/bookmark (HO)
)
(e:/texlive/2022/texmf-dist/tex/latex/letltxmacro/letltxmacro.sty
Package: letltxmacro 2019/12/03 v1.6 Let assignment for LaTeX macros (HO)
)
(e:/texlive/2022/texmf-dist/tex/latex/auxhook/auxhook.sty
Package: auxhook 2019-12-17 v1.6 Hooks for auxiliary files (HO)
)
(e:/texlive/2022/texmf-dist/tex/latex/hyperref/nameref.sty
Package: nameref 2022-05-17 v2.50 Cross-referencing by name of section

(e:/texlive/2022/texmf-dist/tex/latex/refcount/refcount.sty
Package: refcount 2019/12/15 v3.6 Data extraction from label references (HO)
)
(e:/texlive/2022/texmf-dist/tex/generic/gettitlestring/gettitlestring.sty
Package: gettitlestring 2019/12/15 v1.6 Cleanup title references (HO)

(e:/texlive/2022/texmf-dist/tex/latex/kvoptions/kvoptions.sty
Package: kvoptions 2022-06-15 v3.15 Key value format for package options (HO)
))
\c@section@level=\count295
)
\@linkdim=\dimen267
\Hy@linkcounter=\count296
\Hy@pagecounter=\count297

(e:/texlive/2022/texmf-dist/tex/latex/hyperref/pd1enc.def
File: pd1enc.def 2022-09-22 v7.00t Hyperref: PDFDocEncoding definition (HO)
)
(e:/texlive/2022/texmf-dist/tex/generic/intcalc/intcalc.sty
Package: intcalc 2019/12/15 v1.3 Expandable calculations with integers (HO)
)
(e:/texlive/2022/texmf-dist/tex/generic/etexcmds/etexcmds.sty
Package: etexcmds 2019/12/15 v1.7 Avoid name clashes with e-TeX commands (HO)
)
\Hy@SavedSpaceFactor=\count298

(e:/texlive/2022/texmf-dist/tex/latex/hyperref/puenc.def
File: puenc.def 2022-09-22 v7.00t Hyperref: PDF Unicode definition (HO)
)
Package hyperref Info: Option `bookmarks' set `true' on input line 4045.
Package hyperref Info: Option `bookmarksopen' set `true' on input line 4045.
Package hyperref Info: Option `implicit' set `false' on input line 4045.
Package hyperref Info: Hyper figures OFF on input line 4162.
Package hyperref Info: Link nesting OFF on input line 4167.
Package hyperref Info: Hyper index ON on input line 4170.
Package hyperref Info: Plain pages OFF on input line 4177.
Package hyperref Info: Backreferencing OFF on input line 4182.
Package hyperref Info: Implicit mode OFF; no redefinition of LaTeX internals.
Package hyperref Info: Bookmarks ON on input line 4410.
\c@Hy@tempcnt=\count299

(e:/texlive/2022/texmf-dist/tex/latex/url/url.sty
\Urlmuskip=\muskip16
Package: url 2013/09/16  ver 3.4  Verb mode for urls, etc.
)
LaTeX Info: Redefining \url on input line 4748.
\XeTeXLinkMargin=\dimen268

(e:/texlive/2022/texmf-dist/tex/generic/bitset/bitset.sty
Package: bitset 2019/12/09 v1.3 Handle bit-vector datatype (HO)

(e:/texlive/2022/texmf-dist/tex/generic/bigintcalc/bigintcalc.sty
Package: bigintcalc 2019/12/15 v1.5 Expandable calculations on big integers (HO
)
))
\Fld@menulength=\count300
\Field@Width=\dimen269
\Fld@charsize=\dimen270
Package hyperref Info: Hyper figures OFF on input line 6027.
Package hyperref Info: Link nesting OFF on input line 6032.
Package hyperref Info: Hyper index ON on input line 6035.
Package hyperref Info: backreferencing OFF on input line 6042.
Package hyperref Info: Link coloring OFF on input line 6047.
Package hyperref Info: Link coloring with OCG OFF on input line 6052.
Package hyperref Info: PDF/A mode OFF on input line 6057.
\Hy@abspage=\count301


Package hyperref Message: Stopped early.

)
Package hyperref Info: Driver (autodetected): hxetex.
 (e:/texlive/2022/texmf-dist/tex/latex/hyperref/hxetex.def
File: hxetex.def 2022-09-22 v7.00t Hyperref driver for XeTeX

(e:/texlive/2022/texmf-dist/tex/generic/stringenc/stringenc.sty
Package: stringenc 2019/11/29 v1.12 Convert strings between diff. encodings (HO
)
)
\pdfm@box=\box66
\c@Hy@AnnotLevel=\count302
\HyField@AnnotCount=\count303
\Fld@listcount=\count304
\c@bookmark@seq@number=\count305

(e:/texlive/2022/texmf-dist/tex/latex/rerunfilecheck/rerunfilecheck.sty
Package: rerunfilecheck 2022-07-10 v1.10 Rerun checks for auxiliary files (HO)

(e:/texlive/2022/texmf-dist/tex/latex/base/atveryend-ltx.sty
Package: atveryend-ltx 2020/08/19 v1.0a Emulation of the original atveryend pac
kage
with kernel methods
)
(e:/texlive/2022/texmf-dist/tex/generic/uniquecounter/uniquecounter.sty
Package: uniquecounter 2019/12/15 v1.4 Provide unlimited unique counter (HO)
)
Package uniquecounter Info: New unique counter `rerunfilecheck' on input line 2
85.
))
(e:/texlive/2022/texmf-dist/tex/latex/beamer/beamerbaserequires.sty
(e:/texlive/2022/texmf-dist/tex/latex/beamer/beamerbasecompatibility.sty)
(e:/texlive/2022/texmf-dist/tex/latex/beamer/beamerbasefont.sty
(e:/texlive/2022/texmf-dist/tex/latex/amsfonts/amssymb.sty
Package: amssymb 2013/01/14 v3.01 AMS font symbols

(e:/texlive/2022/texmf-dist/tex/latex/amsfonts/amsfonts.sty
Package: amsfonts 2013/01/14 v3.01 Basic AMSFonts support
\@emptytoks=\toks28
\symAMSa=\mathgroup4
\symAMSb=\mathgroup5
LaTeX Font Info:    Redeclaring math symbol \hbar on input line 98.
LaTeX Font Info:    Overwriting math alphabet `\mathfrak' in version `bold'
(Font)                  U/euf/m/n --> U/euf/b/n on input line 106.
))
(e:/texlive/2022/texmf-dist/tex/latex/sansmathaccent/sansmathaccent.sty
Package: sansmathaccent 2020/01/31

(e:/texlive/2022/texmf-dist/tex/latex/koma-script/scrlfile.sty
Package: scrlfile 2022/10/12 v3.38 KOMA-Script package (file load hooks)

(e:/texlive/2022/texmf-dist/tex/latex/koma-script/scrlfile-hook.sty
Package: scrlfile-hook 2022/10/12 v3.38 KOMA-Script package (using LaTeX hooks)


(e:/texlive/2022/texmf-dist/tex/latex/koma-script/scrlogo.sty
Package: scrlogo 2022/10/12 v3.38 KOMA-Script package (logo)
)))))
(e:/texlive/2022/texmf-dist/tex/latex/beamer/beamerbasetranslator.sty
(e:/texlive/2022/texmf-dist/tex/latex/translator/translator.sty
Package: translator 2021-05-31 v1.12d Easy translation of strings in LaTeX
))
(e:/texlive/2022/texmf-dist/tex/latex/beamer/beamerbasemisc.sty)
(e:/texlive/2022/texmf-dist/tex/latex/beamer/beamerbasetwoscreens.sty)
(e:/texlive/2022/texmf-dist/tex/latex/beamer/beamerbaseoverlay.sty
\beamer@argscount=\count306
\beamer@lastskipcover=\skip50
\beamer@trivlistdepth=\count307
)
(e:/texlive/2022/texmf-dist/tex/latex/beamer/beamerbasetitle.sty)
(e:/texlive/2022/texmf-dist/tex/latex/beamer/beamerbasesection.sty
\c@lecture=\count308
\c@part=\count309
\c@section=\count310
\c@subsection=\count311
\c@subsubsection=\count312
)
(e:/texlive/2022/texmf-dist/tex/latex/beamer/beamerbaseframe.sty
\beamer@framebox=\box67
\beamer@frametitlebox=\box68
\beamer@zoombox=\box69
\beamer@zoomcount=\count313
\beamer@zoomframecount=\count314
\beamer@frametextheight=\dimen271
\c@subsectionslide=\count315
\beamer@frametopskip=\skip51
\beamer@framebottomskip=\skip52
\beamer@frametopskipautobreak=\skip53
\beamer@framebottomskipautobreak=\skip54
\beamer@envbody=\toks29
\framewidth=\dimen272
\c@framenumber=\count316
)
(e:/texlive/2022/texmf-dist/tex/latex/beamer/beamerbaseverbatim.sty
\beamer@verbatimfileout=\write4
)
(e:/texlive/2022/texmf-dist/tex/latex/beamer/beamerbaseframesize.sty
\beamer@splitbox=\box70
\beamer@autobreakcount=\count317
\beamer@autobreaklastheight=\dimen273
\beamer@frametitletoks=\toks30
\beamer@framesubtitletoks=\toks31
)
(e:/texlive/2022/texmf-dist/tex/latex/beamer/beamerbaseframecomponents.sty
\beamer@footins=\box71
)
(e:/texlive/2022/texmf-dist/tex/latex/beamer/beamerbasecolor.sty)
(e:/texlive/2022/texmf-dist/tex/latex/beamer/beamerbasenotes.sty
\beamer@frameboxcopy=\box72
)
(e:/texlive/2022/texmf-dist/tex/latex/beamer/beamerbasetoc.sty)
(e:/texlive/2022/texmf-dist/tex/latex/beamer/beamerbasetemplates.sty
\beamer@sbttoks=\toks32

(e:/texlive/2022/texmf-dist/tex/latex/beamer/beamerbaseauxtemplates.sty
(e:/texlive/2022/texmf-dist/tex/latex/beamer/beamerbaseboxes.sty
\bmb@box=\box73
\bmb@colorbox=\box74
\bmb@boxwidth=\dimen274
\bmb@boxheight=\dimen275
\bmb@prevheight=\dimen276
\bmb@temp=\dimen277
\bmb@dima=\dimen278
\bmb@dimb=\dimen279
\bmb@prevheight=\dimen280
)
\beamer@blockheadheight=\dimen281
))
(e:/texlive/2022/texmf-dist/tex/latex/beamer/beamerbaselocalstructure.sty
(e:/texlive/2022/texmf-dist/tex/latex/tools/enumerate.sty
Package: enumerate 2015/07/23 v3.00 enumerate extensions (DPC)
\@enLab=\toks33
)
\beamer@bibiconwidth=\skip55
\c@figure=\count318
\c@table=\count319
\abovecaptionskip=\skip56
\belowcaptionskip=\skip57
)
(e:/texlive/2022/texmf-dist/tex/latex/beamer/beamerbasenavigation.sty
\beamer@section@min@dim=\dimen282
)
(e:/texlive/2022/texmf-dist/tex/latex/beamer/beamerbasetheorems.sty
(e:/texlive/2022/texmf-dist/tex/latex/amsmath/amsmath.sty
Package: amsmath 2022/04/08 v2.17n AMS math features
\@mathmargin=\skip58

For additional information on amsmath, use the `?' option.
(e:/texlive/2022/texmf-dist/tex/latex/amsmath/amstext.sty
Package: amstext 2021/08/26 v2.01 AMS text

(e:/texlive/2022/texmf-dist/tex/latex/amsmath/amsgen.sty
File: amsgen.sty 1999/11/30 v2.0 generic functions
\@emptytoks=\toks34
\ex@=\dimen283
))
(e:/texlive/2022/texmf-dist/tex/latex/amsmath/amsbsy.sty
Package: amsbsy 1999/11/29 v1.2d Bold Symbols
\pmbraise@=\dimen284
)
(e:/texlive/2022/texmf-dist/tex/latex/amsmath/amsopn.sty
Package: amsopn 2022/04/08 v2.04 operator names
)
\inf@bad=\count320
LaTeX Info: Redefining \frac on input line 234.
\uproot@=\count321
\leftroot@=\count322
LaTeX Info: Redefining \overline on input line 399.
LaTeX Info: Redefining \colon on input line 410.
\classnum@=\count323
\DOTSCASE@=\count324
LaTeX Info: Redefining \ldots on input line 496.
LaTeX Info: Redefining \dots on input line 499.
LaTeX Info: Redefining \cdots on input line 620.
\Mathstrutbox@=\box75
\strutbox@=\box76
LaTeX Info: Redefining \big on input line 722.
LaTeX Info: Redefining \Big on input line 723.
LaTeX Info: Redefining \bigg on input line 724.
LaTeX Info: Redefining \Bigg on input line 725.
\big@size=\dimen285
LaTeX Font Info:    Redeclaring font encoding OML on input line 743.
LaTeX Font Info:    Redeclaring font encoding OMS on input line 744.
\macc@depth=\count325
LaTeX Info: Redefining \bmod on input line 905.
LaTeX Info: Redefining \pmod on input line 910.
LaTeX Info: Redefining \smash on input line 940.
LaTeX Info: Redefining \relbar on input line 970.
LaTeX Info: Redefining \Relbar on input line 971.
\c@MaxMatrixCols=\count326
\dotsspace@=\muskip17
\c@parentequation=\count327
\dspbrk@lvl=\count328
\tag@help=\toks35
\row@=\count329
\column@=\count330
\maxfields@=\count331
\andhelp@=\toks36
\eqnshift@=\dimen286
\alignsep@=\dimen287
\tagshift@=\dimen288
\tagwidth@=\dimen289
\totwidth@=\dimen290
\lineht@=\dimen291
\@envbody=\toks37
\multlinegap=\skip59
\multlinetaggap=\skip60
\mathdisplay@stack=\toks38
LaTeX Info: Redefining \[ on input line 2953.
LaTeX Info: Redefining \] on input line 2954.
)
(e:/texlive/2022/texmf-dist/tex/latex/amscls/amsthm.sty
Package: amsthm 2020/05/29 v2.20.6
\thm@style=\toks39
\thm@bodyfont=\toks40
\thm@headfont=\toks41
\thm@notefont=\toks42
\thm@headpunct=\toks43
\thm@preskip=\skip61
\thm@postskip=\skip62
\thm@headsep=\skip63
\dth@everypar=\toks44
)
\c@theorem=\count332
)
(e:/texlive/2022/texmf-dist/tex/latex/beamer/beamerbasethemes.sty))
(e:/texlive/2022/texmf-dist/tex/latex/beamer/beamerthemedefault.sty
(e:/texlive/2022/texmf-dist/tex/latex/beamer/beamerfontthemedefault.sty)
(e:/texlive/2022/texmf-dist/tex/latex/beamer/beamercolorthemedefault.sty)
(e:/texlive/2022/texmf-dist/tex/latex/beamer/beamerinnerthemedefault.sty
\beamer@dima=\dimen292
\beamer@dimb=\dimen293
)
(e:/texlive/2022/texmf-dist/tex/latex/beamer/beamerouterthemedefault.sty)))
(e:/texlive/2022/texmf-dist/tex/latex/ctex/ctexcap.sty
(e:/texlive/2022/texmf-dist/tex/latex/l3kernel/expl3.sty
Package: expl3 2022-11-02 L3 programming layer (loader) 

(e:/texlive/2022/texmf-dist/tex/latex/l3backend/l3backend-xetex.def
File: l3backend-xetex.def 2022-10-26 L3 backend support: XeTeX
\g__graphics_track_int=\count333
\l__pdf_internal_box=\box77
\g__pdf_backend_object_int=\count334
\g__pdf_backend_annotation_int=\count335
\g__pdf_backend_link_int=\count336
))
Package: ctexcap 2022/07/14 v2.5.10 Chinese adapter in LaTeX (CTEX)


Package ctexcap Warning: Package `ctexcap' is deprecated.
(ctexcap)                Please use package `ctex' with option `UTF8,
(ctexcap)                noindent, heading' instead:
(ctexcap)                
(ctexcap)                    \usepackage[UTF8, noindent, heading]{ctex}
(ctexcap)                

) (e:/texlive/2022/texmf-dist/tex/latex/ctex/ctex.sty
Package: ctex 2022/07/14 v2.5.10 Chinese adapter in LaTeX (CTEX)

(e:/texlive/2022/texmf-dist/tex/latex/ctex/ctexhook.sty
Package: ctexhook 2022/07/14 v2.5.10 Document and package hooks (CTEX)
)
(e:/texlive/2022/texmf-dist/tex/latex/ctex/ctexpatch.sty
Package: ctexpatch 2022/07/14 v2.5.10 Patching commands (CTEX)
)
(e:/texlive/2022/texmf-dist/tex/latex/base/fix-cm.sty
Package: fix-cm 2020/11/24 v1.1t fixes to LaTeX

(e:/texlive/2022/texmf-dist/tex/latex/base/ts1enc.def
File: ts1enc.def 2001/06/05 v3.0e (jk/car/fm) Standard LaTeX file
LaTeX Font Info:    Redeclaring font encoding TS1 on input line 47.
))
\l__ctex_tmp_int=\count337
\l__ctex_tmp_box=\box78
\l__ctex_tmp_dim=\dimen294
\g__ctex_section_depth_int=\count338
\g__ctex_font_size_int=\count339

(e:/texlive/2022/texmf-dist/tex/latex/ctex/config/ctexopts.cfg
File: ctexopts.cfg 2022/07/14 v2.5.10 Option configuration file (CTEX)
)

Package ctex Warning: Option `noindent' is deprecated.
(ctex)                The functionality has been removed.\\It's better to set
(ctex)                the heading styles via `afterindent' option.

(e:/texlive/2022/texmf-dist/tex/latex/ctex/engine/ctex-engine-xetex.def
File: ctex-engine-xetex.def 2022/07/14 v2.5.10 XeLaTeX adapter (CTEX)

(e:/texlive/2022/texmf-dist/tex/xelatex/xecjk/xeCJK.sty
Package: xeCJK 2022/08/05 v3.9.1 Typesetting CJK scripts with XeLaTeX

(e:/texlive/2022/texmf-dist/tex/latex/l3packages/xtemplate/xtemplate.sty
Package: xtemplate 2022-06-22 L3 Experimental prototype document functions
\l__xtemplate_tmp_dim=\dimen295
\l__xtemplate_tmp_int=\count340
\l__xtemplate_tmp_muskip=\muskip18
\l__xtemplate_tmp_skip=\skip64
)
\l__xeCJK_tmp_int=\count341
\l__xeCJK_tmp_box=\box79
\l__xeCJK_tmp_dim=\dimen296
\l__xeCJK_tmp_skip=\skip65
\g__xeCJK_space_factor_int=\count342
\l__xeCJK_begin_int=\count343
\l__xeCJK_end_int=\count344
\c__xeCJK_CJK_class_int=\XeTeXcharclass1
\c__xeCJK_FullLeft_class_int=\XeTeXcharclass2
\c__xeCJK_FullRight_class_int=\XeTeXcharclass3
\c__xeCJK_HalfLeft_class_int=\XeTeXcharclass4
\c__xeCJK_HalfRight_class_int=\XeTeXcharclass5
\c__xeCJK_NormalSpace_class_int=\XeTeXcharclass6
\c__xeCJK_CM_class_int=\XeTeXcharclass7
\c__xeCJK_HangulJamo_class_int=\XeTeXcharclass8
\l__xeCJK_last_skip=\skip66
\c__xeCJK_none_node=\count345
\g__xeCJK_node_int=\count346
\c__xeCJK_CJK_node_dim=\dimen297
\c__xeCJK_CJK-space_node_dim=\dimen298
\c__xeCJK_default_node_dim=\dimen299
\c__xeCJK_CJK-widow_node_dim=\dimen300
\c__xeCJK_normalspace_node_dim=\dimen301
\c__xeCJK_default-space_node_skip=\skip67
\l__xeCJK_ccglue_skip=\skip68
\l__xeCJK_ecglue_skip=\skip69
\l__xeCJK_punct_kern_skip=\skip70
\l__xeCJK_indent_box=\box80
\l__xeCJK_last_penalty_int=\count347
\l__xeCJK_last_bound_dim=\dimen302
\l__xeCJK_last_kern_dim=\dimen303
\l__xeCJK_widow_penalty_int=\count348

Package xtemplate Info: Declaring object type 'xeCJK/punctuation' taking 0
(xtemplate)             argument(s) on line 2396.

\l__xeCJK_fixed_punct_width_dim=\dimen304
\l__xeCJK_mixed_punct_width_dim=\dimen305
\l__xeCJK_middle_punct_width_dim=\dimen306
\l__xeCJK_fixed_margin_width_dim=\dimen307
\l__xeCJK_mixed_margin_width_dim=\dimen308
\l__xeCJK_middle_margin_width_dim=\dimen309
\l__xeCJK_bound_punct_width_dim=\dimen310
\l__xeCJK_bound_margin_width_dim=\dimen311
\l__xeCJK_margin_minimum_dim=\dimen312
\l__xeCJK_kerning_total_width_dim=\dimen313
\l__xeCJK_same_align_margin_dim=\dimen314
\l__xeCJK_different_align_margin_dim=\dimen315
\l__xeCJK_kerning_margin_width_dim=\dimen316
\l__xeCJK_kerning_margin_minimum_dim=\dimen317
\l__xeCJK_bound_dim=\dimen318
\l__xeCJK_reverse_bound_dim=\dimen319
\l__xeCJK_margin_dim=\dimen320
\l__xeCJK_minimum_bound_dim=\dimen321
\l__xeCJK_kerning_margin_dim=\dimen322
\g__xeCJK_family_int=\count349
\l__xeCJK_fam_int=\count350
\g__xeCJK_fam_allocation_int=\count351
\l__xeCJK_verb_case_int=\count352
\l__xeCJK_verb_exspace_skip=\skip71

(e:/texlive/2022/texmf-dist/tex/latex/fontspec/fontspec.sty
(e:/texlive/2022/texmf-dist/tex/latex/l3packages/xparse/xparse.sty
Package: xparse 2022-06-22 L3 Experimental document command parser
)
Package: fontspec 2022/01/15 v2.8a Font selection for XeLaTeX and LuaLaTeX

(e:/texlive/2022/texmf-dist/tex/latex/fontspec/fontspec-xetex.sty
Package: fontspec-xetex 2022/01/15 v2.8a Font selection for XeLaTeX and LuaLaTe
X
\l__fontspec_script_int=\count353
\l__fontspec_language_int=\count354
\l__fontspec_strnum_int=\count355
\l__fontspec_tmp_int=\count356
\l__fontspec_tmpa_int=\count357
\l__fontspec_tmpb_int=\count358
\l__fontspec_tmpc_int=\count359
\l__fontspec_em_int=\count360
\l__fontspec_emdef_int=\count361
\l__fontspec_strong_int=\count362
\l__fontspec_strongdef_int=\count363
\l__fontspec_tmpa_dim=\dimen323
\l__fontspec_tmpb_dim=\dimen324
\l__fontspec_tmpc_dim=\dimen325

(e:/texlive/2022/texmf-dist/tex/latex/base/fontenc.sty
Package: fontenc 2021/04/29 v2.0v Standard LaTeX package
)
(e:/texlive/2022/texmf-dist/tex/latex/fontspec/fontspec.cfg)))
(e:/texlive/2022/texmf-dist/tex/xelatex/xecjk/xeCJK.cfg
File: xeCJK.cfg 2022/08/05 v3.9.1 Configuration file for xeCJK package
))
\ccwd=\dimen326
\l__ctex_ccglue_skip=\skip72
)
\l__ctex_ziju_dim=\dimen327

(e:/texlive/2022/texmf-dist/tex/latex/zhnumber/zhnumber.sty
Package: zhnumber 2022/07/14 v3.0 Typesetting numbers with Chinese glyphs
\l__zhnum_scale_int=\count364
\l__zhnum_tmp_int=\count365

(e:/texlive/2022/texmf-dist/tex/latex/zhnumber/zhnumber-utf8.cfg
File: zhnumber-utf8.cfg 2022/07/14 v3.0 Chinese numerals with UTF8 encoding
))
(e:/texlive/2022/texmf-dist/tex/latex/ctex/heading/ctex-heading-beamer.def
File: ctex-beamer.def 2022/07/14 v2.5.10 Heading modification for beamer (CTEX)


(e:/texlive/2022/texmf-dist/tex/latex/ctex/scheme/ctex-scheme-chinese-beamer.de
f
File: ctex-scheme-chinese-beamer.def 2022/07/14 v2.5.10 Chinese scheme for beam
er (CTEX)
 (e:/texlive/2022/texmf-dist/tex/latex/ctex/config/ctex-name-utf8.cfg
File: ctex-name-utf8.cfg 2022/07/14 v2.5.10 Caption with encoding UTF-8 (CTEX)
)))
(e:/texlive/2022/texmf-dist/tex/latex/ctex/fontset/ctex-fontset-windows.def
File: ctex-fontset-windows.def 2022/07/14 v2.5.10 Windows fonts definition (CTE
X)

Package fontspec Info: Could not resolve font "KaiTi/B" (it probably doesn't
(fontspec)             exist).


Package fontspec Info: Could not resolve font "SimHei/I" (it probably doesn't
(fontspec)             exist).


Package fontspec Info: Could not resolve font "SimSun/BI" (it probably doesn't
(fontspec)             exist).


Package fontspec Info: Font family 'SimSun(0)' created for font 'SimSun' with
(fontspec)             options
(fontspec)             [Script={CJK},BoldFont={SimHei},ItalicFont={KaiTi}].
(fontspec)              
(fontspec)              This font family consists of the following NFSS
(fontspec)             series/shapes:
(fontspec)              
(fontspec)             - 'normal' (m/n) with NFSS spec.:
(fontspec)             <->"SimSun/OT:script=hani;language=dflt;"
(fontspec)             - 'small caps'  (m/sc) with NFSS spec.: 
(fontspec)             - 'bold' (b/n) with NFSS spec.:
(fontspec)             <->"SimHei/OT:script=hani;language=dflt;"
(fontspec)             - 'bold small caps'  (b/sc) with NFSS spec.: 
(fontspec)             - 'italic' (m/it) with NFSS spec.:
(fontspec)             <->"KaiTi/OT:script=hani;language=dflt;"
(fontspec)             - 'italic small caps'  (m/scit) with NFSS spec.: 

))
(e:/texlive/2022/texmf-dist/tex/latex/ctex/config/ctex.cfg
File: ctex.cfg 2022/07/14 v2.5.10 Configuration file (CTEX)
)
(e:/texlive/2022/texmf-dist/tex/latex/beamer/beamerthemeMadrid.sty
(e:/texlive/2022/texmf-dist/tex/latex/beamer/beamercolorthemewhale.sty)
(e:/texlive/2022/texmf-dist/tex/latex/beamer/beamercolorthemeorchid.sty)
(e:/texlive/2022/texmf-dist/tex/latex/beamer/beamerinnerthemerounded.sty)
(e:/texlive/2022/texmf-dist/tex/latex/beamer/beamerouterthemeinfolines.sty))
(e:/texlive/2022/texmf-dist/tex/latex/beamer/beamerfontthemeprofessionalfonts.s
ty) (e:/texlive/2022/texmf-dist/tex/latex/caption/caption.sty
Package: caption 2022/03/01 v3.6b Customizing captions (AR)

(e:/texlive/2022/texmf-dist/tex/latex/caption/caption3.sty
Package: caption3 2022/03/17 v2.3b caption3 kernel (AR)
\caption@tempdima=\dimen328
\captionmargin=\dimen329
\caption@leftmargin=\dimen330
\caption@rightmargin=\dimen331
\caption@width=\dimen332
\caption@indent=\dimen333
\caption@parindent=\dimen334
\caption@hangindent=\dimen335
Package caption Info: beamer document class detected.

(e:/texlive/2022/texmf-dist/tex/latex/caption/caption-beamer.sto
File: caption-beamer.sto 2022/01/06 v2.0c Adaption of the caption package to th
e beamer document classes (AR)
))
\c@caption@flags=\count366
\c@continuedfloat=\count367
Package caption Info: hyperref package is loaded.
Package caption Info: Hyperref support is turned off
(caption)             because hyperref has stopped early.
)
(e:/texlive/2022/texmf-dist/tex/latex/subfigure/subfigure.sty
Package: subfigure 2002/03/15 v2.1.5 subfigure package
\subfigtopskip=\skip73
\subfigcapskip=\skip74
\subfigcaptopadj=\dimen336
\subfigbottomskip=\skip75
\subfigcapmargin=\dimen337
\subfiglabelskip=\skip76
\c@subfigure=\count368
\c@lofdepth=\count369
\c@subtable=\count370
\c@lotdepth=\count371

****************************************
* Local config file subfigure.cfg used *
****************************************
(e:/texlive/2022/texmf-dist/tex/latex/subfigure/subfigure.cfg)
\subfig@top=\skip77
\subfig@bottom=\skip78
)
(e:/texlive/2022/texmf-dist/tex/latex/arev/arev.sty
Package: arev 2005/06/14 0.1 Arev Sans package

(e:/texlive/2022/texmf-dist/tex/latex/arev/arevtext.sty
Package: arevtext 2005/09/01 0.1 Arev Sans Text package

(e:/texlive/2022/texmf-dist/tex/latex/base/fontenc.sty
Package: fontenc 2021/04/29 v2.0v Standard LaTeX package
LaTeX Font Info:    Trying to load font information for T1+lmss on input line 1
12.

(e:/texlive/2022/texmf-dist/tex/latex/lm/t1lmss.fd
File: t1lmss.fd 2015/05/01 v1.6.1 Font defs for Latin Modern
))
(e:/texlive/2022/texmf-dist/tex/latex/base/textcomp.sty
Package: textcomp 2020/02/02 v2.0n Standard LaTeX package
))
(e:/texlive/2022/texmf-dist/tex/latex/arev/arevmath.sty
Package: arevmath 2006/02/19 0.1 Arev Sans Math package

(e:/texlive/2022/texmf-dist/tex/latex/arev/ams-mdbch.sty
Package: ams-mdbch 2005/05/08 v1.4 Bold mdbch (Math Design Project) to replace 
AMS fonts
\symmathdesignA=\mathgroup6
LaTeX Font Info:    Overwriting symbol font `mathdesignA' in version `bold'
(Font)                  MDA/mdbch/b/n --> MDA/mdbch/b/n on input line 47.
LaTeX Font Info:    Overwriting encoding scheme math defaults on input line 52.

LaTeX Info: Redefining \bold on input line 64.
LaTeX Font Info:    Redeclaring math delimiter \ulcorner on input line 82.
LaTeX Font Info:    Redeclaring math delimiter \urcorner on input line 83.
LaTeX Font Info:    Redeclaring math delimiter \llcorner on input line 84.
LaTeX Font Info:    Redeclaring math delimiter \lrcorner on input line 85.
LaTeX Font Info:    Redeclaring math accent \widetilde on input line 86.
LaTeX Font Info:    Redeclaring math accent \widehat on input line 87.
LaTeX Font Info:    Redeclaring math symbol \dabar@ on input line 88.
LaTeX Font Info:    Redeclaring math symbol \lvertneqq on input line 96.
LaTeX Font Info:    Redeclaring math symbol \gvertneqq on input line 97.
LaTeX Font Info:    Redeclaring math symbol \nleq on input line 98.
LaTeX Font Info:    Redeclaring math symbol \ngeq on input line 99.
LaTeX Font Info:    Redeclaring math symbol \nless on input line 100.
LaTeX Font Info:    Redeclaring math symbol \ngtr on input line 101.
LaTeX Font Info:    Redeclaring math symbol \nprec on input line 102.
LaTeX Font Info:    Redeclaring math symbol \nsucc on input line 103.
LaTeX Font Info:    Redeclaring math symbol \lneqq on input line 104.
LaTeX Font Info:    Redeclaring math symbol \gneqq on input line 105.
LaTeX Font Info:    Redeclaring math symbol \nleqslant on input line 106.
LaTeX Font Info:    Redeclaring math symbol \ngeqslant on input line 107.
LaTeX Font Info:    Redeclaring math symbol \lneq on input line 108.
LaTeX Font Info:    Redeclaring math symbol \gneq on input line 109.
LaTeX Font Info:    Redeclaring math symbol \npreceq on input line 110.
LaTeX Font Info:    Redeclaring math symbol \nsucceq on input line 111.
LaTeX Font Info:    Redeclaring math symbol \precnsim on input line 112.
LaTeX Font Info:    Redeclaring math symbol \succnsim on input line 113.
LaTeX Font Info:    Redeclaring math symbol \lnsim on input line 114.
LaTeX Font Info:    Redeclaring math symbol \gnsim on input line 115.
LaTeX Font Info:    Redeclaring math symbol \nleqq on input line 116.
LaTeX Font Info:    Redeclaring math symbol \ngeqq on input line 117.
LaTeX Font Info:    Redeclaring math symbol \precneqq on input line 118.
LaTeX Font Info:    Redeclaring math symbol \succneqq on input line 119.
LaTeX Font Info:    Redeclaring math symbol \precnapprox on input line 120.
LaTeX Font Info:    Redeclaring math symbol \succnapprox on input line 121.
LaTeX Font Info:    Redeclaring math symbol \lnapprox on input line 122.
LaTeX Font Info:    Redeclaring math symbol \gnapprox on input line 123.
LaTeX Font Info:    Redeclaring math symbol \nsim on input line 124.
LaTeX Font Info:    Redeclaring math symbol \ncong on input line 125.
LaTeX Font Info:    Redeclaring math symbol \diagup on input line 126.
LaTeX Font Info:    Redeclaring math symbol \diagdown on input line 127.
LaTeX Font Info:    Redeclaring math symbol \varsubsetneq on input line 128.
LaTeX Font Info:    Redeclaring math symbol \varsupsetneq on input line 129.
LaTeX Font Info:    Redeclaring math symbol \nsubseteqq on input line 130.
LaTeX Font Info:    Redeclaring math symbol \nsupseteqq on input line 131.
LaTeX Font Info:    Redeclaring math symbol \subsetneqq on input line 132.
LaTeX Font Info:    Redeclaring math symbol \supsetneqq on input line 133.
LaTeX Font Info:    Redeclaring math symbol \varsubsetneqq on input line 134.
LaTeX Font Info:    Redeclaring math symbol \varsupsetneqq on input line 135.
LaTeX Font Info:    Redeclaring math symbol \subsetneq on input line 136.
LaTeX Font Info:    Redeclaring math symbol \supsetneq on input line 137.
LaTeX Font Info:    Redeclaring math symbol \nsubseteq on input line 138.
LaTeX Font Info:    Redeclaring math symbol \nsupseteq on input line 139.
LaTeX Font Info:    Redeclaring math symbol \nparallel on input line 140.
LaTeX Font Info:    Redeclaring math symbol \nmid on input line 141.
LaTeX Font Info:    Redeclaring math symbol \nshortmid on input line 142.
LaTeX Font Info:    Redeclaring math symbol \nshortparallel on input line 143.
LaTeX Font Info:    Redeclaring math symbol \nvdash on input line 144.
LaTeX Font Info:    Redeclaring math symbol \nVdash on input line 145.
LaTeX Font Info:    Redeclaring math symbol \nvDash on input line 146.
LaTeX Font Info:    Redeclaring math symbol \nVDash on input line 147.
LaTeX Font Info:    Redeclaring math symbol \ntrianglerighteq on input line 148
.
LaTeX Font Info:    Redeclaring math symbol \ntrianglelefteq on input line 149.

LaTeX Font Info:    Redeclaring math symbol \ntriangleleft on input line 150.
LaTeX Font Info:    Redeclaring math symbol \ntriangleright on input line 151.
LaTeX Font Info:    Redeclaring math symbol \nleftarrow on input line 152.
LaTeX Font Info:    Redeclaring math symbol \nrightarrow on input line 153.
LaTeX Font Info:    Redeclaring math symbol \nLeftarrow on input line 154.
LaTeX Font Info:    Redeclaring math symbol \nRightarrow on input line 155.
LaTeX Font Info:    Redeclaring math symbol \nLeftrightarrow on input line 156.

LaTeX Font Info:    Redeclaring math symbol \nleftrightarrow on input line 157.

LaTeX Font Info:    Redeclaring math symbol \divideontimes on input line 158.
LaTeX Font Info:    Redeclaring math symbol \varnothing on input line 159.
LaTeX Font Info:    Redeclaring math symbol \nexists on input line 160.
LaTeX Font Info:    Redeclaring math symbol \Join on input line 161.
LaTeX Font Info:    Redeclaring math symbol \Finv on input line 165.
LaTeX Font Info:    Redeclaring math symbol \Game on input line 166.
LaTeX Font Info:    Redeclaring math symbol \eqsim on input line 167.
LaTeX Font Info:    Redeclaring math symbol \beth on input line 168.
LaTeX Font Info:    Redeclaring math symbol \gimel on input line 169.
LaTeX Font Info:    Redeclaring math symbol \daleth on input line 170.
LaTeX Font Info:    Redeclaring math symbol \lessdot on input line 171.
LaTeX Font Info:    Redeclaring math symbol \gtrdot on input line 172.
LaTeX Font Info:    Redeclaring math symbol \ltimes on input line 173.
LaTeX Font Info:    Redeclaring math symbol \rtimes on input line 174.
LaTeX Font Info:    Redeclaring math symbol \shortmid on input line 175.
LaTeX Font Info:    Redeclaring math symbol \shortparallel on input line 176.
LaTeX Font Info:    Redeclaring math symbol \smallsetminus on input line 177.
LaTeX Font Info:    Redeclaring math symbol \thicksim on input line 178.
LaTeX Font Info:    Redeclaring math symbol \thickapprox on input line 179.
LaTeX Font Info:    Redeclaring math symbol \approxeq on input line 180.
LaTeX Font Info:    Redeclaring math symbol \succapprox on input line 181.
LaTeX Font Info:    Redeclaring math symbol \precapprox on input line 182.
LaTeX Font Info:    Redeclaring math symbol \curvearrowleft on input line 183.
LaTeX Font Info:    Redeclaring math symbol \curvearrowright on input line 184.

LaTeX Font Info:    Redeclaring math symbol \Bbbk on input line 189.
LaTeX Font Info:    Redeclaring math symbol \backepsilon on input line 190.
LaTeX Font Info:    Redeclaring math symbol \boxdot on input line 192.
LaTeX Font Info:    Redeclaring math symbol \boxplus on input line 193.
LaTeX Font Info:    Redeclaring math symbol \boxtimes on input line 194.
LaTeX Font Info:    Redeclaring math symbol \square on input line 195.
LaTeX Font Info:    Redeclaring math symbol \blacksquare on input line 196.
LaTeX Font Info:    Redeclaring math symbol \centerdot on input line 197.
LaTeX Font Info:    Redeclaring math symbol \lozenge on input line 198.
LaTeX Font Info:    Redeclaring math symbol \blacklozenge on input line 199.
LaTeX Font Info:    Redeclaring math symbol \circlearrowright on input line 200
.
LaTeX Font Info:    Redeclaring math symbol \circlearrowleft on input line 201.

LaTeX Font Info:    Redeclaring math symbol \rightleftharpoons on input line 20
3.
LaTeX Font Info:    Redeclaring math symbol \leftrightharpoons on input line 20
4.
LaTeX Font Info:    Redeclaring math symbol \boxminus on input line 205.
LaTeX Font Info:    Redeclaring math symbol \Vdash on input line 206.
LaTeX Font Info:    Redeclaring math symbol \Vvdash on input line 207.
LaTeX Font Info:    Redeclaring math symbol \vDash on input line 208.
LaTeX Font Info:    Redeclaring math symbol \twoheadrightarrow on input line 20
9.
LaTeX Font Info:    Redeclaring math symbol \twoheadleftarrow on input line 210
.
LaTeX Font Info:    Redeclaring math symbol \leftleftarrows on input line 211.
LaTeX Font Info:    Redeclaring math symbol \rightrightarrows on input line 212
.
LaTeX Font Info:    Redeclaring math symbol \upuparrows on input line 213.
LaTeX Font Info:    Redeclaring math symbol \downdownarrows on input line 214.
LaTeX Font Info:    Redeclaring math symbol \upharpoonright on input line 215.
LaTeX Font Info:    Redeclaring math symbol \downharpoonright on input line 217
.
LaTeX Font Info:    Redeclaring math symbol \upharpoonleft on input line 218.
LaTeX Font Info:    Redeclaring math symbol \downharpoonleft on input line 219.

LaTeX Font Info:    Redeclaring math symbol \rightarrowtail on input line 220.
LaTeX Font Info:    Redeclaring math symbol \leftarrowtail on input line 221.
LaTeX Font Info:    Redeclaring math symbol \leftrightarrows on input line 222.

LaTeX Font Info:    Redeclaring math symbol \rightleftarrows on input line 223.

LaTeX Font Info:    Redeclaring math symbol \Lsh on input line 224.
LaTeX Font Info:    Redeclaring math symbol \Rsh on input line 225.
LaTeX Font Info:    Redeclaring math symbol \rightsquigarrow on input line 226.

LaTeX Font Info:    Redeclaring math symbol \leftrightsquigarrow on input line 
227.
LaTeX Font Info:    Redeclaring math symbol \looparrowleft on input line 228.
LaTeX Font Info:    Redeclaring math symbol \looparrowright on input line 229.
LaTeX Font Info:    Redeclaring math symbol \circeq on input line 230.
LaTeX Font Info:    Redeclaring math symbol \succsim on input line 231.
LaTeX Font Info:    Redeclaring math symbol \gtrsim on input line 232.
LaTeX Font Info:    Redeclaring math symbol \gtrapprox on input line 233.
LaTeX Font Info:    Redeclaring math symbol \multimap on input line 234.
LaTeX Font Info:    Redeclaring math symbol \therefore on input line 235.
LaTeX Font Info:    Redeclaring math symbol \because on input line 236.
LaTeX Font Info:    Redeclaring math symbol \doteqdot on input line 237.
LaTeX Font Info:    Redeclaring math symbol \triangleq on input line 239.
LaTeX Font Info:    Redeclaring math symbol \precsim on input line 240.
LaTeX Font Info:    Redeclaring math symbol \lesssim on input line 241.
LaTeX Font Info:    Redeclaring math symbol \lessapprox on input line 242.
LaTeX Font Info:    Redeclaring math symbol \eqslantless on input line 243.
LaTeX Font Info:    Redeclaring math symbol \eqslantgtr on input line 244.
LaTeX Font Info:    Redeclaring math symbol \curlyeqprec on input line 245.
LaTeX Font Info:    Redeclaring math symbol \curlyeqsucc on input line 246.
LaTeX Font Info:    Redeclaring math symbol \preccurlyeq on input line 247.
LaTeX Font Info:    Redeclaring math symbol \leqq on input line 248.
LaTeX Font Info:    Redeclaring math symbol \leqslant on input line 249.
LaTeX Font Info:    Redeclaring math symbol \lessgtr on input line 250.
LaTeX Font Info:    Redeclaring math symbol \backprime on input line 251.
LaTeX Font Info:    Redeclaring math symbol \risingdotseq on input line 252.
LaTeX Font Info:    Redeclaring math symbol \fallingdotseq on input line 253.
LaTeX Font Info:    Redeclaring math symbol \succcurlyeq on input line 254.
LaTeX Font Info:    Redeclaring math symbol \geqq on input line 255.
LaTeX Font Info:    Redeclaring math symbol \geqslant on input line 256.
LaTeX Font Info:    Redeclaring math symbol \gtrless on input line 257.
LaTeX Font Info:    Redeclaring math symbol \sqsubset on input line 258.
LaTeX Font Info:    Redeclaring math symbol \sqsupset on input line 259.
LaTeX Font Info:    Redeclaring math symbol \vartriangleright on input line 260
.
LaTeX Font Info:    Redeclaring math symbol \vartriangleleft on input line 261.

LaTeX Font Info:    Redeclaring math symbol \trianglerighteq on input line 262.

LaTeX Font Info:    Redeclaring math symbol \trianglelefteq on input line 263.
LaTeX Font Info:    Redeclaring math symbol \bigstar on input line 264.
LaTeX Font Info:    Redeclaring math symbol \between on input line 265.
LaTeX Font Info:    Redeclaring math symbol \blacktriangledown on input line 26
6.
LaTeX Font Info:    Redeclaring math symbol \blacktriangleright on input line 2
67.
LaTeX Font Info:    Redeclaring math symbol \blacktriangleleft on input line 26
8.
LaTeX Font Info:    Redeclaring math symbol \vartriangle on input line 269.
LaTeX Font Info:    Redeclaring math symbol \blacktriangle on input line 270.
LaTeX Font Info:    Redeclaring math symbol \triangledown on input line 271.
LaTeX Font Info:    Redeclaring math symbol \eqcirc on input line 272.
LaTeX Font Info:    Redeclaring math symbol \lesseqgtr on input line 273.
LaTeX Font Info:    Redeclaring math symbol \gtreqless on input line 274.
LaTeX Font Info:    Redeclaring math symbol \lesseqqgtr on input line 275.
LaTeX Font Info:    Redeclaring math symbol \gtreqqless on input line 276.
LaTeX Font Info:    Redeclaring math symbol \Rrightarrow on input line 277.
LaTeX Font Info:    Redeclaring math symbol \Lleftarrow on input line 278.
LaTeX Font Info:    Redeclaring math symbol \veebar on input line 279.
LaTeX Font Info:    Redeclaring math symbol \barwedge on input line 280.
LaTeX Font Info:    Redeclaring math symbol \doublebarwedge on input line 281.
LaTeX Font Info:    Redeclaring math symbol \angle on input line 282.
LaTeX Font Info:    Redeclaring math symbol \measuredangle on input line 283.
LaTeX Font Info:    Redeclaring math symbol \sphericalangle on input line 284.
LaTeX Font Info:    Redeclaring math symbol \varpropto on input line 285.
LaTeX Font Info:    Redeclaring math symbol \smallsmile on input line 286.
LaTeX Font Info:    Redeclaring math symbol \smallfrown on input line 287.
LaTeX Font Info:    Redeclaring math symbol \Subset on input line 288.
LaTeX Font Info:    Redeclaring math symbol \Supset on input line 289.
LaTeX Font Info:    Redeclaring math symbol \Cup on input line 290.
LaTeX Font Info:    Redeclaring math symbol \Cap on input line 292.
LaTeX Font Info:    Redeclaring math symbol \curlywedge on input line 294.
LaTeX Font Info:    Redeclaring math symbol \curlyvee on input line 295.
LaTeX Font Info:    Redeclaring math symbol \leftthreetimes on input line 296.
LaTeX Font Info:    Redeclaring math symbol \rightthreetimes on input line 297.

LaTeX Font Info:    Redeclaring math symbol \subseteqq on input line 298.
LaTeX Font Info:    Redeclaring math symbol \supseteqq on input line 299.
LaTeX Font Info:    Redeclaring math symbol \bumpeq on input line 300.
LaTeX Font Info:    Redeclaring math symbol \Bumpeq on input line 301.
LaTeX Font Info:    Redeclaring math symbol \lll on input line 302.
LaTeX Font Info:    Redeclaring math symbol \ggg on input line 304.
LaTeX Font Info:    Redeclaring math symbol \circledS on input line 306.
LaTeX Font Info:    Redeclaring math symbol \pitchfork on input line 307.
LaTeX Font Info:    Redeclaring math symbol \dotplus on input line 308.
LaTeX Font Info:    Redeclaring math symbol \backsim on input line 309.
LaTeX Font Info:    Redeclaring math symbol \backsimeq on input line 310.
LaTeX Font Info:    Redeclaring math symbol \complement on input line 311.
LaTeX Font Info:    Redeclaring math symbol \intercal on input line 312.
LaTeX Font Info:    Redeclaring math symbol \circledcirc on input line 313.
LaTeX Font Info:    Redeclaring math symbol \circledast on input line 314.
LaTeX Font Info:    Redeclaring math symbol \circleddash on input line 315.
)
(e:/texlive/2022/texmf-dist/tex/latex/base/ifthen.sty
Package: ifthen 2022/04/13 v1.1d Standard LaTeX ifthen package (DPC)
)
LaTeX Font Info:    Overwriting symbol font `operators' in version `normal'
(Font)                  OT1/cmr/m/n --> OT1/zavm/m/n on input line 71.
LaTeX Font Info:    Overwriting symbol font `letters' in version `normal'
(Font)                  OML/cmm/m/it --> OML/zavm/m/it on input line 72.
LaTeX Font Info:    Overwriting symbol font `symbols' in version `normal'
(Font)                  OMS/cmsy/m/n --> OMS/zavm/m/n on input line 73.
LaTeX Font Info:    Overwriting symbol font `largesymbols' in version `normal'
(Font)                  OMX/cmex/m/n --> OMX/mdbch/m/n on input line 74.
LaTeX Font Info:    Overwriting math alphabet `\mathbf' in version `normal'
(Font)                  OT1/cmr/bx/n --> OT1/zavm/b/n on input line 81.
LaTeX Font Info:    Overwriting math alphabet `\mathtt' in version `normal'
(Font)                  OT1/cmtt/m/n --> T1/fvm/m/n on input line 82.
LaTeX Font Info:    Redeclaring math alphabet \mathcal on input line 85.
LaTeX Font Info:    Redeclaring math alphabet \mathit on input line 89.
LaTeX Font Info:    Redeclaring math alphabet \mathsf on input line 91.
LaTeX Font Info:    Redeclaring math alphabet \mathbb on input line 105.
LaTeX Font Info:    Overwriting symbol font `operators' in version `bold'
(Font)                  OT1/cmr/bx/n --> OT1/zavm/b/n on input line 112.
LaTeX Font Info:    Overwriting symbol font `letters' in version `bold'
(Font)                  OML/cmm/b/it --> OML/zavm/b/it on input line 113.
LaTeX Font Info:    Overwriting symbol font `symbols' in version `bold'
(Font)                  OMS/cmsy/b/n --> OMS/zavm/b/n on input line 114.
LaTeX Font Info:    Overwriting symbol font `largesymbols' in version `bold'
(Font)                  OMX/cmex/m/n --> OMX/mdbch/b/n on input line 115.
LaTeX Font Info:    Overwriting math alphabet `\mathbf' in version `bold'
(Font)                  OT1/cmr/bx/n --> OT1/zavm/b/n on input line 118.
LaTeX Font Info:    Overwriting math alphabet `\mathtt' in version `bold'
(Font)                  OT1/cmtt/m/n --> T1/fvm/b/n on input line 119.
LaTeX Font Info:    Redeclaring math accent \widetilde on input line 123.
LaTeX Font Info:    Redeclaring math accent \widehat on input line 124.
\symextraup=\mathgroup7
\symextraitalic=\mathgroup8

(e:/texlive/2022/texmf-dist/tex/latex/arev/arevsymbols.tex
LaTeX Font Info:    Redeclaring math symbol \hbar on input line 22.
LaTeX Font Info:    Redeclaring math symbol \hslash on input line 23.
LaTeX Font Info:    Redeclaring math symbol \digamma on input line 25.
LaTeX Font Info:    Redeclaring math symbol \varkappa on input line 26.
LaTeX Font Info:    Redeclaring math symbol \backepsilon on input line 35.
LaTeX Font Info:    Redeclaring math symbol \emptyset on input line 37.
LaTeX Font Info:    Redeclaring math symbol \eth on input line 57.
LaTeX Font Info:    Redeclaring math symbol \mho on input line 58.
)
LaTeX Font Info:    Redeclaring math symbol \varGamma on input line 181.
LaTeX Font Info:    Redeclaring math symbol \varXi on input line 182.
LaTeX Font Info:    Redeclaring math symbol \varPi on input line 183.
LaTeX Font Info:    Redeclaring math symbol \varSigma on input line 184.
LaTeX Font Info:    Redeclaring math symbol \varPhi on input line 185.
LaTeX Font Info:    Redeclaring math symbol \varnothing on input line 204.
)
(e:/texlive/2022/texmf-dist/tex/latex/bera/beramono.sty
Package: beramono 2004/01/31 (WaS)
))

Package fontspec Info: Could not resolve font "Microsoft YaHei Bold/I" (it
(fontspec)             probably doesn't exist).


Package fontspec Info: Could not resolve font "Microsoft YaHei/I" (it probably
(fontspec)             doesn't exist).


Package fontspec Info: Font family 'MicrosoftYaHei(0)' created for font
(fontspec)             'Microsoft YaHei' with options
(fontspec)             [Script={CJK},BoldFont={* Bold}].
(fontspec)              
(fontspec)              This font family consists of the following NFSS
(fontspec)             series/shapes:
(fontspec)              
(fontspec)             - 'normal' (m/n) with NFSS spec.: <->"Microsoft
(fontspec)             YaHei/OT:script=hani;language=dflt;"
(fontspec)             - 'small caps'  (m/sc) with NFSS spec.: 
(fontspec)             - 'bold' (b/n) with NFSS spec.: <->"Microsoft YaHei
(fontspec)             Bold/OT:script=hani;language=dflt;"
(fontspec)             - 'bold small caps'  (b/sc) with NFSS spec.: 
(fontspec)             - 'bold italic' (b/it) with NFSS spec.: <->"Microsoft
(fontspec)             YaHei/BI/OT:script=hani;language=dflt;"
(fontspec)             - 'bold italic small caps'  (b/scit) with NFSS spec.: 

LaTeX Font Info:    Trying to load font information for T1+fav on input line 22
.

(e:/texlive/2022/texmf-dist/tex/latex/arev/t1fav.fd
File: t1fav.fd 2006/05/30 Fontinst v1.929 font definitions for T1/fav.
)
No file Presentation.aux.
\openout1 = `Presentation.aux'.

LaTeX Font Info:    Checking defaults for OML/cmm/m/it on input line 22.
LaTeX Font Info:    ... okay on input line 22.
LaTeX Font Info:    Checking defaults for OMS/cmsy/m/n on input line 22.
LaTeX Font Info:    ... okay on input line 22.
LaTeX Font Info:    Checking defaults for OT1/cmr/m/n on input line 22.
LaTeX Font Info:    ... okay on input line 22.
LaTeX Font Info:    Checking defaults for T1/cmr/m/n on input line 22.
LaTeX Font Info:    ... okay on input line 22.
LaTeX Font Info:    Checking defaults for TS1/cmr/m/n on input line 22.
LaTeX Font Info:    ... okay on input line 22.
LaTeX Font Info:    Checking defaults for TU/lmr/m/n on input line 22.
LaTeX Font Info:    ... okay on input line 22.
LaTeX Font Info:    Checking defaults for OMX/cmex/m/n on input line 22.
LaTeX Font Info:    ... okay on input line 22.
LaTeX Font Info:    Checking defaults for U/cmr/m/n on input line 22.
LaTeX Font Info:    ... okay on input line 22.
LaTeX Font Info:    Checking defaults for PD1/pdf/m/n on input line 22.
LaTeX Font Info:    ... okay on input line 22.
LaTeX Font Info:    Checking defaults for PU/pdf/m/n on input line 22.
LaTeX Font Info:    ... okay on input line 22.
LaTeX Font Info:    Checking defaults for MDA/cmr/m/n on input line 22.
LaTeX Font Info:    Trying to load font information for MDA+cmr on input line 2
2.
(e:/texlive/2022/texmf-dist/tex/latex/mathdesign/mdacmr.fd
File: mdacmr.fd 
)
LaTeX Font Info:    ... okay on input line 22.

*geometry* driver: auto-detecting
*geometry* detected driver: xetex
*geometry* verbose mode - [ preamble ] result:
* driver: xetex
* paper: custom
* layout: <same size as paper>
* layoutoffset:(h,v)=(0.0pt,0.0pt)
* modes: includehead includefoot 
* h-part:(L,W,R)=(10.95pt, 342.29536pt, 10.95pt)
* v-part:(T,H,B)=(0.0pt, 273.14662pt, 0.0pt)
* \paperwidth=364.19536pt
* \paperheight=273.14662pt
* \textwidth=342.29536pt
* \textheight=244.6939pt
* \oddsidemargin=-61.31999pt
* \evensidemargin=-61.31999pt
* \topmargin=-72.26999pt
* \headheight=14.22636pt
* \headsep=0.0pt
* \topskip=11.0pt
* \footskip=14.22636pt
* \marginparwidth=4.0pt
* \marginparsep=10.0pt
* \columnsep=10.0pt
* \skip\footins=10.0pt plus 4.0pt minus 2.0pt
* \hoffset=0.0pt
* \voffset=0.0pt
* \mag=1000
* \@twocolumnfalse
* \@twosidefalse
* \@mparswitchfalse
* \@reversemarginfalse
* (1in=72.27pt=25.4mm, 1cm=28.453pt)

Package hyperref Info: Link coloring OFF on input line 22.
\@outlinefile=\write5
\openout5 = `Presentation.out'.


Package hyperref Warning: Rerun to get /PageLabels entry.


(e:/texlive/2022/texmf-dist/tex/latex/translator/translator-basic-dictionary-En
glish.dict
Dictionary: translator-basic-dictionary, Language: English 
)
(e:/texlive/2022/texmf-dist/tex/latex/translator/translator-bibliography-dictio
nary-English.dict
Dictionary: translator-bibliography-dictionary, Language: English 
)
(e:/texlive/2022/texmf-dist/tex/latex/translator/translator-environment-diction
ary-English.dict
Dictionary: translator-environment-dictionary, Language: English 
)
(e:/texlive/2022/texmf-dist/tex/latex/translator/translator-months-dictionary-E
nglish.dict
Dictionary: translator-months-dictionary, Language: English 
)
(e:/texlive/2022/texmf-dist/tex/latex/translator/translator-numbers-dictionary-
English.dict
Dictionary: translator-numbers-dictionary, Language: English 
)
(e:/texlive/2022/texmf-dist/tex/latex/translator/translator-theorem-dictionary-
English.dict
Dictionary: translator-theorem-dictionary, Language: English 
)
(e:/texlive/2022/texmf-dist/tex/latex/ctex/dictionary/translator-theorem-dictio
nary-ChineseUTF8.dict
Dictionary: translator-theorem-dictionary, Language: ChineseUTF8 2022/07/14 v2.
5.10 Chinese translation for theorem name (CTEX)
)
Package caption Info: Begin \AtBeginDocument code.
Package caption Info: subfigure package is loaded.
Package caption Info: End \AtBeginDocument code.
 (./Presentation.nav)
Missing character: There is no 5 ("35) in font nullfont!
[1

]
No file Presentation.toc.
[2

]
Missing character: There is no 1 ("31) in font nullfont!
Missing character: There is no 2 ("32) in font nullfont!
Missing character: There is no 1 ("31) in font nullfont!
Missing character: There is no 7 ("37) in font nullfont!
[3

]
Missing character: There is no 2 ("32) in font nullfont!
Missing character: There is no 2 ("32) in font nullfont!
Missing character: There is no 2 ("32) in font nullfont!
Missing character: There is no 7 ("37) in font nullfont!
Missing character: There is no 3 ("33) in font nullfont!
Missing character: There is no 2 ("32) in font nullfont!
[4

]
File: figure/_a=05,length=10.png Graphic file (type bmp)
<figure/_a=05,length=10.png>
File: figure/__a=05,length=10.png Graphic file (type bmp)
<figure/__a=05,length=10.png>

Missing character: There is no 3 ("33) in font nullfont!
Missing character: There is no 7 ("37) in font nullfont!
LaTeX Font Info:    Trying to load font information for OT1+zavm on input line 
86.
(e:/texlive/2022/texmf-dist/tex/latex/arev/ot1zavm.fd
File: ot1zavm.fd 2006/05/30 Fontinst v1.929 font definitions for OT1/zavm.
)
LaTeX Font Info:    Trying to load font information for OML+zavm on input line 
86.

(e:/texlive/2022/texmf-dist/tex/latex/arev/omlzavm.fd
File: omlzavm.fd 2006/05/30 Fontinst v1.929 font definitions for OML/zavm.
)
LaTeX Font Info:    Trying to load font information for OMS+zavm on input line 
86.

(e:/texlive/2022/texmf-dist/tex/latex/arev/omszavm.fd
File: omszavm.fd 2006/05/30 Fontinst v1.929 font definitions for OMS/zavm.
)
LaTeX Font Info:    Trying to load font information for OMX+mdbch on input line
 86.

(e:/texlive/2022/texmf-dist/tex/latex/mathdesign/mdbch/omxmdbch.fd
File: omxmdbch.fd 2013/08/29 Fontinst v1.933 font definitions for OMX/mdbch.
)
LaTeX Font Info:    Font shape `OMX/mdbch/m/n' will be
(Font)              scaled to size 13.82408pt on input line 86.
LaTeX Font Info:    Font shape `OMX/mdbch/m/n' will be
(Font)              scaled to size 9.60007pt on input line 86.
LaTeX Font Info:    Font shape `OMX/mdbch/m/n' will be
(Font)              scaled to size 7.68005pt on input line 86.
LaTeX Font Info:    Trying to load font information for U+msa on input line 86.


(e:/texlive/2022/texmf-dist/tex/latex/amsfonts/umsa.fd
File: umsa.fd 2013/01/14 v3.01 AMS symbols A
)
LaTeX Font Info:    Trying to load font information for U+msb on input line 86.


(e:/texlive/2022/texmf-dist/tex/latex/amsfonts/umsb.fd
File: umsb.fd 2013/01/14 v3.01 AMS symbols B
)
LaTeX Font Info:    Trying to load font information for MDA+mdbch on input line
 86.

(e:/texlive/2022/texmf-dist/tex/latex/mathdesign/mdbch/mdamdbch.fd
File: mdamdbch.fd 2013/08/29 Fontinst v1.933 font definitions for MDA/mdbch.
)
LaTeX Font Info:    Font shape `MDA/mdbch/b/n' will be
(Font)              scaled to size 13.82408pt on input line 86.
LaTeX Font Info:    Font shape `MDA/mdbch/b/n' will be
(Font)              scaled to size 9.60007pt on input line 86.
LaTeX Font Info:    Font shape `MDA/mdbch/b/n' will be
(Font)              scaled to size 7.68005pt on input line 86.
LaTeX Font Info:    Trying to load font information for U+zavm on input line 86
.

(e:/texlive/2022/texmf-dist/tex/latex/arev/uzavm.fd
File: uzavm.fd 2006/05/30 Fontinst v1.929 font definitions for U/zavm.
) [5

]
File: figure/_a=09,length=10.png Graphic file (type bmp)
<figure/_a=09,length=10.png>
File: figure/__a=09,length=10.png Graphic file (type bmp)
<figure/__a=09,length=10.png>

Missing character: There is no 4 ("34) in font nullfont!
Missing character: There is no 2 ("32) in font nullfont!
[6

]
File: figure/_a=09,length=20.png Graphic file (type bmp)
<figure/_a=09,length=20.png>
File: figure/__a=09,length=20.png Graphic file (type bmp)
<figure/__a=09,length=20.png>

Missing character: There is no 4 ("34) in font nullfont!
Missing character: There is no 7 ("37) in font nullfont!
[7

]
File: figure/.png Graphic file (type bmp)
<figure/.png>
File: figure/_.png Graphic file (type bmp)
<figure/_.png>
LaTeX Font Info:    Font shape `OMX/mdbch/m/n' will be
(Font)              scaled to size 7.29605pt on input line 139.
LaTeX Font Info:    Font shape `OMX/mdbch/m/n' will be
(Font)              scaled to size 5.76004pt on input line 139.
LaTeX Font Info:    Font shape `MDA/mdbch/b/n' will be
(Font)              scaled to size 7.29605pt on input line 139.
LaTeX Font Info:    Font shape `MDA/mdbch/b/n' will be
(Font)              scaled to size 5.76004pt on input line 139.

Missing character: There is no 5 ("35) in font nullfont!
Missing character: There is no 2 ("32) in font nullfont!
[8

]
File: figure/.png Graphic file (type bmp)
<figure/.png>
File: figure/_.png Graphic file (type bmp)
<figure/_.png>
LaTeX Font Info:    Font shape `OMX/mdbch/m/n' will be
(Font)              scaled to size 10.51207pt on input line 159.
LaTeX Font Info:    Font shape `MDA/mdbch/b/n' will be
(Font)              scaled to size 10.51207pt on input line 159.

Missing character: There is no 5 ("35) in font nullfont!
Missing character: There is no 7 ("37) in font nullfont!
[9

]
File: figure/.png Graphic file (type bmp)
<figure/.png>
File: figure/_.png Graphic file (type bmp)
<figure/_.png>

Missing character: There is no 5 ("35) in font nullfont!
Missing character: There is no 7 ("37) in font nullfont!
[10

]
File: figure/_phi=0.png Graphic file (type bmp)
<figure/_phi=0.png>
File: figure/__phi=0.png Graphic file (type bmp)
<figure/__phi=0.png>

Missing character: There is no 6 ("36) in font nullfont!
Missing character: There is no 6 ("36) in font nullfont!
[11

]
File: figure/_phi=180.png Graphic file (type bmp)
<figure/_phi=180.png>
File: figure/__phi=180.png Graphic file (type bmp)
<figure/__phi=180.png>

Missing character: There is no 6 ("36) in font nullfont!
Missing character: There is no 6 ("36) in font nullfont!
[12

]
File: figure/_phi=90.png Graphic file (type bmp)
<figure/_phi=90.png>
File: figure/__phi=90.png Graphic file (type bmp)
<figure/__phi=90.png>

Missing character: There is no 7 ("37) in font nullfont!
Missing character: There is no 5 ("35) in font nullfont!
[13

]
Missing character: There is no 8 ("38) in font nullfont!
Missing character: There is no 1 ("31) in font nullfont!
Missing character: There is no 8 ("38) in font nullfont!
Missing character: There is no 6 ("36) in font nullfont!
[14

]
Missing character: There is no 9 ("39) in font nullfont!
Missing character: There is no 1 ("31) in font nullfont!
[15

]
\tf@nav=\write6
\openout6 = `Presentation.nav'.

\tf@toc=\write7
\openout7 = `Presentation.toc'.

\tf@snm=\write8
\openout8 = `Presentation.snm'.

 (./Presentation.aux)

Package rerunfilecheck Warning: File `Presentation.out' has changed.
(rerunfilecheck)                Rerun to get outlines right
(rerunfilecheck)                or use package `bookmark'.

Package rerunfilecheck Info: Checksums for `Presentation.out':
(rerunfilecheck)             Before: <no file>
(rerunfilecheck)             After:  2F518F5DF82A2AE292299A39236D3308;300.
 ) 
Here is how much of TeX's memory you used:
 30013 strings out of 475644
 667263 string characters out of 5799830
 968935 words of memory out of 5000000
 50635 multiletter control sequences out of 15000+600000
 520676 words of font info for 120 fonts, out of 8000000 for 9000
 1348 hyphenation exceptions out of 8191
 128i,15n,122p,475b,887s stack positions out of 10000i,1000n,20000p,200000b,200000s

Output written on Presentation.pdf (15 pages).
