ispLEVER Auto-Make Log File
---------------------------

Updating: Fit Design
Start to record tcl script...
Finished recording TCL script.

Starting: 'D:\ispLEVER_Classic2_1\ispcpld\bin\syndos -env @lcd1602_lse.env D:\ispLEVER_Classic2_1\lse/bin/nt/synthesis  -f "lcd1602.synproj"'

Copyright (c) 1991-1994 by NeoCAD Inc. All rights reserved.
Copyright (c) 1995 AT&T Corp.   All rights reserved.
Copyright (c) 1995-2001 Lucent Technologies Inc.  All rights reserved.
Copyright (c) 2001 Agere Systems   All rights reserved.
Copyright (c) 2002-2015 Lattice Semiconductor Corporation,  All rights reserved.
Fri May 13 09:16:56 2022


Command Line:  D:\ispLEVER_Classic2_1\lse/bin/nt/synthesis -f lcd1602.synproj 

Synthesis options:
The -a option is ispMACH400ZE.
The -t option is not used.
The -d option is LC4256V.
Using default performance grade 6.
                                                          

##########################################################

### Lattice Family : ispMACH400ZE

### Device  : LC4256V

### Package : 

##########################################################

                                                          

Optimization goal = Area
Top-level module name = lcd1602.
WARNING - synthesis: Ignoring Frequency option in Area Mode. Setting to default frequency of 1.0 MHz.
WARNING - synthesis: Ignoring SDC constraints in Area Mode!
Target frequency = 1.000000 MHz.
Timing path count = 3
fsm_encoding_style = auto
resolve_mixed_drivers = 0
Use IO Insertion = TRUE
Resource Sharing = TRUE
Propagate Constants = TRUE
Remove Duplicate Registers = TRUE
Output EDIF file name = lcd1602.edi.
WARNING - synthesis: Option -force_gsr will be set to false when option -output_edif/-ngo are set
The -comp option is FALSE.
The -syn option is FALSE.
Verilog design file = lab13.h
Verilog design file = lcd1602.v
-sdc option: SDC file input not used.
-lpf option: Output file option is not used.
Hardtimer checking is enabled (default). The -dt option is not used.
The -r option is OFF. [ Remove LOC Properties is OFF. ]
Technology check ok...

Analyzing Verilog file D:/ispLEVER_Classic2_1/lse/userware/NT/SYNTHESIS_HEADERS/mach.v. VERI-1482
Compile design.
Compile Design Begin
Analyzing Verilog file lab13.h. VERI-1482
Analyzing Verilog file lcd1602.v. VERI-1482
WARNING - synthesis: lcd1602.v(50): redeclaration of ansi port lcdD is not allowed. VERI-1372
Analyzing Verilog file D:/ispLEVER_Classic2_1/lse/userware/NT/SYNTHESIS_HEADERS/mach.v. VERI-1482
Top module name (Verilog): lcd1602
INFO - synthesis: lcd1602.v(1): compiling module lcd1602. VERI-1018
WARNING - synthesis: lcd1602.v(43): expression size 32 truncated to fit in target size 20. VERI-1209
Loading NGL library 'D:/ispLEVER_Classic2_1/lse/xo2c00/data/xo2clib.ngl'...
Loading NGL library 'D:/ispLEVER_Classic2_1/lse/or5g00/data/orc5glib.ngl'...
Loading device for application map from file 'xo2c640.nph' in environment: D:/ispLEVER_Classic2_1/lse.
Package Status:                     Final          Version 1.36.
Top-level module name = lcd1602.
WARNING - synthesis: lcd1602.v(139): Register lcdRw_54 is stuck at Zero. VDB-5013
INFO - synthesis: Extracted state machine for register 'state' with one-hot encoding
State machine has 7 reachable states with original encodings of:

 00000001 

 00000010 

 00000100 

 00001000 

 00010000 

 01000000 

 10000000 

original encoding -> new encoding (one-hot encoding)

 00000001 -> 0000001

 00000010 -> 0000010

 00000100 -> 0000100

 00001000 -> 0001000

 00010000 -> 0010000

 01000000 -> 0100000

 10000000 -> 1000000




WARNING - synthesis: Bit 5 of Register state_FSM is stuck at Zero
Applying 1.000000 MHz constraint to all clocks

WARNING - synthesis: No .lpf file will be written because the -lpf option is not used or is set to zero.
Results of NGD DRC are available in lcd1602_drc.log.

################### Begin Area Report (lcd1602)######################
Number of register bits => 229 of 880 (26 % )
AND2 => 783
AND3 => 6
AND4 => 1
AND6 => 1
DFF => 21
DFFC => 186
DFFCR => 13
DFFCS => 1
DFFR => 7
DFFS => 1
GND => 1
IBUF => 2
INV => 19
OBUF => 11
OR2 => 326
OR3 => 62
OR4 => 2
VCC => 1
XOR2 => 27
################### End Area Report ##################

################### Begin Clock Report ######################
Clock Nets
Number of Clocks: 2
  Net : ledEN_c, loads : 210
  Net : clk_50m_c, loads : 21
Clock Enable Nets
Number of Clock Enables: 0
Top 0 highest fanout Clock Enables:
Highest fanout non-clock nets
Top 10 highest fanout non-clock nets:
  Net : state_7, loads : 186
  Net : n3805, loads : 186
  Net : state_6, loads : 183
  Net : lcdRs_N_618, loads : 181
  Net : lcdRs_N_619, loads : 180
  Net : state_0, loads : 68
  Net : reset_c, loads : 23
  Net : n2185, loads : 14
  Net : n3806, loads : 8
  Net : n5720, loads : 8
################### End Clock Report ##################

Timing Report Summary
--------------
--------------------------------------------------------------------------------
Constraint                              |   Constraint|       Actual|Levels
--------------------------------------------------------------------------------
                                        |             |             |
create_clock -period 1000.000000 -name  |             |             |
clk1 [get_nets clk_50m_c]               |            -|            -|     0  
                                        |             |             |
create_clock -period 1000.000000 -name  |             |             |
clk0 [get_nets ledEN_c]                 |            -|            -|     0  
                                        |             |             |
--------------------------------------------------------------------------------


All constraints were met.


Peak Memory Usage: 42.797  MB

--------------------------------------------------------------
Elapsed CPU time for LSE flow : 1.016  secs
--------------------------------------------------------------

Done: completed successfully.

Starting: 'D:\ispLEVER_Classic2_1\ispcpld\bin\edif2blf.exe -edf lcd1602.edi -out lcd1602.bl0 -err automake.err -log lcd1602.log -prj lab13 -lib "D:\ispLEVER_Classic2_1\ispcpld/dat/mach.edn" -net_Vcc VCC -net_GND GND -nbx -dse -tlw -cvt YES -xor'

Starting EDIF2BLIF....
readEDIF ended normally.

EDIF2BLIF: Warning: Remove floating instance: :
	i2911

Inspect circuit lcd1602
    Number of input ports   : 2
    Number of output ports  : 4
    Number of bidir ports   : 0
    Number of instances     : 1471
    Number of nets          : 1473

No design errors found in circuit lcd1602

WriteBLIF ended normally.

Done: completed successfully.

Starting: 'D:\ispLEVER_Classic2_1\ispcpld\bin\mblifopt.exe lcd1602.bl0 -collapse none -reduce none -err automake.err -gui -keepwires'

BLIFOPT  Open-ABEL Optimizer 
U.C. Berkeley, SIS Ver. 1.0, supported by Lattice Semiconductor
ispLEVER Classic 2.1 Copyright 1992-2020 Lattice Semiconductor. All Rights Reserved.
Reading Open-ABEL 2 file lcd1602.bl0...
Writing Open-ABEL 2 (BLIF) file lcd1602.bl1...
Note    0: 
BLIFOPT complete - Time 0 seconds
Done: completed successfully.

Starting: 'D:\ispLEVER_Classic2_1\ispcpld\bin\mblflink.exe "lcd1602.bl1" -o "lab13.bl2" -omod "lab13" -gui -err "automake.err"'

BLIFLINK  Top-Down Design Linker
ispLEVER Classic 2.1 Copyright 1992-2020 Lattice Semiconductor. All Rights Reserved.

Top-level file: 'lcd1602.bl1'

Hierarchical BLIF: 'lab13.bl2'

BLIFLINK complete.  Time: 1 second 
Done: completed successfully.

Starting: 'D:\ispLEVER_Classic2_1\ispcpld\bin\impsrc.exe -gui -prj lab13 -lci lab13.lct -log lab13.imp -err automake.err -tti lab13.bl2 -dir e:\grade-3_2\isp_project\lab13'

No pin assignment or valid property.
No source constraints were imported.
Done: completed successfully.

Starting: 'D:\ispLEVER_Classic2_1\ispcpld\bin\abelvci.exe -vci lab13.lct -blifopt lab13.b2_'

Done: completed successfully.

Starting: 'D:\ispLEVER_Classic2_1\ispcpld\bin\mblifopt.exe lab13.bl2 -sweep -mergefb -err automake.err -o lab13.bl3 @lab13.b2_ -gui'

BLIFOPT  Open-ABEL Optimizer 
U.C. Berkeley, SIS Ver. 1.0, supported by Lattice Semiconductor
ispLEVER Classic 2.1 Copyright 1992-2020 Lattice Semiconductor. All Rights Reserved.
Reading Open-ABEL 2 file lab13.bl2...
Merging feedbacks...
Note 13707: Node lcdRw_c is collapsed...
Note 13707: Node n1 is collapsed...
Note 13707: Node n3006 is collapsed...
Note 13707: Node n5718 is collapsed...
Note 13707: Node dispCount_5_N_347_0 is collapsed...
Note 13707: Node n5737 is collapsed...
Note 13707: Node n5735 is collapsed...
Note 13707: Node n5 is collapsed...
Note 13707: Node n5734 is collapsed...
Note 13707: Node n3100 is collapsed...
Note 13707: Node n14_adj_6 is collapsed...
Note 13707: Node lcdRs_N_620 is collapsed...
Note 13707: Node n1_adj_10 is collapsed...
Note 13707: Node n4376 is collapsed...
Note 13707: Node n3729 is collapsed...
Note 13707: Node n5851 is collapsed...
Note 13707: Node n6247 is collapsed...
Note 13707: Node n6031 is collapsed...
Note 13707: Node n2_adj_388 is collapsed...
Note 13707: Node n2_adj_196 is collapsed...
Note 13707: Node n1_adj_390 is collapsed...
Note 13707: Node n6005 is collapsed...
Note 13707: Node n6242 is collapsed...
Note 13707: Node n1_adj_387 is collapsed...
Note 13707: Node n1_adj_195 is collapsed...
Note 13707: Node n2_adj_19 is collapsed...
Note 13707: Node n1_adj_18 is collapsed...
Note 13707: Node n6034 is collapsed...
Note 13707: Node n6127 is collapsed...
Note 13707: Node n2_adj_193 is collapsed...
Note 13707: Node n6250 is collapsed...
Note 13707: Node n1_adj_200 is collapsed...
Note 13707: Node n5786 is collapsed...
Note 13707: Node n1_adj_192 is collapsed...
Note 13707: Node n2_adj_391 is collapsed...
Note 13707: Node n34 is collapsed...
Note 13707: Node n6244 is collapsed...
Note 13707: Node n5999 is collapsed...
Note 13707: Node n5854 is collapsed...
Note 13707: Node n3117 is collapsed...
Note 13707: Node n6037 is collapsed...
Note 13707: Node n2_adj_385 is collapsed...
Note 13707: Node n2_adj_190 is collapsed...
Note 13707: Node n5849 is collapsed...
Note 13707: Node lcdRs_N_617 is collapsed...
Note 13707: Node n1_adj_384 is collapsed...
Note 13707: Node n1_adj_189 is collapsed...
Note 13707: Node n6253 is collapsed...
Note 13707: Node n1_adj_5 is collapsed...
Note 13707: Node n2_adj_201 is collapsed...
Note 13707: Node n6122 is collapsed...
Note 13707: Node n2_adj_4 is collapsed...
Note 13707: Node n2_adj_187 is collapsed...
Note 13707: Node n6256 is collapsed...
Note 13707: Node n6040 is collapsed...
Note 13707: Node n6130 is collapsed...
Note 13707: Node n1_adj_186 is collapsed...
Note 13707: Node n5857 is collapsed...
Note 13707: Node i2231 is collapsed...
Note 13707: Node n2_adj_382 is collapsed...
Note 13707: Node n5723 is collapsed...
Note 13707: Node i2238 is collapsed...
Note 13707: Node n1_adj_381 is collapsed...
Note 13707: Node n2_adj_184 is collapsed...
Note 13707: Node n6259 is collapsed...
Note 13707: Node i2245 is collapsed...
Note 13707: Node n5744 is collapsed...
Note 13707: Node n1_adj_183 is collapsed...
Note 13707: Node n32 is collapsed...
Note 13707: Node i2252 is collapsed...
Note 13707: Node n6133 is collapsed...
Note 13707: Node n6262 is collapsed...
Note 13707: Node i2259 is collapsed...
Note 13707: Node n6241 is collapsed...
Note 13707: Node n2_adj_181 is collapsed...
Note 13707: Node n5725 is collapsed...
Note 13707: Node n2_adj_3 is collapsed...
Note 13707: Node n6136 is collapsed...
Note 13707: Node n1_adj_180 is collapsed...
Note 13707: Node n5783 is collapsed...
Note 13707: Node n1_adj_2 is collapsed...
Note 13707: Node n14 is collapsed...
Note 13707: Node n6239 is collapsed...
Note 13707: Node n35 is collapsed...
Note 13707: Node n6184 is collapsed...
Note 13707: Node n2_adj_379 is collapsed...
Note 13707: Node n5728 is collapsed...
Note 13707: Node n6007 is collapsed...
Note 13707: Node n1_adj_378 is collapsed...
Note 13707: Node n2_adj_178 is collapsed...
Note 13707: Node n1_adj_203 is collapsed...
Note 13707: Node n6121 is collapsed...
Note 13707: Node i32 is collapsed...
Note 13707: Node n1_adj_177 is collapsed...
Note 13707: Node n6265 is collapsed...
Note 13707: Node n5742 is collapsed...
Note 13707: Node n5848 is collapsed...
Note 13707: Node n6139 is collapsed...
Note 13707: Node n5816 is collapsed...
Note 13707: Node n5860 is collapsed...
Note 13707: Node n6010 is collapsed...
Note 13707: Node n5788 is collapsed...
Note 13707: Node n2_adj_176 is collapsed...
Note 13707: Node n2_adj_204 is collapsed...
Note 13707: Node n5745 is collapsed...
Note 13707: Node n3649 is collapsed...
Note 13707: Node n1_adj_175 is collapsed...
Note 13707: Node n6268 is collapsed...
Note 13707: Node n5724 is collapsed...
Note 13707: Node n2_adj_377 is collapsed...
Note 13707: Node n1_adj_393 is collapsed...
Note 13707: Node n1_adj_376 is collapsed...
Note 13707: Node n2_adj_173 is collapsed...
Note 13707: Node n6026 is collapsed...
Note 13707: Node n6238 is collapsed...
Note 13707: Node n1_adj_206 is collapsed...
Note 13707: Node n1_adj_172 is collapsed...
Note 13707: Node n6271 is collapsed...
Note 13707: Node n5748 is collapsed...
Note 13707: Node n2_adj_394 is collapsed...
Note 13707: Node n6142 is collapsed...
Note 13707: Node n6013 is collapsed...
Note 13707: Node n6001 is collapsed...
Note 13707: Node n5791 is collapsed...
Note 13707: Node n2_adj_170 is collapsed...
Note 13707: Node n2_adj_16 is collapsed...
Note 13707: Node n5719 is collapsed...
Note 13707: Node n5998 is collapsed...
Note 13707: Node n1_adj_169 is collapsed...
Note 13707: Node n1_adj_15 is collapsed...
Note 13707: Node n6236 is collapsed...
Note 13707: Node n2_adj_375 is collapsed...
Note 13707: Node n2_adj_207 is collapsed...
Note 13707: Node n5751 is collapsed...
Note 13707: Node n1_adj_374 is collapsed...
Note 13707: Node n2_adj_167 is collapsed...
Note 13707: Node n6274 is collapsed...
Note 13707: Node n5754 is collapsed...
Note 13707: Node n1_adj_166 is collapsed...
Note 13707: Node n5727 is collapsed...
Note 13707: Node n5757 is collapsed...
Note 13707: Node n6145 is collapsed...
Note 13707: Node n5863 is collapsed...
Note 13707: Node n6119 is collapsed...
Note 13707: Node n5740 is collapsed...
Note 13707: Node n2_adj_164 is collapsed...
Note 13707: Node n5846 is collapsed...
Note 13707: Node n5721 is collapsed...
Note 13707: Node n5782 is collapsed...
Note 13707: Node n1_adj_163 is collapsed...
Note 13707: Node n6277 is collapsed...
Note 13707: Node n5760 is collapsed...
Note 13707: Node n2_adj_372 is collapsed...
Note 13707: Node n5763 is collapsed...
Note 13707: Node n1_adj_371 is collapsed...
Note 13707: Node n2_adj_161 is collapsed...
Note 13707: Node n5766 is collapsed...
Note 13707: Node n1_adj_160 is collapsed...
Note 13707: Node n5769 is collapsed...
Note 13707: Node n6148 is collapsed...
Note 13707: Node n5996 is collapsed...
Note 13707: Node n5772 is collapsed...
Note 13707: Node n5794 is collapsed...
Note 13707: Node n5818 is collapsed...
Note 13707: Node i2266 is collapsed...
Note 13707: Node n5775 is collapsed...
Note 13707: Node n6235 is collapsed...
Note 13707: Node n1_adj_209 is collapsed...
Note 13707: Node n6187 is collapsed...
Note 13707: Node i2273 is collapsed...
Note 13707: Node n6118 is collapsed...
Note 13707: Node n2_adj_369 is collapsed...
Note 13707: Node n3054 is collapsed...
Note 13707: Node n5778 is collapsed...
Note 13707: Node n1_adj_368 is collapsed...
Note 13707: Node n2_adj_158 is collapsed...
Note 13707: Node n5781 is collapsed...
Note 13707: Node n1_adj_157 is collapsed...
Note 13707: Node n5784 is collapsed...
Note 13707: Node n6233 is collapsed...
Note 13707: Node n5787 is collapsed...
Note 13707: Node n6151 is collapsed...
Note 13707: Node n2_adj_156 is collapsed...
Note 13707: Node n5790 is collapsed...
Note 13707: Node n2_adj_366 is collapsed...
Note 13707: Node n1_adj_155 is collapsed...
Note 13707: Node n5793 is collapsed...
Note 13707: Node n1_adj_365 is collapsed...
Note 13707: Node n5796 is collapsed...
Note 13707: Node n2_adj_210 is collapsed...
Note 13707: Node n2_adj_153 is collapsed...
Note 13707: Node n5799 is collapsed...
Note 13707: Node n1_adj_395 is collapsed...
Note 13707: Node n1_adj_152 is collapsed...
Note 13707: Node n31 is collapsed...
Note 13707: Node n6016 is collapsed...
Note 13707: Node i2280 is collapsed...
Note 13707: Node n5802 is collapsed...
Note 13707: Node n5797 is collapsed...
Note 13707: Node n2_adj_150 is collapsed...
Note 13707: Node i2287 is collapsed...
Note 13707: Node n5805 is collapsed...
Note 13707: Node n2_adj_364 is collapsed...
Note 13707: Node n1_adj_149 is collapsed...
Note 13707: Node i2294 is collapsed...
Note 13707: Node n5808 is collapsed...
Note 13707: Node n1_adj_363 is collapsed...
Note 13707: Node n6232 is collapsed...
Note 13707: Node n5811 is collapsed...
Note 13707: Node n6154 is collapsed...
Note 13707: Node n2_adj_147 is collapsed...
Note 13707: Node n2_adj_13 is collapsed...
Note 13707: Node n5814 is collapsed...
Note 13707: Node n2_adj_396 is collapsed...
Note 13707: Node n5845 is collapsed...
Note 13707: Node n1_adj_146 is collapsed...
Note 13707: Node n1_adj_212 is collapsed...
Note 13707: Node n6116 is collapsed...
Note 13707: Node n6230 is collapsed...
Note 13707: Node n2_adj_213 is collapsed...
Note 13707: Node n5817 is collapsed...
Note 13707: Node n2_adj_144 is collapsed...
Note 13707: Node n1_adj_197 is collapsed...
Note 13707: Node n5820 is collapsed...
Note 13707: Node n2_adj_361 is collapsed...
Note 13707: Node n1_adj_143 is collapsed...
Note 13707: Node n6182 is collapsed...
Note 13707: Node n5823 is collapsed...
Note 13707: Node n6049 is collapsed...
Note 13707: Node n1_adj_360 is collapsed...
Note 13707: Node n6292 is collapsed...
Note 13707: Node n5826 is collapsed...
Note 13707: Node n2_adj_359 is collapsed...
Note 13707: Node n2_adj_141 is collapsed...
Note 13707: Node n6289 is collapsed...
Note 13707: Node n5829 is collapsed...
Note 13707: Node n1_adj_358 is collapsed...
Note 13707: Node n1_adj_140 is collapsed...
Note 13707: Node n5832 is collapsed...
Note 13707: Node n6043 is collapsed...
Note 13707: Node n6157 is collapsed...
Note 13707: Node n5995 is collapsed...
Note 13707: Node n5835 is collapsed...
Note 13707: Node n2_adj_480 is collapsed...
Note 13707: Node n2_adj_357 is collapsed...
Note 13707: Node n6229 is collapsed...
Note 13707: Node i2322 is collapsed...
Note 13707: Node n5838 is collapsed...
Note 13707: Node n1_adj_479 is collapsed...
Note 13707: Node n1_adj_356 is collapsed...
Note 13707: Node i2315 is collapsed...
Note 13707: Node n5841 is collapsed...
Note 13707: Node n2_adj_138 is collapsed...
Note 13707: Node i2301 is collapsed...
Note 13707: Node n5844 is collapsed...
Note 13707: Node n2_adj_354 is collapsed...
Note 13707: Node n1_adj_137 is collapsed...
Note 13707: Node n6115 is collapsed...
Note 13707: Node n5847 is collapsed...
Note 13707: Node n2_adj_478 is collapsed...
Note 13707: Node n1_adj_353 is collapsed...
Note 13707: Node n2_adj_136 is collapsed...
Note 13707: Node i2308 is collapsed...
Note 13707: Node n5850 is collapsed...
Note 13707: Node n1_adj_477 is collapsed...
Note 13707: Node n1_adj_135 is collapsed...
Note 13707: Node i2329 is collapsed...
Note 13707: Node n5853 is collapsed...
Note 13707: Node n2_adj_351 is collapsed...
Note 13707: Node i2336 is collapsed...
Note 13707: Node n5856 is collapsed...
Note 13707: Node n1_adj_215 is collapsed...
Note 13707: Node n1_adj_350 is collapsed...
Note 13707: Node n2_adj_133 is collapsed...
Note 13707: Node i2343 is collapsed...
Note 13707: Node n5859 is collapsed...
Note 13707: Node n1_adj_397 is collapsed...
Note 13707: Node n5800 is collapsed...
Note 13707: Node n1_adj_132 is collapsed...
Note 13707: Node i2350 is collapsed...
Note 13707: Node n5862 is collapsed...
Note 13707: Node n6227 is collapsed...
Note 13707: Node n2_adj_349 is collapsed...
Note 13707: Node i2357 is collapsed...
Note 13707: Node n5865 is collapsed...
Note 13707: Node n2_adj_475 is collapsed...
Note 13707: Node n1_adj_348 is collapsed...
Note 13707: Node n2_adj_130 is collapsed...
Note 13707: Node n5739 is collapsed...
Note 13707: Node n5868 is collapsed...
Note 13707: Node n1_adj_474 is collapsed...
Note 13707: Node n1_adj_129 is collapsed...
Note 13707: Node n5871 is collapsed...
Note 13707: Node n6052 is collapsed...
Note 13707: Node n2_adj_346 is collapsed...
Note 13707: Node n5874 is collapsed...
Note 13707: Node n1_adj_345 is collapsed...
Note 13707: Node n2_adj_127 is collapsed...
Note 13707: Node n5877 is collapsed...
Note 13707: Node n2_adj_216 is collapsed...
Note 13707: Node n2_adj_398 is collapsed...
Note 13707: Node n1_adj_126 is collapsed...
Note 13707: Node n5880 is collapsed...
Note 13707: Node n2_adj_472 is collapsed...
Note 13707: Node n6280 is collapsed...
Note 13707: Node n5883 is collapsed...
Note 13707: Node n1_adj_471 is collapsed...
Note 13707: Node n2_adj_343 is collapsed...
Note 13707: Node n2_adj_124 is collapsed...
Note 13707: Node n1_adj_1 is collapsed...
Note 13707: Node n5886 is collapsed...
Note 13707: Node n5729 is collapsed...
Note 13707: Node n1_adj_342 is collapsed...
Note 13707: Node n1_adj_123 is collapsed...
Note 13707: Node n5889 is collapsed...
Note 13707: Node n6055 is collapsed...
Note 13707: Node n6160 is collapsed...
Note 13707: Node n5892 is collapsed...
Note 13707: Node n2_adj_341 is collapsed...
Note 13707: Node n2_adj_121 is collapsed...
Note 13707: Node n6283 is collapsed...
Note 13707: Node n5895 is collapsed...
Note 13707: Node n5993 is collapsed...
Note 13707: Node n1_adj_340 is collapsed...
Note 13707: Node n1_adj_120 is collapsed...
Note 13707: Node n5866 is collapsed...
Note 13707: Node n5898 is collapsed...
Note 13707: Node n2_adj_469 is collapsed...
Note 13707: Node n2_adj_339 is collapsed...
Note 13707: Node n5821 is collapsed...
Note 13707: Node n5901 is collapsed...
Note 13707: Node n1_adj_468 is collapsed...
Note 13707: Node n6226 is collapsed...
Note 13707: Node n6190 is collapsed...
Note 13707: Node n5904 is collapsed...
Note 13707: Node n6058 is collapsed...
Note 13707: Node n1_adj_217 is collapsed...
Note 13707: Node n5907 is collapsed...
Note 13707: Node n2_adj_336 is collapsed...
Note 13707: Node n6286 is collapsed...
Note 13707: Node n5910 is collapsed...
Note 13707: Node n2 is collapsed...
Note 13707: Node n5842 is collapsed...
Note 13707: Node n2_adj_118 is collapsed...
Note 13707: Node n2_adj_218 is collapsed...
Note 13707: Node n5913 is collapsed...
Note 13707: Node n2_adj_466 is collapsed...
Note 13707: Node n1_adj_117 is collapsed...
Note 13707: Node i1_adj_40 is collapsed...
Note 13707: Node n5916 is collapsed...
Note 13707: Node n1_adj_465 is collapsed...
Note 13707: Node n2_adj_333 is collapsed...
Note 13707: Node n2_adj_116 is collapsed...
Note 13707: Node n6224 is collapsed...
Note 13707: Node n5919 is collapsed...
Note 13707: Node n5746 is collapsed...
Note 13707: Node n6113 is collapsed...
Note 13707: Node n1_adj_115 is collapsed...
Note 13707: Node n5743 is collapsed...
Note 13707: Node n5922 is collapsed...
Note 13707: Node n5992 is collapsed...
Note 13707: Node n6061 is collapsed...
Note 13707: Node n2_adj_331 is collapsed...
Note 13707: Node n6223 is collapsed...
Note 13707: Node n5925 is collapsed...
Note 13707: Node n5815 is collapsed...
Note 13707: Node n2_adj_113 is collapsed...
Note 13707: Node n5928 is collapsed...
Note 13707: Node n6112 is collapsed...
Note 13707: Node n1_adj_112 is collapsed...
Note 13707: Node n5869 is collapsed...
Note 13707: Node n5931 is collapsed...
Note 13707: Node n2_adj_463 is collapsed...
Note 13707: Node n2_adj_329 is collapsed...
Note 13707: Node n5990 is collapsed...
Note 13707: Node n5934 is collapsed...
Note 13707: Node n1_adj_462 is collapsed...
Note 13707: Node n1_adj_328 is collapsed...
Note 13707: Node n2_adj_110 is collapsed...
Note 13707: Node n33 is collapsed...
Note 13707: Node n5937 is collapsed...
Note 13707: Node i2912 is collapsed...
Note 13707: Node n6163 is collapsed...
Note 13707: Node n1_adj_109 is collapsed...
Note 13707: Node n5176 is collapsed...
Note 13707: Node n5940 is collapsed...
Note 13707: Node n6110 is collapsed...
Note 13707: Node i216 is collapsed...
Note 13707: Node n5943 is collapsed...
Note 13707: Node n6124 is collapsed...
Note 13707: Node n2_adj_107 is collapsed...
Note 13707: Node n5946 is collapsed...
Note 13707: Node n5785 is collapsed...
Note 13707: Node n1_adj_106 is collapsed...
Note 13707: Node n5872 is collapsed...
Note 13707: Node n5949 is collapsed...
Note 13707: Node n1_adj_20 is collapsed...
Note 13707: Node n2_adj_326 is collapsed...
Note 13707: Node n2_adj_12 is collapsed...
Note 13707: Node n5952 is collapsed...
Note 13707: Node n1_adj_220 is collapsed...
Note 13707: Node n1_adj_325 is collapsed...
Note 13707: Node n2_adj_104 is collapsed...
Note 13707: Node n5779 is collapsed...
Note 13707: Node n5955 is collapsed...
Note 13707: Node n5803 is collapsed...
Note 13707: Node n1_adj_103 is collapsed...
Note 13707: Node i209 is collapsed...
Note 13707: Node n5958 is collapsed...
Note 13707: Node n2_adj_324 is collapsed...
Note 13707: Node n5726 is collapsed...
Note 13707: Node n5961 is collapsed...
Note 13707: Node n5749 is collapsed...
Note 13707: Node n1_adj_323 is collapsed...
Note 13707: Node n2_adj_101 is collapsed...
Note 13707: Node n5989 is collapsed...
Note 13707: Node n2_adj_458 is collapsed...
Note 13707: Node n6166 is collapsed...
Note 13707: Node n1_adj_100 is collapsed...
Note 13707: Node n2_adj_21 is collapsed...
Note 13707: Node n5964 is collapsed...
Note 13707: Node n1_adj_457 is collapsed...
Note 13707: Node n2_adj_322 is collapsed...
Note 13707: Node n6193 is collapsed...
Note 13707: Node n5875 is collapsed...
Note 13707: Node n5967 is collapsed...
Note 13707: Node n2_adj_221 is collapsed...
Note 13707: Node n1_adj_321 is collapsed...
Note 13707: Node n6109 is collapsed...
Note 13707: Node n5970 is collapsed...
Note 13707: Node n6064 is collapsed...
Note 13707: Node n2_adj_98 is collapsed...
Note 13707: Node n5878 is collapsed...
Note 13707: Node n5973 is collapsed...
Note 13707: Node i202 is collapsed...
Note 13707: Node n2_adj_319 is collapsed...
Note 13707: Node n1_adj_97 is collapsed...
Note 13707: Node n5987 is collapsed...
Note 13707: Node n5976 is collapsed...
Note 13707: Node n2_adj_456 is collapsed...
Note 13707: Node n1_adj_318 is collapsed...
Note 13707: Node n1_adj_22 is collapsed...
Note 13707: Node n5881 is collapsed...
Note 13707: Node n5979 is collapsed...
Note 13707: Node n1_adj_455 is collapsed...
Note 13707: Node n2_adj_317 is collapsed...
Note 13707: Node n2_adj_96 is collapsed...
Note 13707: Node n1_adj_400 is collapsed...
Note 13707: Node n5982 is collapsed...
Note 13707: Node n1_adj_316 is collapsed...
Note 13707: Node n1_adj_95 is collapsed...
Note 13707: Node n5985 is collapsed...
Note 13707: Node i195 is collapsed...
Note 13707: Node n5986 is collapsed...
Note 13707: Node n5988 is collapsed...
Note 13707: Node n2_adj_453 is collapsed...
Note 13707: Node n2_adj_314 is collapsed...
Note 13707: Node n2_adj_94 is collapsed...
Note 13707: Node n5884 is collapsed...
Note 13707: Node n5991 is collapsed...
Note 13707: Node n1_adj_452 is collapsed...
Note 13707: Node n1_adj_313 is collapsed...
Note 13707: Node n2_adj_23 is collapsed...
Note 13707: Node n6028 is collapsed...
Note 13707: Node n5994 is collapsed...
Note 13707: Node n5752 is collapsed...
Note 13707: Node n6196 is collapsed...
Note 13707: Node n2_adj_401 is collapsed...
Note 13707: Node n5997 is collapsed...
Note 13707: Node n2_adj_311 is collapsed...
Note 13707: Node n2_adj_92 is collapsed...
Note 13707: Node n2_adj_198 is collapsed...
Note 13707: Node n6000 is collapsed...
Note 13707: Node n2_adj_224 is collapsed...
Note 13707: Node n1_adj_310 is collapsed...
Note 13707: Node n6107 is collapsed...
Note 13707: Node n6003 is collapsed...
Note 13707: Node n6067 is collapsed...
Note 13707: Node n6004 is collapsed...
Note 13707: Node n1_adj_9 is collapsed...
Note 13707: Node n6006 is collapsed...
Note 13707: Node n2_adj_450 is collapsed...
Note 13707: Node n2_adj_89 is collapsed...
Note 13707: Node n6106 is collapsed...
Note 13707: Node n6009 is collapsed...
Note 13707: Node n1_adj_449 is collapsed...
Note 13707: Node n2_adj_308 is collapsed...
Note 13707: Node n1_adj_88 is collapsed...
Note 13707: Node n5887 is collapsed...
Note 13707: Node n6012 is collapsed...
Note 13707: Node n1_adj_307 is collapsed...
Note 13707: Node n6282 is collapsed...
Note 13707: Node n6015 is collapsed...
Note 13707: Node n5755 is collapsed...
Note 13707: Node n2_adj_306 is collapsed...
Note 13707: Node n2_adj_86 is collapsed...
Note 13707: Node n5890 is collapsed...
Note 13707: Node n6018 is collapsed...
Note 13707: Node n2_adj_447 is collapsed...
Note 13707: Node n1_adj_305 is collapsed...
Note 13707: Node n1_adj_85 is collapsed...
Note 13707: Node n2_adj_227 is collapsed...
Note 13707: Node n6021 is collapsed...
Note 13707: Node n1_adj_403 is collapsed...
Note 13707: Node n2_adj_404 is collapsed...
Note 13707: Node n5893 is collapsed...
Note 13707: Node n6024 is collapsed...
Note 13707: Node n6104 is collapsed...
Note 13707: Node n2_adj_304 is collapsed...
Note 13707: Node n2_adj_83 is collapsed...
Note 13707: Node n5839 is collapsed...
Note 13707: Node n6027 is collapsed...
Note 13707: Node n1_adj_303 is collapsed...
Note 13707: Node n1_adj_82 is collapsed...
Note 13707: Node n5896 is collapsed...
Note 13707: Node n6030 is collapsed...
Note 13707: Node n2_adj_230 is collapsed...
Note 13707: Node n5824 is collapsed...
Note 13707: Node n6025 is collapsed...
Note 13707: Node n6033 is collapsed...
Note 13707: Node n2_adj_444 is collapsed...
Note 13707: Node n2_adj_301 is collapsed...
Note 13707: Node n1_adj_26 is collapsed...
Note 13707: Node n5899 is collapsed...
Note 13707: Node n6036 is collapsed...
Note 13707: Node n1_adj_406 is collapsed...
Note 13707: Node n1_adj_300 is collapsed...
Note 13707: Node n6273 is collapsed...
Note 13707: Node n6039 is collapsed...
Note 13707: Node n5983 is collapsed...
Note 13707: Node n5806 is collapsed...
Note 13707: Node n2_adj_80 is collapsed...
Note 13707: Node n5902 is collapsed...
Note 13707: Node n6042 is collapsed...
Note 13707: Node n2_adj_299 is collapsed...
Note 13707: Node n1_adj_79 is collapsed...
Note 13707: Node n2_adj_27 is collapsed...
Note 13707: Node n6045 is collapsed...
Note 13707: Node n2_adj_233 is collapsed...
Note 13707: Node n1_adj_298 is collapsed...
Note 13707: Node n2_adj_78 is collapsed...
Note 13707: Node n5905 is collapsed...
Note 13707: Node n6019 is collapsed...
Note 13707: Node n6046 is collapsed...
Note 13707: Node n2_adj_407 is collapsed...
Note 13707: Node n1_adj_77 is collapsed...
Note 13707: Node n6270 is collapsed...
Note 13707: Node n6048 is collapsed...
Note 13707: Node n2_adj_441 is collapsed...
Note 13707: Node n2_adj_296 is collapsed...
Note 13707: Node n6103 is collapsed...
Note 13707: Node n5908 is collapsed...
Note 13707: Node n6051 is collapsed...
Note 13707: Node n6267 is collapsed...
Note 13707: Node n1_adj_295 is collapsed...
Note 13707: Node n30 is collapsed...
Note 13707: Node n1_adj_29 is collapsed...
Note 13707: Node n6054 is collapsed...
Note 13707: Node n6169 is collapsed...
Note 13707: Node n6199 is collapsed...
Note 13707: Node n5911 is collapsed...
Note 13707: Node n6057 is collapsed...
Note 13707: Node n6070 is collapsed...
Note 13707: Node n2_adj_294 is collapsed...
Note 13707: Node n6060 is collapsed...
Note 13707: Node n5758 is collapsed...
Note 13707: Node n1_adj_293 is collapsed...
Note 13707: Node n2_adj_75 is collapsed...
Note 13707: Node n6264 is collapsed...
Note 13707: Node n6063 is collapsed...
Note 13707: Node n29 is collapsed...
Note 13707: Node n2_adj_30 is collapsed...
Note 13707: Node n1_adj_74 is collapsed...
Note 13707: Node n2_adj_236 is collapsed...
Note 13707: Node n6066 is collapsed...
Note 13707: Node n5914 is collapsed...
Note 13707: Node n6069 is collapsed...
Note 13707: Node n2_adj_291 is collapsed...
Note 13707: Node n2_adj_72 is collapsed...
Note 13707: Node n6101 is collapsed...
Note 13707: Node n6072 is collapsed...
Note 13707: Node n2_adj_438 is collapsed...
Note 13707: Node n1_adj_290 is collapsed...
Note 13707: Node n1_adj_71 is collapsed...
Note 13707: Node n6075 is collapsed...
Note 13707: Node n6261 is collapsed...
Note 13707: Node n2_adj_289 is collapsed...
Note 13707: Node n5827 is collapsed...
Note 13707: Node n5917 is collapsed...
Note 13707: Node n6078 is collapsed...
Note 13707: Node n5980 is collapsed...
Note 13707: Node n1_adj_288 is collapsed...
Note 13707: Node n2_adj_70 is collapsed...
Note 13707: Node n6221 is collapsed...
Note 13707: Node n6081 is collapsed...
Note 13707: Node n1_adj_237 is collapsed...
Note 13707: Node n2_adj_287 is collapsed...
Note 13707: Node n1_adj_69 is collapsed...
Note 13707: Node n5920 is collapsed...
Note 13707: Node n6084 is collapsed...
Note 13707: Node n5761 is collapsed...
Note 13707: Node n1_adj_286 is collapsed...
Note 13707: Node n6258 is collapsed...
Note 13707: Node n6087 is collapsed...
Note 13707: Node n6073 is collapsed...
Note 13707: Node n28 is collapsed...
Note 13707: Node n6090 is collapsed...
Note 13707: Node n2_adj_436 is collapsed...
Note 13707: Node n2_adj_284 is collapsed...
Note 13707: Node n6220 is collapsed...
Note 13707: Node n5923 is collapsed...
Note 13707: Node n6093 is collapsed...
Note 13707: Node n2_adj_238 is collapsed...
Note 13707: Node n1_adj_283 is collapsed...
Note 13707: Node n2_adj_68 is collapsed...
Note 13707: Node n1_adj_409 is collapsed...
Note 13707: Node n6096 is collapsed...
Note 13707: Node n27 is collapsed...
Note 13707: Node n6172 is collapsed...
Note 13707: Node n1_adj_67 is collapsed...
Note 13707: Node n5926 is collapsed...
Note 13707: Node n6099 is collapsed...
Note 13707: Node n6218 is collapsed...
Note 13707: Node n2_adj_282 is collapsed...
Note 13707: Node n2_adj_410 is collapsed...
Note 13707: Node n6102 is collapsed...
Note 13707: Node n1_adj_281 is collapsed...
Note 13707: Node n2_adj_65 is collapsed...
Note 13707: Node n5929 is collapsed...
Note 13707: Node n6105 is collapsed...
Note 13707: Node n6076 is collapsed...
Note 13707: Node n6255 is collapsed...
Note 13707: Node n6217 is collapsed...
Note 13707: Node n6181 is collapsed...
Note 13707: Node n6108 is collapsed...
Note 13707: Node n2_adj_433 is collapsed...
Note 13707: Node n2_adj_280 is collapsed...
Note 13707: Node n6202 is collapsed...
Note 13707: Node n5932 is collapsed...
Note 13707: Node n6111 is collapsed...
Note 13707: Node n6100 is collapsed...
Note 13707: Node n1_adj_279 is collapsed...
Note 13707: Node n6252 is collapsed...
Note 13707: Node n5977 is collapsed...
Note 13707: Node n6114 is collapsed...
Note 13707: Node n1_adj_31 is collapsed...
Note 13707: Node n5830 is collapsed...
Note 13707: Node n5935 is collapsed...
Note 13707: Node n6117 is collapsed...
Note 13707: Node n5764 is collapsed...
Note 13707: Node n2_adj_277 is collapsed...
Note 13707: Node n6205 is collapsed...
Note 13707: Node n5776 is collapsed...
Note 13707: Node n6120 is collapsed...
Note 13707: Node n1_adj_276 is collapsed...
Note 13707: Node n6249 is collapsed...
Note 13707: Node n6123 is collapsed...
Note 13707: Node n6079 is collapsed...
Note 13707: Node n5809 is collapsed...
Note 13707: Node n2_adj_62 is collapsed...
Note 13707: Node n5938 is collapsed...
Note 13707: Node n6126 is collapsed...
Note 13707: Node n2_adj_430 is collapsed...
Note 13707: Node n26 is collapsed...
Note 13707: Node n1_adj_61 is collapsed...
Note 13707: Node n2_adj_32 is collapsed...
Note 13707: Node n6129 is collapsed...
Note 13707: Node n2_adj_241 is collapsed...
Note 13707: Node n6175 is collapsed...
Note 13707: Node n5941 is collapsed...
Note 13707: Node n6132 is collapsed...
Note 13707: Node n2_adj_59 is collapsed...
Note 13707: Node n6135 is collapsed...
Note 13707: Node n2_adj_274 is collapsed...
Note 13707: Node n1_adj_58 is collapsed...
Note 13707: Node n21 is collapsed...
Note 13707: Node n6138 is collapsed...
Note 13707: Node n6246 is collapsed...
Note 13707: Node n1_adj_273 is collapsed...
Note 13707: Node n2_adj_57 is collapsed...
Note 13707: Node n6141 is collapsed...
Note 13707: Node n6243 is collapsed...
Note 13707: Node n1_adj_33 is collapsed...
Note 13707: Node n1_adj_56 is collapsed...
Note 13707: Node n22 is collapsed...
Note 13707: Node n6144 is collapsed...
Note 13707: Node n6082 is collapsed...
Note 13707: Node n2_adj_272 is collapsed...
Note 13707: Node n1_adj_243 is collapsed...
Note 13707: Node n1_adj_412 is collapsed...
Note 13707: Node n6147 is collapsed...
Note 13707: Node n2_adj_427 is collapsed...
Note 13707: Node n1_adj_271 is collapsed...
Note 13707: Node n6240 is collapsed...
Note 13707: Node n5944 is collapsed...
Note 13707: Node n6150 is collapsed...
Note 13707: Node n2_adj_34 is collapsed...
Note 13707: Node n2_adj_270 is collapsed...
Note 13707: Node n2_adj_55 is collapsed...
Note 13707: Node n2_adj_244 is collapsed...
Note 13707: Node n2_adj_413 is collapsed...
Note 13707: Node n1_adj_269 is collapsed...
Note 13707: Node n1_adj_54 is collapsed...
Note 13707: Node n5947 is collapsed...
Note 13707: Node n6153 is collapsed...
Note 13707: Node n6237 is collapsed...
Note 13707: Node n6215 is collapsed...
Note 13707: Node n6156 is collapsed...
Note 13707: Node n5767 is collapsed...
Note 13707: Node n2_adj_267 is collapsed...
Note 13707: Node n2_adj_52 is collapsed...
Note 13707: Node n5950 is collapsed...
Note 13707: Node n6159 is collapsed...
Note 13707: Node n6085 is collapsed...
Note 13707: Node n1_adj_266 is collapsed...
Note 13707: Node n1_adj_51 is collapsed...
Note 13707: Node n6097 is collapsed...
Note 13707: Node n6162 is collapsed...
Note 13707: Node n2_adj_424 is collapsed...
Note 13707: Node n2_adj_265 is collapsed...
Note 13707: Node n6208 is collapsed...
Note 13707: Node n5953 is collapsed...
Note 13707: Node n6165 is collapsed...
Note 13707: Node n6234 is collapsed...
Note 13707: Node n1_adj_264 is collapsed...
Note 13707: Node n1_adj_246 is collapsed...
Note 13707: Node n6231 is collapsed...
Note 13707: Node n6168 is collapsed...
Note 13707: Node n6178 is collapsed...
Note 13707: Node n5833 is collapsed...
Note 13707: Node n6171 is collapsed...
Note 13707: Node n5650 is collapsed...
Note 13707: Node n2_adj_263 is collapsed...
Note 13707: Node n2_adj_36 is collapsed...
Note 13707: Node n23 is collapsed...
Note 13707: Node n6174 is collapsed...
Note 13707: Node n2_adj_247 is collapsed...
Note 13707: Node n1_adj_262 is collapsed...
Note 13707: Node n5956 is collapsed...
Note 13707: Node n6177 is collapsed...
Note 13707: Node n6088 is collapsed...
Note 13707: Node n6228 is collapsed...
Note 13707: Node n2_adj_49 is collapsed...
Note 13707: Node n1_adj_415 is collapsed...
Note 13707: Node n6180 is collapsed...
Note 13707: Node n2_adj_421 is collapsed...
Note 13707: Node n2_adj_261 is collapsed...
Note 13707: Node n1_adj_48 is collapsed...
Note 13707: Node n5959 is collapsed...
Note 13707: Node n6183 is collapsed...
Note 13707: Node n6225 is collapsed...
Note 13707: Node n5974 is collapsed...
Note 13707: Node n6186 is collapsed...
Note 13707: Node n5770 is collapsed...
Note 13707: Node n5812 is collapsed...
Note 13707: Node n2_adj_47 is collapsed...
Note 13707: Node n24 is collapsed...
Note 13707: Node n6189 is collapsed...
Note 13707: Node n6214 is collapsed...
Note 13707: Node n1_adj_249 is collapsed...
Note 13707: Node n1_adj_46 is collapsed...
Note 13707: Node n2_adj_416 is collapsed...
Note 13707: Node n6192 is collapsed...
Note 13707: Node n6222 is collapsed...
Note 13707: Node n5836 is collapsed...
Note 13707: Node n2_adj_250 is collapsed...
Note 13707: Node n6022 is collapsed...
Note 13707: Node n6091 is collapsed...
Note 13707: Node n2_adj_258 is collapsed...
Note 13707: Node n2_adj_44 is collapsed...
Note 13707: Node n5962 is collapsed...
Note 13707: Node n6195 is collapsed...
Note 13707: Node n6219 is collapsed...
Note 13707: Node n1_adj_257 is collapsed...
Note 13707: Node n1_adj_43 is collapsed...
Note 13707: Node n5971 is collapsed...
Note 13707: Node n6198 is collapsed...
Note 13707: Node n6212 is collapsed...
Note 13707: Node n6211 is collapsed...
Note 13707: Node n2_adj_8 is collapsed...
Note 13707: Node n6201 is collapsed...
Note 13707: Node n2_adj_256 is collapsed...
Note 13707: Node n2_adj_42 is collapsed...
Note 13707: Node n1_adj_7 is collapsed...
Note 13707: Node n6204 is collapsed...
Note 13707: Node n6094 is collapsed...
Note 13707: Node n1_adj_255 is collapsed...
Note 13707: Node n1_adj_41 is collapsed...
Note 13707: Node n5965 is collapsed...
Note 13707: Node n6207 is collapsed...
Note 13707: Node n2_adj_418 is collapsed...
Note 13707: Node n6216 is collapsed...
Note 13707: Node n6210 is collapsed...
Note 13707: Node n1_adj_252 is collapsed...
Note 13707: Node n2_adj_253 is collapsed...
Note 13707: Node n2_adj_39 is collapsed...
Note 13707: Node n5968 is collapsed...
Note 13707: Node n6213 is collapsed...
Note 13707: Node n5773 is collapsed...
Note 13707: Node n6285 is collapsed...
Note 13707: Node n4374 is collapsed...
Note 13707: Node n3033 is collapsed...
Note 13707: Node n5113 is collapsed...
Note 13707: Node n5078 is collapsed...
Note 13707: Node n5155 is collapsed...
Note 13707: Node n5127 is collapsed...
Note 13707: Node n5057 is collapsed...
Note 13707: Node n5099 is collapsed...
Note 13707: Node n3047 is collapsed...
Note 13707: Node n1_adj_482 is collapsed...
Note 13707: Node n44 is collapsed...
Note 13707: Node n40 is collapsed...
Note 13707: Node n3644 is collapsed...
Note 13707: Node n5169 is collapsed...
Note 13707: Node n5141 is collapsed...
Note 13707: Node n6279 is collapsed...
Note 13707: Node n3731 is collapsed...
Note 13707: Node n6287 is collapsed...
Note 13707: Node n6290 is collapsed...
Note 13707: Node n6293 is collapsed...
Note 13707: Node n1_adj_25 is collapsed...
Note 13707: Node n7 is collapsed...
Note 13707: Node n3806 is collapsed...
Note 13707: Node n20 is collapsed...
Note 13707: Node n5092 is collapsed...
Note 13707: Node n5071 is collapsed...
Note 13707: Node n6248 is collapsed...
Note 13707: Node n5768 is collapsed...
Note 13707: Node n6209 is collapsed...
Note 13707: Node n6089 is collapsed...
Note 13707: Node n6032 is collapsed...
Note 13707: Node n5951 is collapsed...
Note 13707: Node n6002 is collapsed...
Note 13707: Node n5948 is collapsed...
Note 13707: Node n6083 is collapsed...
Note 13707: Node n6020 is collapsed...
Note 13707: Node n5945 is collapsed...
Note 13707: Node n6245 is collapsed...
Note 13707: Node n5852 is collapsed...
Note 13707: Node n5831 is collapsed...
Note 13707: Node n5942 is collapsed...
Note 13707: Node n6206 is collapsed...
Note 13707: Node n6176 is collapsed...
Note 13707: Node n5837 is collapsed...
Note 13707: Node n5765 is collapsed...
Note 13707: Node n6098 is collapsed...
Note 13707: Node n6080 is collapsed...
Note 13707: Node n6251 is collapsed...
Note 13707: Node n5939 is collapsed...
Note 13707: Node n6173 is collapsed...
Note 13707: Node n5936 is collapsed...
Note 13707: Node n6035 is collapsed...
Note 13707: Node n6128 is collapsed...
Note 13707: Node n6077 is collapsed...
Note 13707: Node n5933 is collapsed...
Note 13707: Node n6203 is collapsed...
Note 13707: Node n5966 is collapsed...
Note 13707: Node n5930 is collapsed...
Note 13707: Node n5978 is collapsed...
Note 13707: Node n5855 is collapsed...
Note 13707: Node n5807 is collapsed...
Note 13707: Node n5927 is collapsed...
Note 13707: Node n5762 is collapsed...
Note 13707: Node n6023 is collapsed...
Note 13707: Node n6074 is collapsed...
Note 13707: Node n5924 is collapsed...
Note 13707: Node n6038 is collapsed...
Note 13707: Node n6200 is collapsed...
Note 13707: Node n5828 is collapsed...
Note 13707: Node n5921 is collapsed...
Note 13707: Node n5759 is collapsed...
Note 13707: Node n5918 is collapsed...
Note 13707: Node n6071 is collapsed...
Note 13707: Node n6254 is collapsed...
Note 13707: Node n5915 is collapsed...
Note 13707: Node n5912 is collapsed...
Note 13707: Node n6170 is collapsed...
Note 13707: Node n6257 is collapsed...
Note 13707: Node n5777 is collapsed...
Note 13707: Node n6131 is collapsed...
Note 13707: Node n5969 is collapsed...
Note 13707: Node n5909 is collapsed...
Note 13707: Node n6260 is collapsed...
Note 13707: Node n6134 is collapsed...
Note 13707: Node n5981 is collapsed...
Note 13707: Node n5825 is collapsed...
Note 13707: Node n5906 is collapsed...
Note 13707: Node n5834 is collapsed...
Note 13707: Node n6092 is collapsed...
Note 13707: Node n5903 is collapsed...
Note 13707: Node n6179 is collapsed...
Note 13707: Node n5900 is collapsed...
Note 13707: Node n5858 is collapsed...
Note 13707: Node n6263 is collapsed...
Note 13707: Node n5984 is collapsed...
Note 13707: Node n6276 is collapsed...
Note 13707: Node n6008 is collapsed...
Note 13707: Node n6137 is collapsed...
Note 13707: Node n6197 is collapsed...
Note 13707: Node n5897 is collapsed...
Note 13707: Node n5756 is collapsed...
Note 13707: Node n5894 is collapsed...
Note 13707: Node n6266 is collapsed...
Note 13707: Node n6140 is collapsed...
Note 13707: Node n5741 is collapsed...
Note 13707: Node n6068 is collapsed...
Note 13707: Node n5813 is collapsed...
Note 13707: Node n6167 is collapsed...
Note 13707: Node n6011 is collapsed...
Note 13707: Node n5891 is collapsed...
Note 13707: Node n6269 is collapsed...
Note 13707: Node n5888 is collapsed...
Note 13707: Node n5861 is collapsed...
Note 13707: Node n5840 is collapsed...
Note 13707: Node n5789 is collapsed...
Note 13707: Node n5810 is collapsed...
Note 13707: Node n5963 is collapsed...
Note 13707: Node n5954 is collapsed...
Note 13707: Node n5804 is collapsed...
Note 13707: Node n6095 is collapsed...
Note 13707: Node n5753 is collapsed...
Note 13707: Node n5885 is collapsed...
Note 13707: Node n6143 is collapsed...
Note 13707: Node n6029 is collapsed...
Note 13707: Node n6014 is collapsed...
Note 13707: Node n5822 is collapsed...
Note 13707: Node n6065 is collapsed...
Note 13707: Node n5882 is collapsed...
Note 13707: Node n6194 is collapsed...
Note 13707: Node n5879 is collapsed...
Note 13707: Node n5750 is collapsed...
Note 13707: Node n5876 is collapsed...
Note 13707: Node n6062 is collapsed...
Note 13707: Node n5873 is collapsed...
Note 13707: Node n6125 is collapsed...
Note 13707: Node n5774 is collapsed...
Note 13707: Node n6272 is collapsed...
Note 13707: Node n5792 is collapsed...
Note 13707: Node n5747 is collapsed...
Note 13707: Node n6164 is collapsed...
Note 13707: Node n5870 is collapsed...
Note 13707: Node n5801 is collapsed...
Note 13707: Node n6275 is collapsed...
Note 13707: Node i223 is collapsed...
Note 13707: Node n5957 is collapsed...
Note 13707: Node n6161 is collapsed...
Note 13707: Node n6146 is collapsed...
Note 13707: Node n6047 is collapsed...
Note 13707: Node n6044 is collapsed...
Note 13707: Node n5867 is collapsed...
Note 13707: Node n6185 is collapsed...
Note 13707: Node n5975 is collapsed...
Note 13707: Node n5771 is collapsed...
Note 13707: Node n5960 is collapsed...
Note 13707: Node n6041 is collapsed...
Note 13707: Node n6059 is collapsed...
Note 13707: Node n6191 is collapsed...
Note 13707: Node n6149 is collapsed...
Note 13707: Node n6056 is collapsed...
Note 13707: Node n6188 is collapsed...
Note 13707: Node n6158 is collapsed...
Note 13707: Node n6053 is collapsed...
Note 13707: Node n6050 is collapsed...
Note 13707: Node n5795 is collapsed...
Note 13707: Node n5843 is collapsed...
Note 13707: Node n6152 is collapsed...
Note 13707: Node n6086 is collapsed...
Note 13707: Node n5819 is collapsed...
Note 13707: Node n5780 is collapsed...
Note 13707: Node n5972 is collapsed...
Note 13707: Node n5864 is collapsed...
Note 13707: Node n6155 is collapsed...
Note 13707: Node n6017 is collapsed...
Note 13707: Node n5798 is collapsed...
Note 13707: Node clk_50m_c is collapsed...
Note 13707: Node n3040 is collapsed...
Note 13707: Node n5162 is collapsed...
Note 13707: Node n5120 is collapsed...
Note 13707: Node n60 is collapsed...
Note 13707: Node reset_c is collapsed...
Note 13707: Node n5720 is collapsed...
Note 13707: Node n2212 is collapsed...
Note 13707: Node n5064 is collapsed...
Note 13707: Node n1_adj_417 is collapsed...
Note 13707: Node n1_adj_420 is collapsed...
Note 13707: Node n1_adj_332 is collapsed...
Note 13707: Node n1_adj_330 is collapsed...
Note 13707: Node n1_adj_38 is collapsed...
Note 13707: Node n1_adj_335 is collapsed...
Note 13707: Node n1_adj_423 is collapsed...
Note 13707: Node n1_adj_11 is collapsed...
Note 13707: Node n1_adj_93 is collapsed...
Note 13707: Node n1_adj_223 is collapsed...
Note 13707: Node n1_adj_91 is collapsed...
Note 13707: Node n5258 is collapsed...
Note 13707: Node n1_adj_426 is collapsed...
Note 13707: Node n1_adj_260 is collapsed...
Note 13707: Node n1_adj_429 is collapsed...
Note 13707: Node n1_adj_226 is collapsed...
Note 13707: Node n1_adj_240 is collapsed...
Note 13707: Node n1_adj_446 is collapsed...
Note 13707: Node n1_adj_35 is collapsed...
Note 13707: Node n1_adj_432 is collapsed...
Note 13707: Node n1_adj_64 is collapsed...
Note 13707: Node n1_adj_229 is collapsed...
Note 13707: Node n1_adj_435 is collapsed...
Note 13707: Node n3637 is collapsed...
Note 13707: Node n1_adj_443 is collapsed...
Note 13707: Node n1_adj_437 is collapsed...
Note 13707: Node n1_adj_232 is collapsed...
Note 13707: Node n1_adj_338 is collapsed...
Note 13707: Node n1_adj_235 is collapsed...
Note 13707: Node n1_adj_440 is collapsed...
Note 13707: Node n1845 is collapsed...
Note 13707: Node n3012 is collapsed...
Note 13707: Node lcdRs_N_619 is collapsed...
Note 13707: Node n3800 is collapsed...
Note 13707: Node n36 is collapsed...
Note 13707: Fmax mode optimizing 5 critical paths, 5 levels ...
Note 13707: Fmax mode optimizing 5 critical paths, 4 levels ...
Note 13707: Fmax mode optimizing 11 critical paths, 3 levels ...
Note 13707: Fmax mode optimizing 409 critical paths, 2 levels ...
Note 13707: Node n2185 is collapsed...
Note 13707: Node n3804 is collapsed...
Note 13707: Node n3805 is collapsed...
Note 13707: Fmax mode optimizing 186 critical paths, 2 levels ...
Note 13707: Fmax mode optimizing 174 critical paths, 2 levels ...
Note 13707: Fmax mode optimizing 173 critical paths, 2 levels ...
Note 13707: Fmax mode stopped. 173 critical paths, 2 levels
Control path optimization...
Performing 'bypin choose' optimization...
....................................Note    0: 
Estimated (clusters + macrocells): 241, Fmax Logic Level: 2
Note    0: Fmax mode did not meet constraint of 1 levels
Writing Open-ABEL 2 (BLIF) file lab13.bl3...
Note    0: 
BLIFOPT complete - Time 6 seconds
Done: completed successfully.

Starting: 'D:\ispLEVER_Classic2_1\ispcpld\bin\abelvci.exe -vci lab13.lct -dev lc4k -diofft lab13.d0'

Done: completed successfully.

Starting: 'D:\ispLEVER_Classic2_1\ispcpld\bin\mdiofft.exe lab13.bl3 -family AMDMACH -idev van -o lab13.bl4 -oxrf lab13.xrf -err automake.err @lab13.d0 -gui'

DIOFFT  Flip-Flop Transformation program
ispLEVER Classic 2.1 Copyright 1992-2020 Lattice Semiconductor. All Rights Reserved.
Input file: lab13.bl3.
Output file: lab13.bl4.
Cross reference file: lab13.xrf.

.......................................................................
.......................................................................
.......................................................................
.......................................................................
.......................................................................
.......................................................................
.......................................................................
.......................................................................
.......................................................................
.......................................................................
.......................................................................
.......................................................................
.......................................................................
.......................................................................
.......................................................................
.......................................................................
.........
Shortening signal names...
Writing signal name cross reference file lab13.xrf... 

DIOFFT complete - Time 0 seconds
Done: completed successfully.

Starting: 'D:\ispLEVER_Classic2_1\ispcpld\bin\abelvci.exe -vci lab13.lct -dev lc4k -prefit lab13.l0'

Done: completed successfully.

Starting: 'D:\ispLEVER_Classic2_1\ispcpld\bin\prefit.exe -blif -inp lab13.bl4 -out lab13.bl5 -err automake.err -log lab13.log -mod lcd1602 @lab13.l0 -gui -sc'

Prefit Logic Optimizer (May 31 2012)  Fri May 13 09:17:06 2022

D:\ispLEVER_Classic2_1\ispcpld\bin\prefit.exe -blif -inp lab13.bl4 -out lab13.bl5 -err automake.err -log lab13.log -mod lcd1602 @lab13.l0 -gui -sc 
<Note> F34000: dispCount_i0_i5.CE has too many product terms. An node will be applied.
<Note> F34000: dispCount_i0_i4.CE has too many product terms. An node will be applied.
<Note> F34000: dispCount_i0_i3.CE has too many product terms. An node will be applied.
<Note> F34000: dispCount_i0_i2.CE has too many product terms. An node will be applied.
<Note> F34000: dispCount_i0_i1.CE has too many product terms. An node will be applied.
<Note> F34000: dispCount_i0_i0.CE has too many product terms. An node will be applied.
<Note> F34000: dataInBuf_i0_i254.CE has too many product terms. An node will be applied.
<Note> F34000: dataInBuf_i0_i253.CE has too many product terms. An node will be applied.
<Note> F34000: dataInBuf_i0_i252.CE has too many product terms. An node will be applied.
<Note> F34000: dataInBuf_i0_i251.CE has too many product terms. An node will be applied.
<Note> F34000: dataInBuf_i0_i250.CE has too many product terms. An node will be applied.
<Note> F34000: dataInBuf_i0_i249.CE has too many product terms. An node will be applied.
<Note> F34000: dataInBuf_i0_i248.CE has too many product terms. An node will be applied.
<Note> F34000: dataInBuf_i0_i246.CE has too many product terms. An node will be applied.
<Note> F34000: dataInBuf_i0_i245.CE has too many product terms. An node will be applied.
<Note> F34000: dataInBuf_i0_i244.CE has too many product terms. An node will be applied.
<Note> F34000: dataInBuf_i0_i243.CE has too many product terms. An node will be applied.
<Note> F34000: dataInBuf_i0_i242.CE has too many product terms. An node will be applied.
<Note> F34000: dataInBuf_i0_i241.CE has too many product terms. An node will be applied.
<Note> F34000: dataInBuf_i0_i240.CE has too many product terms. An node will be applied.
<Note> F34000: dataInBuf_i0_i238.CE has too many product terms. An node will be applied.
<Note> F34000: dataInBuf_i0_i237.CE has too many product terms. An node will be applied.
<Note> F34000: dataInBuf_i0_i236.CE has too many product terms. An node will be applied.
<Note> F34000: dataInBuf_i0_i235.CE has too many product terms. An node will be applied.
<Note> F34000: dataInBuf_i0_i234.CE has too many product terms. An node will be applied.
<Note> F34000: dataInBuf_i0_i233.CE has too many product terms. An node will be applied.
<Note> F34000: dataInBuf_i0_i232.CE has too many product terms. An node will be applied.
<Note> F34000: dataInBuf_i0_i230.CE has too many product terms. An node will be applied.
<Note> F34000: dataInBuf_i0_i229.CE has too many product terms. An node will be applied.
<Note> F34000: dataInBuf_i0_i228.CE has too many product terms. An node will be applied.
<Note> F34000: dataInBuf_i0_i227.CE has too many product terms. An node will be applied.
<Note> F34000: dataInBuf_i0_i226.CE has too many product terms. An node will be applied.
<Note> F34000: dataInBuf_i0_i225.CE has too many product terms. An node will be applied.
<Note> F34000: dataInBuf_i0_i224.CE has too many product terms. An node will be applied.
<Note> F34000: dataInBuf_i0_i222.CE has too many product terms. An node will be applied.
<Note> F34000: dataInBuf_i0_i221.CE has too many product terms. An node will be applied.
<Note> F34000: dataInBuf_i0_i220.CE has too many product terms. An node will be applied.
<Note> F34000: dataInBuf_i0_i219.CE has too many product terms. An node will be applied.
<Note> F34000: dataInBuf_i0_i218.CE has too many product terms. An node will be applied.
<Note> F34000: dataInBuf_i0_i217.CE has too many product terms. An node will be applied.
<Note> F34000: dataInBuf_i0_i216.CE has too many product terms. An node will be applied.
<Note> F34000: dataInBuf_i0_i214.CE has too many product terms. An node will be applied.
<Note> F34000: dataInBuf_i0_i213.CE has too many product terms. An node will be applied.
<Note> F34000: dataInBuf_i0_i212.CE has too many product terms. An node will be applied.
<Note> F34000: dataInBuf_i0_i211.CE has too many product terms. An node will be applied.
<Note> F34000: dataInBuf_i0_i210.CE has too many product terms. An node will be applied.
<Note> F34000: dataInBuf_i0_i209.CE has too many product terms. An node will be applied.
<Note> F34000: dataInBuf_i0_i208.CE has too many product terms. An node will be applied.
<Note> F34000: dataInBuf_i0_i206.CE has too many product terms. An node will be applied.
<Note> F34000: dataInBuf_i0_i205.CE has too many product terms. An node will be applied.
<Note> F34000: dataInBuf_i0_i204.CE has too many product terms. An node will be applied.
<Note> F34000: dataInBuf_i0_i203.CE has too many product terms. An node will be applied.
<Note> F34000: dataInBuf_i0_i202.CE has too many product terms. An node will be applied.
<Note> F34000: dataInBuf_i0_i201.CE has too many product terms. An node will be applied.
<Note> F34000: dataInBuf_i0_i200.CE has too many product terms. An node will be applied.
<Note> F34000: dataInBuf_i0_i198.CE has too many product terms. An node will be applied.
<Note> F34000: dataInBuf_i0_i197.CE has too many product terms. An node will be applied.
<Note> F34000: dataInBuf_i0_i196.CE has too many product terms. An node will be applied.
<Note> F34000: dataInBuf_i0_i195.CE has too many product terms. An node will be applied.
<Note> F34000: dataInBuf_i0_i194.CE has too many product terms. An node will be applied.
<Note> F34000: dataInBuf_i0_i193.CE has too many product terms. An node will be applied.
<Note> F34000: dataInBuf_i0_i192.CE has too many product terms. An node will be applied.
<Note> F34000: dataInBuf_i0_i190.CE has too many product terms. An node will be applied.
<Note> F34000: dataInBuf_i0_i189.CE has too many product terms. An node will be applied.
<Note> F34000: dataInBuf_i0_i188.CE has too many product terms. An node will be applied.
<Note> F34000: dataInBuf_i0_i187.CE has too many product terms. An node will be applied.
<Note> F34000: dataInBuf_i0_i186.CE has too many product terms. An node will be applied.
<Note> F34000: dataInBuf_i0_i185.CE has too many product terms. An node will be applied.
<Note> F34000: dataInBuf_i0_i184.CE has too many product terms. An node will be applied.
<Note> F34000: dataInBuf_i0_i182.CE has too many product terms. An node will be applied.
<Note> F34000: dataInBuf_i0_i181.CE has too many product terms. An node will be applied.
<Note> F34000: dataInBuf_i0_i180.CE has too many product terms. An node will be applied.
<Note> F34000: dataInBuf_i0_i179.CE has too many product terms. An node will be applied.
<Note> F34000: dataInBuf_i0_i178.CE has too many product terms. An node will be applied.
<Note> F34000: dataInBuf_i0_i177.CE has too many product terms. An node will be applied.
<Note> F34000: dataInBuf_i0_i176.CE has too many product terms. An node will be applied.
<Note> F34000: dataInBuf_i0_i174.CE has too many product terms. An node will be applied.
<Note> F34000: dataInBuf_i0_i173.CE has too many product terms. An node will be applied.
<Note> F34000: dataInBuf_i0_i172.CE has too many product terms. An node will be applied.
<Note> F34000: dataInBuf_i0_i171.CE has too many product terms. An node will be applied.
<Note> F34000: dataInBuf_i0_i170.CE has too many product terms. An node will be applied.
<Note> F34000: dataInBuf_i0_i169.CE has too many product terms. An node will be applied.
<Note> F34000: dataInBuf_i0_i168.CE has too many product terms. An node will be applied.
<Note> F34000: dataInBuf_i0_i166.CE has too many product terms. An node will be applied.
<Note> F34000: dataInBuf_i0_i165.CE has too many product terms. An node will be applied.
<Note> F34000: dataInBuf_i0_i164.CE has too many product terms. An node will be applied.
<Note> F34000: dataInBuf_i0_i163.CE has too many product terms. An node will be applied.
<Note> F34000: dataInBuf_i0_i162.CE has too many product terms. An node will be applied.
<Note> F34000: dataInBuf_i0_i161.CE has too many product terms. An node will be applied.
<Note> F34000: dataInBuf_i0_i160.CE has too many product terms. An node will be applied.
<Note> F34000: dataInBuf_i0_i158.CE has too many product terms. An node will be applied.
<Note> F34000: dataInBuf_i0_i157.CE has too many product terms. An node will be applied.
<Note> F34000: dataInBuf_i0_i156.CE has too many product terms. An node will be applied.
<Note> F34000: dataInBuf_i0_i155.CE has too many product terms. An node will be applied.
<Note> F34000: dataInBuf_i0_i154.CE has too many product terms. An node will be applied.
<Note> F34000: dataInBuf_i0_i153.CE has too many product terms. An node will be applied.
<Note> F34000: dataInBuf_i0_i152.CE has too many product terms. An node will be applied.
<Note> F34000: dataInBuf_i0_i150.CE has too many product terms. An node will be applied.
<Note> F34000: dataInBuf_i0_i149.CE has too many product terms. An node will be applied.
<Note> F34000: dataInBuf_i0_i148.CE has too many product terms. An node will be applied.
<Note> F34000: dataInBuf_i0_i147.CE has too many product terms. An node will be applied.
<Note> F34000: dataInBuf_i0_i146.CE has too many product terms. An node will be applied.
<Note> F34000: dataInBuf_i0_i145.CE has too many product terms. An node will be applied.
<Note> F34000: dataInBuf_i0_i144.CE has too many product terms. An node will be applied.
<Note> F34000: dataInBuf_i0_i142.CE has too many product terms. An node will be applied.
<Note> F34000: dataInBuf_i0_i141.CE has too many product terms. An node will be applied.
<Note> F34000: dataInBuf_i0_i140.CE has too many product terms. An node will be applied.
<Note> F34000: dataInBuf_i0_i139.CE has too many product terms. An node will be applied.
<Note> F34000: dataInBuf_i0_i138.CE has too many product terms. An node will be applied.
<Note> F34000: dataInBuf_i0_i137.CE has too many product terms. An node will be applied.
<Note> F34000: dataInBuf_i0_i136.CE has too many product terms. An node will be applied.
<Note> F34000: dataInBuf_i0_i134.CE has too many product terms. An node will be applied.
<Note> F34000: dataInBuf_i0_i133.CE has too many product terms. An node will be applied.
<Note> F34000: dataInBuf_i0_i132.CE has too many product terms. An node will be applied.
<Note> F34000: dataInBuf_i0_i131.CE has too many product terms. An node will be applied.
<Note> F34000: dataInBuf_i0_i130.CE has too many product terms. An node will be applied.
<Note> F34000: dataInBuf_i0_i129.CE has too many product terms. An node will be applied.
<Note> F34000: dataInBuf_i0_i128.CE has too many product terms. An node will be applied.
<Note> F34000: dataInBuf_i0_i126.CE has too many product terms. An node will be applied.
<Note> F34000: dataInBuf_i0_i125.CE has too many product terms. An node will be applied.
<Note> F34000: dataInBuf_i0_i124.CE has too many product terms. An node will be applied.
<Note> F34000: dataInBuf_i0_i123.CE has too many product terms. An node will be applied.
<Note> F34000: dataInBuf_i0_i122.CE has too many product terms. An node will be applied.
<Note> F34000: dataInBuf_i0_i121.CE has too many product terms. An node will be applied.
<Note> F34000: dataInBuf_i0_i120.CE has too many product terms. An node will be applied.
<Note> F34000: dataInBuf_i0_i118.CE has too many product terms. An node will be applied.
<Note> F34000: dataInBuf_i0_i117.CE has too many product terms. An node will be applied.
<Note> F34000: dataInBuf_i0_i116.CE has too many product terms. An node will be applied.
<Note> F34000: dataInBuf_i0_i115.CE has too many product terms. An node will be applied.
<Note> F34000: dataInBuf_i0_i114.CE has too many product terms. An node will be applied.
<Note> F34000: dataInBuf_i0_i113.CE has too many product terms. An node will be applied.
<Note> F34000: dataInBuf_i0_i112.CE has too many product terms. An node will be applied.
<Note> F34000: dataInBuf_i0_i110.CE has too many product terms. An node will be applied.
<Note> F34000: dataInBuf_i0_i109.CE has too many product terms. An node will be applied.
<Note> F34000: dataInBuf_i0_i108.CE has too many product terms. An node will be applied.
<Note> F34000: dataInBuf_i0_i107.CE has too many product terms. An node will be applied.
<Note> F34000: dataInBuf_i0_i106.CE has too many product terms. An node will be applied.
<Note> F34000: dataInBuf_i0_i105.CE has too many product terms. An node will be applied.
<Note> F34000: dataInBuf_i0_i104.CE has too many product terms. An node will be applied.
<Note> F34000: dataInBuf_i0_i102.CE has too many product terms. An node will be applied.
<Note> F34000: dataInBuf_i0_i101.CE has too many product terms. An node will be applied.
<Note> F34000: dataInBuf_i0_i100.CE has too many product terms. An node will be applied.
<Note> F34000: dataInBuf_i0_i99.CE has too many product terms. An node will be applied.
<Note> F34000: dataInBuf_i0_i98.CE has too many product terms. An node will be applied.
<Note> F34000: dataInBuf_i0_i97.CE has too many product terms. An node will be applied.
<Note> F34000: dataInBuf_i0_i96.CE has too many product terms. An node will be applied.
<Note> F34000: dataInBuf_i0_i94.CE has too many product terms. An node will be applied.
<Note> F34000: dataInBuf_i0_i93.CE has too many product terms. An node will be applied.
<Note> F34000: dataInBuf_i0_i92.CE has too many product terms. An node will be applied.
<Note> F34000: dataInBuf_i0_i91.CE has too many product terms. An node will be applied.
<Note> F34000: dataInBuf_i0_i90.CE has too many product terms. An node will be applied.
<Note> F34000: dataInBuf_i0_i89.CE has too many product terms. An node will be applied.
<Note> F34000: dataInBuf_i0_i88.CE has too many product terms. An node will be applied.
<Note> F34000: dataInBuf_i0_i86.CE has too many product terms. An node will be applied.
<Note> F34000: dataInBuf_i0_i85.CE has too many product terms. An node will be applied.
<Note> F34000: dataInBuf_i0_i84.CE has too many product terms. An node will be applied.
<Note> F34000: dataInBuf_i0_i83.CE has too many product terms. An node will be applied.
<Note> F34000: dataInBuf_i0_i82.CE has too many product terms. An node will be applied.
<Note> F34000: dataInBuf_i0_i81.CE has too many product terms. An node will be applied.
<Note> F34000: dataInBuf_i0_i80.CE has too many product terms. An node will be applied.
<Note> F34000: dataInBuf_i0_i78.CE has too many product terms. An node will be applied.
<Note> F34000: dataInBuf_i0_i77.CE has too many product terms. An node will be applied.
<Note> F34000: dataInBuf_i0_i74.CE has too many product terms. An node will be applied.
<Note> F34000: dataInBuf_i0_i73.CE has too many product terms. An node will be applied.
<Note> F34000: dataInBuf_i0_i72.CE has too many product terms. An node will be applied.
<Note> F34000: dataInBuf_i0_i70.CE has too many product terms. An node will be applied.
<Note> F34000: dataInBuf_i0_i69.CE has too many product terms. An node will be applied.
<Note> F34000: dataInBuf_i0_i66.CE has too many product terms. An node will be applied.
<Note> F34000: dataInBuf_i0_i65.CE has too many product terms. An node will be applied.
<Note> F34000: dataInBuf_i0_i64.CE has too many product terms. An node will be applied.
<Note> F34000: dataInBuf_i0_i62.CE has too many product terms. An node will be applied.
<Note> F34000: dataInBuf_i0_i61.CE has too many product terms. An node will be applied.
<Note> F34000: dataInBuf_i0_i58.CE has too many product terms. An node will be applied.
<Note> F34000: dataInBuf_i0_i57.CE has too many product terms. An node will be applied.
<Note> F34000: dataInBuf_i0_i56.CE has too many product terms. An node will be applied.
<Note> F34000: dataInBuf_i0_i54.CE has too many product terms. An node will be applied.
<Note> F34000: dataInBuf_i0_i53.CE has too many product terms. An node will be applied.
<Note> F34000: dataInBuf_i0_i50.CE has too many product terms. An node will be applied.
<Note> F34000: dataInBuf_i0_i49.CE has too many product terms. An node will be applied.
<Note> F34000: dataInBuf_i0_i48.CE has too many product terms. An node will be applied.
<Note> F34000: dataInBuf_i0_i46.CE has too many product terms. An node will be applied.
<Note> F34000: dataInBuf_i0_i45.CE has too many product terms. An node will be applied.
<Note> F34000: dataInBuf_i0_i42.CE has too many product terms. An node will be applied.
<Note> F34000: dataInBuf_i0_i41.CE has too many product terms. An node will be applied.
<Note> F34000: dataInBuf_i0_i38.CE has too many product terms. An node will be applied.
<Note> F34000: dataInBuf_i0_i37.CE has too many product terms. An node will be applied.
<Note> F34000: dataInBuf_i0_i34.CE has too many product terms. An node will be applied.
<Note> F34000: dataInBuf_i0_i33.CE has too many product terms. An node will be applied.
<Note> F34000: dataInBuf_i0_i29.CE has too many product terms. An node will be applied.
<Note> F34000: dataInBuf_i0_i21.CE has too many product terms. An node will be applied.
<Note> F34000: dataInBuf_i0_i13.CE has too many product terms. An node will be applied.
<Note> F34000: dataInBuf_i0_i5.CE has too many product terms. An node will be applied.
<Note> F34000: buried node dispCount_i0_i5_0 generated
<Note> F34000: buried node dataInBuf_i0_i254_0 generated

Number of pins (IO)    :    13
Number of outputs (MC) :   238
Number of registers    :   229
Number of logic pterms :   792
D:\ispLEVER_Classic2_1\ispcpld\bin\prefit.exe complete - Time 0 seconds

Done: completed successfully.

Starting: 'D:\ispLEVER_Classic2_1\ispcpld\bin\lpf4k.exe @"lab13.rs2"'

<Warning>  P38088:  Balanced partitioning turned off.
Project 'lab13' was Fitted Successfully!

Done: completed successfully.

Starting: 'D:\ispLEVER_Classic2_1\ispcpld\bin\tda.exe -i lab13.bl5 -o lab13.tda -lci lab13.lct -dev m4s_256_96 -family lc4k -mod lcd1602 -ovec NoInput.tmv -err tda.err -gui'

TDA  - Timing Driven Analyze 
Ver. 1.0, supported by Lattice Semiconductor
ispLEVER Classic 2.1 Copyright 1992-2020 Lattice Semiconductor. All Rights Reserved.

TDA complete - Time 1 seconds
Done: completed successfully.

Starting: 'D:\ispLEVER_Classic2_1\ispcpld\bin\synsvf.exe -exe "D:\ispLEVER_Classic2_1\ispvmsystem/ispufw" -prj lab13 -if lab13.jed -j2s -log lab13.svl -gui'

Need not generate svf file according to the constraints, exit
Done: completed successfully.
