ispLEVER Auto-Make Log File
---------------------------

Updating: Fit Design
Start to record tcl script...
Finished recording TCL script.

Updating: Fit Design

Starting: 'D:\ispLEVER_Classic2_1\ispcpld\bin\Synpwrap.exe -rem -e lab9 -target ispmach4000b -pro '

Copyright (c) 1991-2010 Lattice Semiconductor Corporation,  All rights reserved.
Version : 2.1.00.02.49.20

Done sucessfully with exit code 0.
#Build: Synplify Pro I-2014.03LC , Build 063R, May 27 2014
#install: D:\ispLEVER_Classic2_1\synpbase
#OS: Windows 7 6.2
#Hostname: SKYLINE

#Implementation: lab9

$ Start of Compile
#Sun May 08 09:52:49 2016

Synopsys Verilog Compiler, version comp201403rcp1, Build 060R, built May 27 2014
@N|Running in 64-bit mode
Copyright (C) 1994-2014 Synopsys, Inc. This software and the associated documentation are proprietary to Synopsys, Inc. This software may only be used in accordance with the terms and conditions of a written license agreement with Synopsys, Inc.  All other use, reproduction, or distribution of this software is strictly prohibited.

@I::"D:\ispLEVER_Classic2_1\synpbase\lib\vlog\umr_capim.v"
@I::"D:\ispLEVER_Classic2_1\synpbase\lib\vlog\scemi_objects.v"
@I::"D:\ispLEVER_Classic2_1\synpbase\lib\vlog\scemi_pipes.svh"
@I::"D:\ispLEVER_Classic2_1\synpbase\lib\vlog\hypermods.v"
@I::"D:\ispLEVER_Classic2_1\ispcpld\..\cae_library\synthesis\verilog\mach.v"
@I::"E:\grade-3_2\isp_project\lab9\lab9.h"
@I::"E:\grade-3_2\isp_project\lab9\decoder2to4.v"
@I::"E:\grade-3_2\isp_project\lab9\decoderHex2Dec.v"
@I::"E:\grade-3_2\isp_project\lab9\mux16to4.v"
@I::"E:\grade-3_2\isp_project\lab9\counter_n.v"
@I::"E:\grade-3_2\isp_project\lab9\dynamicShow.v"
@I::"E:\grade-3_2\isp_project\lab9\serial.v"
@I::"E:\grade-3_2\isp_project\lab9\keyboard.v"
@I::"E:\grade-3_2\isp_project\lab9\dffre.v"
@I::"E:\grade-3_2\isp_project\lab9\button.v"
@I::"E:\grade-3_2\isp_project\lab9\lab9.v"
Verilog syntax check successful!

Compiler output is up to date.  No re-compile necessary

Selecting top level module lab9
@N: CG364 :"E:\grade-3_2\isp_project\lab9\dffre.v":14:7:14:11|Synthesizing module dffre

@N: CG179 :"E:\grade-3_2\isp_project\lab9\dffre.v":25:13:25:13|Removing redundant assignment
@N: CG364 :"E:\grade-3_2\isp_project\lab9\button.v":1:7:1:12|Synthesizing module button

@W: CS263 :"E:\grade-3_2\isp_project\lab9\button.v":9:29:9:29|Port-width mismatch for port en. Formal has width 1, Actual 32
@W: CS263 :"E:\grade-3_2\isp_project\lab9\button.v":9:37:9:37|Port-width mismatch for port r. Formal has width 1, Actual 32
@W: CS263 :"E:\grade-3_2\isp_project\lab9\button.v":10:28:10:28|Port-width mismatch for port en. Formal has width 1, Actual 32
@W: CS263 :"E:\grade-3_2\isp_project\lab9\button.v":10:36:10:36|Port-width mismatch for port r. Formal has width 1, Actual 32
@W: CS263 :"E:\grade-3_2\isp_project\lab9\button.v":11:28:11:28|Port-width mismatch for port en. Formal has width 1, Actual 32
@W: CS263 :"E:\grade-3_2\isp_project\lab9\button.v":11:36:11:36|Port-width mismatch for port r. Formal has width 1, Actual 32
@N: CG364 :"E:\grade-3_2\isp_project\lab9\keyboard.v":1:7:1:14|Synthesizing module keyboard

@W: CL169 :"E:\grade-3_2\isp_project\lab9\keyboard.v":75:4:75:9|Pruning register flag_Over 

@W: CL169 :"E:\grade-3_2\isp_project\lab9\keyboard.v":75:4:75:9|Pruning register int_Data[9:0] 

@W: CL169 :"E:\grade-3_2\isp_project\lab9\keyboard.v":75:4:75:9|Pruning register temp[9:0] 

@A: CL282 :"E:\grade-3_2\isp_project\lab9\keyboard.v":58:4:58:9|Feedback mux created for signal time1Oms -- possible set/reset assignment for signal missing. Specifying a reset value will improve timing and area.
@A: CL282 :"E:\grade-3_2\isp_project\lab9\keyboard.v":16:4:16:9|Feedback mux created for signal key_out[3:0] -- possible set/reset assignment for signal missing. Specifying a reset value will improve timing and area.
@N: CG364 :"E:\grade-3_2\isp_project\lab9\serial.v":1:7:1:12|Synthesizing module serial

@A: CL282 :"E:\grade-3_2\isp_project\lab9\serial.v":66:4:66:9|Feedback mux created for signal Rx_Data[7:0] -- possible set/reset assignment for signal missing. Specifying a reset value will improve timing and area.
@W: CL208 :"E:\grade-3_2\isp_project\lab9\serial.v":42:4:42:9|All reachable assignments to bit 0 of Send_data[9:0] assign 0, register removed by optimization.
@W: CL208 :"E:\grade-3_2\isp_project\lab9\serial.v":42:4:42:9|All reachable assignments to bit 9 of Send_data[9:0] assign 1, register removed by optimization.
@A: CL282 :"E:\grade-3_2\isp_project\lab9\serial.v":18:4:18:9|Feedback mux created for signal ClockCount_Rx[6:0] -- possible set/reset assignment for signal missing. Specifying a reset value will improve timing and area.
@A: CL282 :"E:\grade-3_2\isp_project\lab9\serial.v":18:4:18:9|Feedback mux created for signal ClockCount[10:0] -- possible set/reset assignment for signal missing. Specifying a reset value will improve timing and area.
@A: CL282 :"E:\grade-3_2\isp_project\lab9\serial.v":18:4:18:9|Feedback mux created for signal Clock9600 -- possible set/reset assignment for signal missing. Specifying a reset value will improve timing and area.
@A: CL282 :"E:\grade-3_2\isp_project\lab9\serial.v":18:4:18:9|Feedback mux created for signal Clock16 -- possible set/reset assignment for signal missing. Specifying a reset value will improve timing and area.
@N: CG364 :"E:\grade-3_2\isp_project\lab9\counter_n.v":15:7:15:15|Synthesizing module counter_n

	n=32'b00000000000000000000000000000100
	counter_bits=32'b00000000000000000000000000000010
   Generated name = counter_n_4s_2s

@N: CG364 :"E:\grade-3_2\isp_project\lab9\mux16to4.v":1:7:1:14|Synthesizing module mux16to4

@N: CG364 :"E:\grade-3_2\isp_project\lab9\decoderHex2Dec.v":1:7:1:20|Synthesizing module decoderHex2Dec

@N: CG364 :"E:\grade-3_2\isp_project\lab9\decoder2to4.v":1:7:1:17|Synthesizing module decoder2to4

@N: CG364 :"E:\grade-3_2\isp_project\lab9\dynamicShow.v":1:7:1:17|Synthesizing module dynamicshow

@W: CS263 :"E:\grade-3_2\isp_project\lab9\dynamicShow.v":8:79:8:79|Port-width mismatch for port en. Formal has width 1, Actual 32
@N: CG364 :"E:\grade-3_2\isp_project\lab9\lab9.v":1:7:1:10|Synthesizing module lab9

@W: CL156 :"E:\grade-3_2\isp_project\lab9\dynamicShow.v":8:66:8:70|*Input reset to expression [instance] has undriven bits that are tied to 0 -- simulation mismatch possible.
@N: CL201 :"E:\grade-3_2\isp_project\lab9\keyboard.v":75:4:75:9|Trying to extract state machine for register flag_Data
Extracted state machine for register flag_Data
State machine has 4 reachable states with original encodings of:
   00
   01
   10
   11
@N: CL201 :"E:\grade-3_2\isp_project\lab9\keyboard.v":16:4:16:9|Trying to extract state machine for register scanvalue
Extracted state machine for register scanvalue
State machine has 4 reachable states with original encodings of:
   0001
   0010
   0100
   1000
@END

At c_ver Exit (Real Time elapsed 0h:00m:00s; CPU Time elapsed 0h:00m:00s; Memory used current: 67MB peak: 69MB)

Process took 0h:00m:01s realtime, 0h:00m:01s cputime
# Sun May 08 09:52:49 2016

###########################################################]
Synopsys Netlist Linker, version comp201403rcp1, Build 060R, built May 27 2014
@N|Running in 64-bit mode

Linker output is up to date. No re-linking necessary


At syn_nfilter Exit (Real Time elapsed 0h:00m:00s; CPU Time elapsed 0h:00m:00s; Memory used current: 67MB peak: 68MB)

Process took 0h:00m:01s realtime, 0h:00m:01s cputime
# Sun May 08 09:52:50 2016

###########################################################]

Synplicity VHDL/Verilog HDL Synthesizer finished successfully

Done: completed successfully.

Starting: 'D:\ispLEVER_Classic2_1\ispcpld\bin\edif2blf.exe -edf lab9.edi -out lab9.bl0 -err automake.err -log lab9.log -prj lab9 -lib "D:\ispLEVER_Classic2_1\ispcpld/dat/mach.edn" -net_Vcc VCC -net_GND GND -nbx -dse -tlw -cvt YES -xor'

Starting EDIF2BLIF....
readEDIF ended normally.

Inspect circuit lab9
    Number of input ports   : 6
    Number of output ports  : 5
    Number of bidir ports   : 0
    Number of instances     : 883
    Number of nets          : 892

No design errors found in circuit lab9

WriteBLIF ended normally.

Done: completed successfully.

Starting: 'D:\ispLEVER_Classic2_1\ispcpld\bin\mblifopt.exe lab9.bl0 -collapse none -reduce none -err automake.err -gui -keepwires'

BLIFOPT  Open-ABEL Optimizer 
U.C. Berkeley, SIS Ver. 1.0, supported by Lattice Semiconductor
ispLEVER Classic 2.1 Copyright 1992-2020 Lattice Semiconductor. All Rights Reserved.
Reading Open-ABEL 2 file lab9.bl0...
Writing Open-ABEL 2 (BLIF) file lab9.bl1...
Note    0: 
BLIFOPT complete - Time 0 seconds
Done: completed successfully.

Starting: 'D:\ispLEVER_Classic2_1\ispcpld\bin\mblflink.exe "lab9.bl1" -o "lab9.bl2" -omod "lab9" -gui -err "automake.err"'

BLIFLINK  Top-Down Design Linker
ispLEVER Classic 2.1 Copyright 1992-2020 Lattice Semiconductor. All Rights Reserved.

Top-level file: 'lab9.bl1'

Hierarchical BLIF: 'lab9.bl2'

BLIFLINK complete.  Time: 1 second 
Done: completed successfully.

Starting: 'D:\ispLEVER_Classic2_1\ispcpld\bin\impsrc.exe -gui -prj lab9 -lci lab9.lct -log lab9.imp -err automake.err -tti lab9.bl2 -dir e:\grade-3_2\isp_project\lab9'

No pin assignment or valid property.
No source constraints were imported.
Done: completed successfully.

Starting: 'D:\ispLEVER_Classic2_1\ispcpld\bin\abelvci.exe -vci lab9.lct -blifopt lab9.b2_'

Done: completed successfully.

Starting: 'D:\ispLEVER_Classic2_1\ispcpld\bin\mblifopt.exe lab9.bl2 -sweep -mergefb -err automake.err -o lab9.bl3 @lab9.b2_ -gui'

BLIFOPT  Open-ABEL Optimizer 
U.C. Berkeley, SIS Ver. 1.0, supported by Lattice Semiconductor
ispLEVER Classic 2.1 Copyright 1992-2020 Lattice Semiconductor. All Rights Reserved.
Reading Open-ABEL 2 file lab9.bl2...
Merging feedbacks...
Note 13707: Node show_c_0__n is collapsed...
Note 13707: Node show_c_1__n is collapsed...
Note 13707: Node show_c_2__n is collapsed...
Note 13707: Node show_c_3__n is collapsed...
Note 13707: Node show_c_4__n is collapsed...
Note 13707: Node show_c_5__n is collapsed...
Note 13707: Node show_c_6__n is collapsed...
Note 13707: Node dynamicshow_n_40_i_n is collapsed...
Note 13707: Node dynamicshow_n_39_i_n is collapsed...
Note 13707: Node keyboard_un1_led_int_data133_n is collapsed...
Note 13707: Node dynamicshow_n_43_i_n is collapsed...
Note 13707: Node dynamicshow_n_35_i_n is collapsed...
Note 13707: Node dynamicshow_n_34_i_n is collapsed...
Note 13707: Node keyboard_n_13_n is collapsed...
Note 13707: Node dynamicshow_n_33_i_n is collapsed...
Note 13707: Node dynamicshow_n_44_i_n is collapsed...
Note 13707: Node keyboard_n_636_n is collapsed...
Note 13707: Node keyboard_n_637_n is collapsed...
Note 13707: Node dynamicshow_n_31_i_n is collapsed...
Note 13707: Node keyboard_n_638_n is collapsed...
Note 13707: Node dynamicshow_n_42_i_n is collapsed...
Note 13707: Node dynamicshow_n_41_i_n is collapsed...
Note 13707: Node dynamicshow_n_38_i_n is collapsed...
Note 13707: Node dynamicshow_n_36_i_n is collapsed...
Note 13707: Node button5_out3_i_n is collapsed...
Note 13707: Node button5_out1_i_n is collapsed...
Note 13707: Node keyboard_n_652_n is collapsed...
Note 13707: Node button5_out2_i_n is collapsed...
Note 13707: Node keyboard_n_653_n is collapsed...
Note 13707: Node button4_out3_i_n is collapsed...
Note 13707: Node keyboard_n_654_n is collapsed...
Note 13707: Node keyboard_n_655_n is collapsed...
Note 13707: Node button4_out1_i_n is collapsed...
Note 13707: Node keyboard_n_657_n is collapsed...
Note 13707: Node button4_out2_i_n is collapsed...
Note 13707: Node button3_out3_i_n is collapsed...
Note 13707: Node keyboard_n_50_n is collapsed...
Note 13707: Node button3_out1_i_n is collapsed...
Note 13707: Node keyboard_n_52_n is collapsed...
Note 13707: Node button3_out2_i_n is collapsed...
Note 13707: Node keyboard_n_658_n is collapsed...
Note 13707: Node button2_out3_i_n is collapsed...
Note 13707: Node keyboard_n_65_n is collapsed...
Note 13707: Node button2_out1_i_n is collapsed...
Note 13707: Node keyboard_scanvalue_d_i_2__n is collapsed...
Note 13707: Node button2_out2_i_n is collapsed...
Note 13707: Node keyboard_scanvalue_232_d_i_n is collapsed...
Note 13707: Node button1_out3_i_n is collapsed...
Note 13707: Node button1_out1_i_n is collapsed...
Note 13707: Node button1_out2_i_n is collapsed...
Note 13707: Node button0_out3_i_n is collapsed...
Note 13707: Node button0_out1_i_n is collapsed...
Note 13707: Node keyboard_n_62_i_n is collapsed...
Note 13707: Node button0_out2_i_n is collapsed...
Note 13707: Node serial_n_85_i_n is collapsed...
Note 13707: Node keyboard_n_640_i_n is collapsed...
Note 13707: Node serial_n_163_i_n is collapsed...
Note 13707: Node dynamicshow_mux_dataout_2_0__un3_n is collapsed...
Note 13707: Node keyboard_n_639_i_n is collapsed...
Note 13707: Node serial_n_162_i_n is collapsed...
Note 13707: Node serial_n_24_i_n is collapsed...
Note 13707: Node keyboard_int_data0_i_2__n is collapsed...
Note 13707: Node dynamicshow_mux_dataout_2_1__un3_n is collapsed...
Note 13707: Node keyboard_n_643_i_n is collapsed...
Note 13707: Node keyboard_int_data0_i_1__n is collapsed...
Note 13707: Node serial_n_22_i_n is collapsed...
Note 13707: Node keyboard_n_642_i_n is collapsed...
Note 13707: Node keyboard_combvalue_i_6__n is collapsed...
Note 13707: Node serial_n_182_i_n is collapsed...
Note 13707: Node serial_n_20_i_n is collapsed...
Note 13707: Node dynamicshow_mux_dataout_2_2__un3_n is collapsed...
Note 13707: Node serial_n_21_i_n is collapsed...
Note 13707: Node serial_send_data_i_8__n is collapsed...
Note 13707: Node dynamicshow_mux_dataout_2_3__un3_n is collapsed...
Note 13707: Node serial_n_184_i_n is collapsed...
Note 13707: Node keyboard_n_650_i_n is collapsed...
Note 13707: Node dynamicshow_mux_dataout_3_0__un3_n is collapsed...
Note 13707: Node serial_n_185_i_n is collapsed...
Note 13707: Node keyboard_n_647_i_n is collapsed...
Note 13707: Node serial_n_18_i_n is collapsed...
Note 13707: Node dynamicshow_mux_dataout_3_1__un3_n is collapsed...
Note 13707: Node serial_n_181_i_n is collapsed...
Note 13707: Node dynamicshow_mux_dataout_3_2__un3_n is collapsed...
Note 13707: Node serial_n_16_n is collapsed...
Note 13707: Node dynamicshow_mux_dataout_3_3__un3_n is collapsed...
Note 13707: Node dynamicshow_mux_dataout_1_0__un3_n is collapsed...
Note 13707: Node serial_n_14_n is collapsed...
Note 13707: Node dynamicshow_n_27_n is collapsed...
Note 13707: Node dynamicshow_mux_dataout_1_1__un3_n is collapsed...
Note 13707: Node serial_m_i_1__n is collapsed...
Note 13707: Node dynamicshow_n_26_n is collapsed...
Note 13707: Node serial_m_i_2__n is collapsed...
Note 13707: Node dynamicshow_mux_dataout_1_2__un3_n is collapsed...
Note 13707: Node dynamicshow_n_24_n is collapsed...
Note 13707: Node serial_n_81_i_n is collapsed...
Note 13707: Node dynamicshow_mux_dataout_1_3__un3_n is collapsed...
Note 13707: Node serial_n_175_i_n is collapsed...
Note 13707: Node serial_n_79_i_n is collapsed...
Note 13707: Node serial_tx_3_iv_0_m4_un3_n is collapsed...
Note 13707: Node serial_n_174_i_n is collapsed...
Note 13707: Node serial_n_77_i_n is collapsed...
Note 13707: Node serial_tx_3_iv_0_m4_0_un3_n is collapsed...
Note 13707: Node serial_n_173_i_n is collapsed...
Note 13707: Node serial_n_180_i_n is collapsed...
Note 13707: Node serial_n_75_i_n is collapsed...
Note 13707: Node serial_tx_3_iv_0_m4_1_un3_n is collapsed...
Note 13707: Node keyboard_n_84_i_n is collapsed...
Note 13707: Node serial_n_172_i_n is collapsed...
Note 13707: Node serial_n_171_i_n is collapsed...
Note 13707: Node keyboard_n_83_i_n is collapsed...
Note 13707: Node serial_clockcount_rx_i_6__n is collapsed...
Note 13707: Node serial_rx_data_11_i_m2_7__un3_n is collapsed...
Note 13707: Node serial_n_71_i_n is collapsed...
Note 13707: Node serial_clockcount_rx_i_4__n is collapsed...
Note 13707: Node serial_n_170_i_n is collapsed...
Note 13707: Node keyboard_n_85_i_n is collapsed...
Note 13707: Node serial_clockcount_i_8__n is collapsed...
Note 13707: Node keyboard_led_int_data0_14_0_333_i_0_0_m2_un3_n is collapsed...
Note 13707: Node serial_n_69_i_n is collapsed...
Note 13707: Node serial_clockcount_i_7__n is collapsed...
Note 13707: Node serial_n_169_i_n is collapsed...
Note 13707: Node keyboard_n_109_i_n is collapsed...
Note 13707: Node serial_clockcount_i_3__n is collapsed...
Note 13707: Node serial_n_67_i_n is collapsed...
Note 13707: Node keyboard_n_86_i_n is collapsed...
Note 13707: Node serial_clockcount_i_2__n is collapsed...
Note 13707: Node serial_n_168_i_n is collapsed...
Note 13707: Node serial_n_65_i_n is collapsed...
Note 13707: Node serial_rx_data_i_0__n is collapsed...
Note 13707: Node serial_n_66_i_n is collapsed...
Note 13707: Node keyboard_n_89_i_n is collapsed...
Note 13707: Node serial_rx_data_i_1__n is collapsed...
Note 13707: Node serial_n_63_i_n is collapsed...
Note 13707: Node keyboard_n_88_i_n is collapsed...
Note 13707: Node serial_rx_data_i_2__n is collapsed...
Note 13707: Node serial_n_64_i_n is collapsed...
Note 13707: Node keyboard_n_87_i_n is collapsed...
Note 13707: Node serial_rx_data_i_3__n is collapsed...
Note 13707: Node serial_n_166_i_n is collapsed...
Note 13707: Node serial_n_167_i_n is collapsed...
Note 13707: Node serial_rx_data_i_4__n is collapsed...
Note 13707: Node serial_n_164_i_n is collapsed...
Note 13707: Node keyboard_n_110_i_n is collapsed...
Note 13707: Node serial_rx_data_i_5__n is collapsed...
Note 13707: Node serial_n_165_i_n is collapsed...
Note 13707: Node keyboard_n_93_i_n is collapsed...
Note 13707: Node serial_rx_data_i_6__n is collapsed...
Note 13707: Node keyboard_n_71_i_n is collapsed...
Note 13707: Node keyboard_n_92_i_n is collapsed...
Note 13707: Node serial_n_94_i_n is collapsed...
Note 13707: Node keyboard_n_72_i_n is collapsed...
Note 13707: Node serial_n_98_i_n is collapsed...
Note 13707: Node keyboard_n_70_i_n is collapsed...
Note 13707: Node keyboard_n_94_i_n is collapsed...
Note 13707: Node serial_n_102_i_n is collapsed...
Note 13707: Node keyboard_timecnt_i_7__n is collapsed...
Note 13707: Node keyboard_timecnt_i_9__n is collapsed...
Note 13707: Node keyboard_n_76_i_n is collapsed...
Note 13707: Node keyboard_n_95_i_n is collapsed...
Note 13707: Node keyboard_timecnt_i_11__n is collapsed...
Note 13707: Node keyboard_n_77_i_n is collapsed...
Note 13707: Node keyboard_timecnt_i_15__n is collapsed...
Note 13707: Node keyboard_n_74_i_n is collapsed...
Note 13707: Node serial_n_32_n is collapsed...
Note 13707: Node keyboard_n_99_i_n is collapsed...
Note 13707: Node keyboard_timecnt_i_6__n is collapsed...
Note 13707: Node keyboard_n_75_i_n is collapsed...
Note 13707: Node keyboard_n_98_i_n is collapsed...
Note 13707: Node serial_n_150_n is collapsed...
Note 13707: Node keyboard_timecnt_i_4__n is collapsed...
Note 13707: Node keyboard_n_97_i_n is collapsed...
Note 13707: Node serial_clockcount_i_10__n is collapsed...
Note 13707: Node serial_n_151_n is collapsed...
Note 13707: Node keyboard_n_80_i_n is collapsed...
Note 13707: Node serial_clockcount_i_1__n is collapsed...
Note 13707: Node serial_n_152_n is collapsed...
Note 13707: Node keyboard_n_101_i_n is collapsed...
Note 13707: Node keyboard_n_82_i_n is collapsed...
Note 13707: Node serial_n_153_n is collapsed...
Note 13707: Node keyboard_n_100_i_n is collapsed...
Note 13707: Node keyboard_n_78_i_n is collapsed...
Note 13707: Node serial_n_154_n is collapsed...
Note 13707: Node ledvcc_i_3__n is collapsed...
Note 13707: Node serial_clockcount_rx_i_3__n is collapsed...
Note 13707: Node keyboard_n_79_i_n is collapsed...
Note 13707: Node keyboard_n_105_i_n is collapsed...
Note 13707: Node serial_n_155_n is collapsed...
Note 13707: Node ledvcc_i_0__n is collapsed...
Note 13707: Node keyboard_n_104_i_n is collapsed...
Note 13707: Node serial_n_156_n is collapsed...
Note 13707: Node keyboard_n_48_i_n is collapsed...
Note 13707: Node keyboard_n_107_i_n is collapsed...
Note 13707: Node keyboard_n_450_n is collapsed...
Note 13707: Node keyboard_n_462_n is collapsed...
Note 13707: Node dynamicshow_n_32_i_n is collapsed...
Note 13707: Node keyboard_n_635_n is collapsed...
Note 13707: Node keyboard_n_17_n is collapsed...
Note 13707: Node keyboard_n_47_n is collapsed...
Note 13707: Node keyboard_scanvalue_i_1__n is collapsed...
Note 13707: Node keyboard_combvalue_i_4__n is collapsed...
Note 13707: Node keyboard_combvalue_i_5__n is collapsed...
Note 13707: Node keyboard_int_data1_i_1__n is collapsed...
Note 13707: Node keyboard_combvalue_i_0__n is collapsed...
Note 13707: Node keyboard_int_data1_i_2__n is collapsed...
Note 13707: Node serial_n_73_i_n is collapsed...
Note 13707: Node keyboard_combvalue_i_3__n is collapsed...
Note 13707: Node serial_m_i_7__n is collapsed...
Note 13707: Node serial_m_i_3__n is collapsed...
Note 13707: Node serial_m_i_6__n is collapsed...
Note 13707: Node serial_m_i_4__n is collapsed...
Note 13707: Node serial_clockcount_i_0__n is collapsed...
Note 13707: Node dynamicshow_sel_i_1__n is collapsed...
Note 13707: Node serial_clockcount_rx_i_0__n is collapsed...
Note 13707: Node serial_n_26_i_n is collapsed...
Note 13707: Node dynamicshow_out_i_3__n is collapsed...
Note 13707: Node serial_clock166_1_n is collapsed...
Note 13707: Node serial_clock166_2_n is collapsed...
Note 13707: Node serial_n_162_n is collapsed...
Note 13707: Node serial_n_163_n is collapsed...
Note 13707: Node serial_clock166_3_n is collapsed...
Note 13707: Node ledvcc_c_1__n is collapsed...
Note 13707: Node ledvcc_c_2__n is collapsed...
Note 13707: Node serial_n_66_n is collapsed...
Note 13707: Node keyboard_n_65_0_n is collapsed...
Note 13707: Node serial_tx_3_0_1_n is collapsed...
Note 13707: Node serial_n_67_n is collapsed...
Note 13707: Node serial_tx_3_0_2_n is collapsed...
Note 13707: Node serial_n_168_n is collapsed...
Note 13707: Node keyboard_n_653_0_n is collapsed...
Note 13707: Node serial_n_69_n is collapsed...
Note 13707: Node serial_n_182_1_n is collapsed...
Note 13707: Node serial_clock96006_9_n is collapsed...
Note 13707: Node serial_n_169_n is collapsed...
Note 13707: Node serial_n_182_2_n is collapsed...
Note 13707: Node serial_n_164_n is collapsed...
Note 13707: Node serial_n_71_n is collapsed...
Note 13707: Node serial_n_22_1_n is collapsed...
Note 13707: Node keyboard_n_652_0_n is collapsed...
Note 13707: Node keyboard_n_419_0_n is collapsed...
Note 13707: Node serial_n_170_n is collapsed...
Note 13707: Node serial_clock96006_8_n is collapsed...
Note 13707: Node serial_n_22_2_n is collapsed...
Note 13707: Node serial_n_171_n is collapsed...
Note 13707: Node serial_n_81_1_n is collapsed...
Note 13707: Node serial_n_75_n is collapsed...
Note 13707: Node serial_clock96006_7_n is collapsed...
Note 13707: Node serial_n_81_2_n is collapsed...
Note 13707: Node serial_n_172_n is collapsed...
Note 13707: Node serial_n_128_n is collapsed...
Note 13707: Node keyboard_time1Oms_0 is collapsed...
Note 13707: Node serial_n_77_n is collapsed...
Note 13707: Node serial_clock96006_6_n is collapsed...
Note 13707: Node serial_n_165_n is collapsed...
Note 13707: Node serial_n_118_n is collapsed...
Note 13707: Node serial_n_173_n is collapsed...
Note 13707: Node keyboard_time1oms_0_sqmuxa_n is collapsed...
Note 13707: Node resetButton_i_1 is collapsed...
Note 13707: Node serial_n_79_n is collapsed...
Note 13707: Node keyboard_n_331_n is collapsed...
Note 13707: Node keyinbutton_i_1_0__n is collapsed...
Note 13707: Node serial_n_174_n is collapsed...
Note 13707: Node serial_clock96006_5_n is collapsed...
Note 13707: Node keyinbutton_i_1_1__n is collapsed...
Note 13707: Node keyinbutton_i_1_2__n is collapsed...
Note 13707: Node serial_clock96006_4_n is collapsed...
Note 13707: Node serial_send_en_3_0_n is collapsed...
Note 13707: Node keyinbutton_i_1_3__n is collapsed...
Note 13707: Node sendButton_0_1 is collapsed...
Note 13707: Node serial_clock96006_3_n is collapsed...
Note 13707: Node show_c_0_1_6__n is collapsed...
Note 13707: Node show_c_0_1_0__n is collapsed...
Note 13707: Node keyboard_n_355_n is collapsed...
Note 13707: Node show_c_0_1_1__n is collapsed...
Note 13707: Node serial_n_81_n is collapsed...
Note 13707: Node keyboard_n_299_n is collapsed...
Note 13707: Node show_c_0_1_2__n is collapsed...
Note 13707: Node serial_n_175_n is collapsed...
Note 13707: Node serial_clock96006_2_n is collapsed...
Note 13707: Node show_c_0_1_5__n is collapsed...
Note 13707: Node dynamicshow_n_36_1_n is collapsed...
Note 13707: Node serial_n_65_n is collapsed...
Note 13707: Node dynamicshow_n_38_1_n is collapsed...
Note 13707: Node serial_clock96006_1_n is collapsed...
Note 13707: Node serial_n_84_n is collapsed...
Note 13707: Node keyboard_un1_led_int_data0_0_sqmuxa_10_0_n is collapsed...
Note 13707: Node dynamicshow_n_31_1_n is collapsed...
Note 13707: Node keyboard_time1oms3_9_1_n is collapsed...
Note 13707: Node keyboard_n_101_2_n is collapsed...
Note 13707: Node keyboard_n_101_1_n is collapsed...
Note 13707: Node keyboard_time1oms3_1_0_n is collapsed...
Note 13707: Node keyboard_n_104_2_n is collapsed...
Note 13707: Node keyboard_time1oms3_2_n is collapsed...
Note 13707: Node keyboard_n_104_1_n is collapsed...
Note 13707: Node keyboard_time1oms3_3_n is collapsed...
Note 13707: Node keyboard_n_62_n is collapsed...
Note 13707: Node keyboard_G_238 is collapsed...
Note 13707: Node keyboard_time1oms3_4_n is collapsed...
Note 13707: Node keyboard_n_411_i_2_n is collapsed...
Note 13707: Node keyboard_G_236 is collapsed...
Note 13707: Node keyboard_time1oms3_5_n is collapsed...
Note 13707: Node serial_n_64_n is collapsed...
Note 13707: Node keyboard_G_256 is collapsed...
Note 13707: Node keyboard_n_411_i_1_n is collapsed...
Note 13707: Node keyboard_G_254 is collapsed...
Note 13707: Node keyboard_time1oms3_6_n is collapsed...
Note 13707: Node keyboard_n_275_i_3_n is collapsed...
Note 13707: Node keyboard_G_252 is collapsed...
Note 13707: Node keyboard_n_275_i_2_n is collapsed...
Note 13707: Node keyboard_G_244 is collapsed...
Note 13707: Node keyboard_G_248 is collapsed...
Note 13707: Node keyboard_n_275_i_1_n is collapsed...
Note 13707: Node keyboard_n_419_0_2_n is collapsed...
Note 13707: Node keyboard_led_int_data0_14_0_333_i_0_0_m2_un0_n is collapsed...
Note 13707: Node keyboard_n_419_0_1_n is collapsed...
Note 13707: Node dynamicshow_n_73_n is collapsed...
Note 13707: Node keyboard_led_int_data0_14_0_333_i_0_0_m2_un1_n is collapsed...
Note 13707: Node dynamicshow_n_72_n is collapsed...
Note 13707: Node keyboard_n_65_0_1_n is collapsed...
Note 13707: Node serial_G_39_0_x2 is collapsed...
Note 13707: Node dynamicshow_n_71_n is collapsed...
Note 13707: Node serial_rx_data_11_i_m2_7__un0_n is collapsed...
Note 13707: Node serial_m_15_i_x2_3_ is collapsed...
Note 13707: Node dynamicshow_n_70_n is collapsed...
Note 13707: Node serial_rx_data_11_i_m2_7__un1_n is collapsed...
Note 13707: Node dynamicshow_n_69_n is collapsed...
Note 13707: Node keyboard_time1oms3_10_n is collapsed...
Note 13707: Node serial_m_15_i_x2_5_ is collapsed...
Note 13707: Node dynamicshow_n_68_n is collapsed...
Note 13707: Node serial_tx_3_iv_0_m4_1_un0_n is collapsed...
Note 13707: Node dynamicshow_n_67_n is collapsed...
Note 13707: Node serial_tx_3_iv_0_m4_1_un1_n is collapsed...
Note 13707: Node serial_m_15_i_x2_7_ is collapsed...
Note 13707: Node dynamicshow_n_66_n is collapsed...
Note 13707: Node keyboard_n_639_n is collapsed...
Note 13707: Node serial_G_22 is collapsed...
Note 13707: Node keyboard_time1oms3_11_n is collapsed...
Note 13707: Node serial_tx_3_iv_0_m4_0_un0_n is collapsed...
Note 13707: Node keyboard_n_640_n is collapsed...
Note 13707: Node serial_tx_3_iv_0_m4_0_un1_n is collapsed...
Note 13707: Node serial_G_16 is collapsed...
Note 13707: Node keyboard_n_50_i_1_n is collapsed...
Note 13707: Node serial_n_10_i_1_n is collapsed...
Note 13707: Node serial_G_14 is collapsed...
Note 13707: Node keyboard_n_642_n is collapsed...
Note 13707: Node serial_tx_3_iv_0_m4_un0_n is collapsed...
Note 13707: Node dynamicshow_n_42_n is collapsed...
Note 13707: Node serial_n_185_1_n is collapsed...
Note 13707: Node serial_tx_3_iv_0_m4_un1_n is collapsed...
Note 13707: Node keyboard_n_643_n is collapsed...
Note 13707: Node dynamicshow_n_41_n is collapsed...
Note 13707: Node serial_n_24_1_n is collapsed...
Note 13707: Node serial_G_12 is collapsed...
Note 13707: Node dynamicshow_n_40_n is collapsed...
Note 13707: Node dynamicshow_mux_dataout_1_3__un0_n is collapsed...
Note 13707: Node keyboard_n_644_n is collapsed...
Note 13707: Node serial_n_21_1_n is collapsed...
Note 13707: Node dynamicshow_mux_dataout_1_3__un1_n is collapsed...
Note 13707: Node keyboard_n_645_n is collapsed...
Note 13707: Node dynamicshow_n_39_n is collapsed...
Note 13707: Node keyboard_n_638_0_n is collapsed...
Note 13707: Node serial_G_71 is collapsed...
Note 13707: Node keyboard_n_647_n is collapsed...
Note 13707: Node dynamicshow_mux_dataout_1_2__un0_n is collapsed...
Note 13707: Node serial_n_166_n is collapsed...
Note 13707: Node dynamicshow_n_37_n is collapsed...
Note 13707: Node dynamicshow_mux_dataout_1_2__un1_n is collapsed...
Note 13707: Node show_c_0_4__n is collapsed...
Note 13707: Node dynamicshow_n_35_n is collapsed...
Note 13707: Node keyboard_n_645_2_n is collapsed...
Note 13707: Node show_c_0_3__n is collapsed...
Note 13707: Node keyboard_n_645_1_n is collapsed...
Note 13707: Node dynamicshow_mux_dataout_1_1__un0_n is collapsed...
Note 13707: Node serial_G_65 is collapsed...
Note 13707: Node serial_G_67 is collapsed...
Note 13707: Node dynamicshow_mux_dataout_1_1__un1_n is collapsed...
Note 13707: Node keyboard_n_637_0_n is collapsed...
Note 13707: Node dynamicshow_n_34_n is collapsed...
Note 13707: Node serial_G_63 is collapsed...
Note 13707: Node keyboard_led_2_0_i_x2_1_ is collapsed...
Note 13707: Node serial_n_174_1_n is collapsed...
Note 13707: Node dynamicshow_mux_dataout_1_0__un0_n is collapsed...
Note 13707: Node serial_G_69 is collapsed...
Note 13707: Node keyboard_led_2_0_i_x2_0_ is collapsed...
Note 13707: Node dynamicshow_mux_dataout_1_0__un1_n is collapsed...
Note 13707: Node keyboard_n_17_0_1_n is collapsed...
Note 13707: Node dynamicshow_n_33_n is collapsed...
Note 13707: Node serial_n_79_1_n is collapsed...
Note 13707: Node keyboard_n_651_1_n is collapsed...
Note 13707: Node serial_n_173_1_n is collapsed...
Note 13707: Node serial_n_77_1_n is collapsed...
Note 13707: Node serial_n_172_1_n is collapsed...
Note 13707: Node serial_n_151_i_n is collapsed...
Note 13707: Node serial_G_6 is collapsed...
Note 13707: Node keyboard_G_250 is collapsed...
Note 13707: Node serial_n_152_i_n is collapsed...
Note 13707: Node serial_un1_clock960010_i_4_n is collapsed...
Note 13707: Node serial_n_167_n is collapsed...
Note 13707: Node serial_n_153_0_n is collapsed...
Note 13707: Node keyboard_un1_led_int_Data0_0_sqmuxa_10_0_0_x2 is collapsed...
Note 13707: Node serial_n_75_1_n is collapsed...
Note 13707: Node serial_n_154_0_n is collapsed...
Note 13707: Node serial_G_8 is collapsed...
Note 13707: Node keyboard_G_246 is collapsed...
Note 13707: Node serial_n_155_0_n is collapsed...
Note 13707: Node serial_n_171_1_n is collapsed...
Note 13707: Node serial_G_10 is collapsed...
Note 13707: Node keyboard_n_636_0_n is collapsed...
Note 13707: Node serial_n_156_0_n is collapsed...
Note 13707: Node keyboard_n_107_n is collapsed...
Note 13707: Node keyboard_G_242 is collapsed...
Note 13707: Node serial_un3_send_count_0_2__n is collapsed...
Note 13707: Node keyboard_n_24_i_1_n is collapsed...
Note 13707: Node serial_G_18 is collapsed...
Note 13707: Node keyboard_n_391_i_1_n is collapsed...
Note 13707: Node serial_G_20 is collapsed...
Note 13707: Node serial_un1_clock960010_i_2_n is collapsed...
Note 13707: Node serial_n_180_n is collapsed...
Note 13707: Node keyboard_G_240 is collapsed...
Note 13707: Node keyboard_n_373_i_1_n is collapsed...
Note 13707: Node keyboard_n_100_n is collapsed...
Note 13707: Node serial_un1_clock960010_i_1_n is collapsed...
Note 13707: Node keyboard_un1_led_int_data0_0_sqmuxa_10_0_1_n is collapsed...
Note 13707: Node keyboard_n_99_n is collapsed...
Note 13707: Node serial_n_18_n is collapsed...
Note 13707: Node serial_G_41 is collapsed...
Note 13707: Node keyboard_n_98_n is collapsed...
Note 13707: Node dynamicshow_mux_dataout_2_3__un0_n is collapsed...
Note 13707: Node keyboard_n_574_0_n is collapsed...
Note 13707: Node keyboard_n_97_n is collapsed...
Note 13707: Node dynamicshow_mux_dataout_2_3__un1_n is collapsed...
Note 13707: Node keyboard_n_462_0_1_n is collapsed...
Note 13707: Node keyboard_n_95_n is collapsed...
Note 13707: Node serial_n_181_n is collapsed...
Note 13707: Node serial_n_16_0_n is collapsed...
Note 13707: Node keyboard_n_94_n is collapsed...
Note 13707: Node dynamicshow_mux_dataout_2_2__un0_n is collapsed...
Note 13707: Node serial_G_45 is collapsed...
Note 13707: Node keyboard_n_93_n is collapsed...
Note 13707: Node dynamicshow_mux_dataout_2_2__un1_n is collapsed...
Note 13707: Node keyboard_G_232 is collapsed...
Note 13707: Node keyboard_n_92_n is collapsed...
Note 13707: Node keyboard_n_539_i_1_n is collapsed...
Note 13707: Node serial_G_49 is collapsed...
Note 13707: Node keyboard_n_89_n is collapsed...
Note 13707: Node dynamicshow_mux_dataout_2_1__un0_n is collapsed...
Note 13707: Node keyboard_n_70_n is collapsed...
Note 13707: Node keyboard_n_88_n is collapsed...
Note 13707: Node dynamicshow_mux_dataout_2_1__un1_n is collapsed...
Note 13707: Node keyboard_G_230 is collapsed...
Note 13707: Node keyboard_n_87_n is collapsed...
Note 13707: Node keyboard_n_93_1_n is collapsed...
Note 13707: Node serial_tx_3_0_n is collapsed...
Note 13707: Node keyboard_n_86_n is collapsed...
Note 13707: Node dynamicshow_mux_dataout_2_0__un0_n is collapsed...
Note 13707: Node keyboard_n_71_n is collapsed...
Note 13707: Node keyboard_n_85_n is collapsed...
Note 13707: Node dynamicshow_mux_dataout_2_0__un1_n is collapsed...
Note 13707: Node keyboard_n_82_1_n is collapsed...
Note 13707: Node keyboard_n_84_n is collapsed...
Note 13707: Node keyboard_n_72_n is collapsed...
Note 13707: Node serial_n_183_n is collapsed...
Note 13707: Node keyboard_n_83_n is collapsed...
Note 13707: Node keyboard_n_640_1_n is collapsed...
Note 13707: Node keyboard_n_80_1_n is collapsed...
Note 13707: Node keyboard_n_79_1_n is collapsed...
Note 13707: Node keyboard_n_75_n is collapsed...
Note 13707: Node serial_n_184_n is collapsed...
Note 13707: Node keyboard_n_77_1_n is collapsed...
Note 13707: Node keyboard_n_644_1_n is collapsed...
Note 13707: Node keyboard_n_76_n is collapsed...
Note 13707: Node keyboard_n_76_1_n is collapsed...
Note 13707: Node keyboard_n_53_1_n is collapsed...
Note 13707: Node keyboard_n_75_1_n is collapsed...
Note 13707: Node keyboard_n_78_n is collapsed...
Note 13707: Node dynamicshow_out_i_0__n is collapsed...
Note 13707: Node dynamicshow_out_i_2__n is collapsed...
Note 13707: Node dynamicshow_out_i_1__n is collapsed...
Note 13707: Node dynamicshow_sel_i_0__n is collapsed...
Note 13707: Node serial_send_count_i_2__n is collapsed...
Note 13707: Node keyboard_combvalue_i_1__n is collapsed...
Note 13707: Node keyboard_combvalue_i_2__n is collapsed...
Note 13707: Node serial_send_count_i_0__n is collapsed...
Note 13707: Node Rx_c is collapsed...
Note 13707: Node serial_send_count_i_1__n is collapsed...
Note 13707: Node keyout_i_2__n is collapsed...
Note 13707: Node keyout_i_0__n is collapsed...
Note 13707: Node serial_send_count_i_3__n is collapsed...
Note 13707: Node keyboard_scanvalue_i_0__n is collapsed...
Note 13707: Node serial_clock166_i_n is collapsed...
Note 13707: Node serial_m_i_0__n is collapsed...
Note 13707: Node Rx_i is collapsed...
Note 13707: Node keyout_i_3__n is collapsed...
Note 13707: Node keyboard_flag_data_i_0__n is collapsed...
Note 13707: Node keyboard_flag_data_i_1__n is collapsed...
Note 13707: Node keyboard_combvalue_i_7__n is collapsed...
Note 13707: Node serial_clock96006_i_n is collapsed...
Note 13707: Node keyinbutton_2__n is collapsed...
Note 13707: Node keyinbutton_3__n is collapsed...
Note 13707: Node serial_m_i_5__n is collapsed...
Note 13707: Node keyout_i_1__n is collapsed...
Note 13707: Node ledvcc_c_0__n is collapsed...
Note 13707: Node keyboard_n_658_i_n is collapsed...
Note 13707: Node ledvcc_c_3__n is collapsed...
Note 13707: Node serial_n_177_i_n is collapsed...
Note 13707: Node serial_n_73_n is collapsed...
Note 13707: Node serial_n_116_n is collapsed...
Note 13707: Node keyboard_n_337_n is collapsed...
Note 13707: Node serial_n_112_n is collapsed...
Note 13707: Node keyboard_n_343_n is collapsed...
Note 13707: Node serial_n_102_n is collapsed...
Note 13707: Node keyboard_n_347_n is collapsed...
Note 13707: Node keyboard_scanvalue_232_d_n is collapsed...
Note 13707: Node keyboard_scanvalue_d_2__n is collapsed...
Note 13707: Node keyboard_n_353_n is collapsed...
Note 13707: Node serial_n_96_n is collapsed...
Note 13707: Node keyboard_n_449_n is collapsed...
Note 13707: Node serial_n_92_n is collapsed...
Note 13707: Node serial_n_82_n is collapsed...
Note 13707: Node serial_n_176_n is collapsed...
Note 13707: Node serial_n_78_n is collapsed...
Note 13707: Node serial_n_74_n is collapsed...
Note 13707: Node serial_n_70_n is collapsed...
Note 13707: Node keyboard_n_109_n is collapsed...
Note 13707: Node dynamicshow_n_44_n is collapsed...
Note 13707: Node dynamicshow_n_26_i_n is collapsed...
Note 13707: Node dynamicshow_n_43_n is collapsed...
Note 13707: Node dynamicshow_n_32_n is collapsed...
Note 13707: Node keyboard_n_648_n is collapsed...
Note 13707: Node keyboard_n_13_i_n is collapsed...
Note 13707: Node serial_n_148_i_n is collapsed...
Note 13707: Node serial_n_149_i_n is collapsed...
Note 13707: Node keyboard_n_47_0_n is collapsed...
Note 13707: Node serial_n_150_i_n is collapsed...
Note 13707: Node keyinbutton_1__n is collapsed...
Note 13707: Node keyboard_time1oms3_i_n is collapsed...
Note 13707: Node serial_n_12_n is collapsed...
Note 13707: Node keyboard_n_77_n is collapsed...
Note 13707: Node serial_clock166_5_n is collapsed...
Note 13707: Node serial_n_63_n is collapsed...
Note 13707: Node serial_n_188_n is collapsed...
Note 13707: Node keyboard_n_642_1_n is collapsed...
Note 13707: Node serial_G_88 is collapsed...
Note 13707: Node keyboard_n_80_n is collapsed...
Note 13707: Node serial_un1_clock960010_i_5_n is collapsed...
Note 13707: Node sendButton_0 is collapsed...
Note 13707: Node keyboard_un1_led_int_data133_0_n is collapsed...
Note 13707: Node serial_n_20_n is collapsed...
Note 13707: Node keyboard_G_234 is collapsed...
Note 13707: Node keyboard_n_82_n is collapsed...
Note 13707: Node keyboard_n_48_n is collapsed...
Note 13707: Node serial_un1_clock960010_i_3_n is collapsed...
Note 13707: Node keyboard_n_79_n is collapsed...
Note 13707: Node dynamicshow_n_38_n is collapsed...
Note 13707: Node dynamicshow_n_36_n is collapsed...
Note 13707: Node serial_n_185_n is collapsed...
Note 13707: Node keyboard_n_110_1_n is collapsed...
Note 13707: Node serial_n_187_n is collapsed...
Note 13707: Node keyinbutton_0__n is collapsed...
Note 13707: Node serial_rx_valid_i_n is collapsed...
Note 13707: Node keyboard_n_654_i_n is collapsed...
Note 13707: Node keyboard_n_657_i_n is collapsed...
Note 13707: Node serial_n_147_i_n is collapsed...
Note 13707: Node dynamicshow_n_24_i_n is collapsed...
Note 13707: Node keyboard_n_52_i_n is collapsed...
Note 13707: Node serial_n_110_n is collapsed...
Note 13707: Node serial_n_100_n is collapsed...
Note 13707: Node keyboard_n_351_n is collapsed...
Note 13707: Node keyboard_n_341_n is collapsed...
Note 13707: Node dynamicshow_n_27_i_n is collapsed...
Note 13707: Node keyboard_n_335_n is collapsed...
Note 13707: Node keyboard_time1oms3_1_n is collapsed...
Note 13707: Node serial_n_68_n is collapsed...
Note 13707: Node serial_n_33_i_n is collapsed...
Note 13707: Node serial_n_101_n is collapsed...
Note 13707: Node serial_n_32_i_n is collapsed...
Note 13707: Node serial_n_26_n is collapsed...
Note 13707: Node keyboard_flag_data_1_sqmuxa_n is collapsed...
Note 13707: Node keyboard_flag_data_0_sqmuxa_n is collapsed...
Note 13707: Node serial_n_85_n is collapsed...
Note 13707: Node serial_n_86_n is collapsed...
Note 13707: Node serial_n_103_n is collapsed...
Note 13707: Node serial_n_87_n is collapsed...
Note 13707: Node keyboard_n_450_0_n is collapsed...
Note 13707: Node keyboard_n_539_i_n is collapsed...
Note 13707: Node keyboard_n_650_n is collapsed...
Note 13707: Node dynamicshow_out_3__n is collapsed...
Note 13707: Node keyboard_n_655_i_n is collapsed...
Note 13707: Node dynamicshow_out_0__n is collapsed...
Note 13707: Node clkl_c is collapsed...
Note 13707: Node dynamicshow_mux_dataout_3_2__un1_n is collapsed...
Note 13707: Node keyboard_time1oms3_8_n is collapsed...
Note 13707: Node keyboard_time1oms3_7_n is collapsed...
Note 13707: Node serial_clock166_4_n is collapsed...
Note 13707: Node serial_G_73 is collapsed...
Note 13707: Node serial_n_24_n is collapsed...
Note 13707: Node serial_G_24 is collapsed...
Note 13707: Node dynamicshow_mux_dataout_3_2__un0_n is collapsed...
Note 13707: Node keyboard_n_101_n is collapsed...
Note 13707: Node dynamicshow_mux_dataout_3_1__un1_n is collapsed...
Note 13707: Node keyboard_time1oms3_9_0_n is collapsed...
Note 13707: Node dynamicshow_mux_dataout_3_1__un0_n is collapsed...
Note 13707: Node keyboard_n_656_i_n is collapsed...
Note 13707: Node serial_n_14_i_n is collapsed...
Note 13707: Node serial_n_80_n is collapsed...
Note 13707: Node keyboard_n_24_i_n is collapsed...
Note 13707: Node resetButton is collapsed...
Note 13707: Node serial_n_88_n is collapsed...
Note 13707: Node serial_n_94_n is collapsed...
Note 13707: Node clkh_c is collapsed...
Note 13707: Node keyboard_n_462_0_n is collapsed...
Note 13707: Node keyboard_n_17_0_n is collapsed...
Note 13707: Node keyboard_G_258 is collapsed...
Note 13707: Node serial_n_23_i_1_n is collapsed...
Note 13707: Node show_c_0_5__n is collapsed...
Note 13707: Node serial_n_27_i_1_n is collapsed...
Note 13707: Node show_c_0_0__n is collapsed...
Note 13707: Node serial_n_72_n is collapsed...
Note 13707: Node keyboard_n_345_n is collapsed...
Note 13707: Node dynamicshow_n_37_i_n is collapsed...
Note 13707: Node keyboard_n_651_n is collapsed...
Note 13707: Node keyinbutton_i_2__n is collapsed...
Note 13707: Node keyboard_n_63_i_n is collapsed...
Note 13707: Node serial_n_21_n is collapsed...
Note 13707: Node show_c_0_1__n is collapsed...
Note 13707: Node serial_n_31_0_1_n is collapsed...
Note 13707: Node serial_n_83_n is collapsed...
Note 13707: Node show_c_0_2__n is collapsed...
Note 13707: Node serial_n_22_n is collapsed...
Note 13707: Node dynamicshow_n_31_n is collapsed...
Note 13707: Node serial_n_182_n is collapsed...
Note 13707: Node show_c_0_6__n is collapsed...
Note 13707: Node serial_n_81_3_n is collapsed...
Note 13707: Node resetButton_i is collapsed...
Note 13707: Node serial_n_29_i_1_n is collapsed...
Note 13707: Node serial_n_25_i_1_n is collapsed...
Note 13707: Node serial_clock166_n is collapsed...
Note 13707: Node keyboard_n_105_n is collapsed...
Note 13707: Node serial_tx_3_0_3_n is collapsed...
Note 13707: Fmax mode optimizing 4 critical paths, 5 levels ...
Note 13707: Fmax mode optimizing 4 critical paths, 5 levels ...
Note 13707: Node keyboard_n_104_n is collapsed...
Note 13707: Fmax mode optimizing 12 critical paths, 4 levels ...
Note 13707: Fmax mode optimizing 8 critical paths, 4 levels ...
Note 13707: Node keyboard_un1_led_int_data0_0_sqmuxa_10_n is collapsed...
Note 13707: Fmax mode optimizing 4 critical paths, 4 levels ...
Note 13707: Fmax mode optimizing 26 critical paths, 3 levels ...
Note 13707: Fmax mode optimizing 13 critical paths, 3 levels ...
Note 13707: Fmax mode optimizing 1 critical paths, 3 levels ...
Note 13707: Fmax mode optimizing 72 critical paths, 2 levels ...
Note 13707: Node serial_n_98_n is collapsed...
Note 13707: Node serial_n_31_0_n is collapsed...
Note 13707: Node serial_n_114_n is collapsed...
Note 13707: Node serial_clock96006_n is collapsed...
Note 13707: Node keyboard_time1oms3_n is collapsed...
Note 13707: Node keyboard_n_53_n is collapsed...
Note 13707: Node keyboard_n_635_0_n is collapsed...
Note 13707: Fmax mode optimizing 28 critical paths, 2 levels ...
Note 13707: Node serial_n_76_n is collapsed...
Note 13707: Node keyboard_time1oms3_9_n is collapsed...
Note 13707: Node keyboard_n_349_n is collapsed...
Note 13707: Node keyboard_n_339_n is collapsed...
Note 13707: Node keyboard_n_110_n is collapsed...
Note 13707: Node keyboard_n_74_n is collapsed...
Note 13707: Node keyinbutton_i_3__n is collapsed...
Note 13707: Node keyinbutton_i_1__n is collapsed...
Note 13707: Node serial_un1_clock960010_i_n is collapsed...
Note 13707: Fmax mode optimizing 6 critical paths, 2 levels ...
Note 13707: Node keyinbutton_i_0__n is collapsed...
Note 13707: Fmax mode optimizing 1 critical paths, 2 levels ...
Note 13707: Node keyboard_n_50_i_n is collapsed...
Note 13707: Fmax mode satisfied
Control path optimization...
Note 13707: Node sendButton is collapsed...
Performing 'bypin choose' optimization...
..............................................Note    0: 
Estimated (clusters + macrocells): 165, Fmax Logic Level: 1
Writing Open-ABEL 2 (BLIF) file lab9.bl3...
Note    0: 
BLIFOPT complete - Time 4 seconds
Done: completed successfully.

Starting: 'D:\ispLEVER_Classic2_1\ispcpld\bin\abelvci.exe -vci lab9.lct -dev lc4k -diofft lab9.d0'

Done: completed successfully.

Starting: 'D:\ispLEVER_Classic2_1\ispcpld\bin\mdiofft.exe lab9.bl3 -family AMDMACH -idev van -o lab9.bl4 -oxrf lab9.xrf -err automake.err @lab9.d0 -gui'

DIOFFT  Flip-Flop Transformation program
ispLEVER Classic 2.1 Copyright 1992-2020 Lattice Semiconductor. All Rights Reserved.
Input file: lab9.bl3.
Output file: lab9.bl4.
Cross reference file: lab9.xrf.

.......................................................................
.......................................................................
.......................................................................
.......................................................................
.......................................................................
.......................................................................
.......................................................................
.......................................................................
.......................................................................
...............................
Shortening signal names...
Writing signal name cross reference file lab9.xrf... 

DIOFFT complete - Time 0 seconds
Done: completed successfully.

Starting: 'D:\ispLEVER_Classic2_1\ispcpld\bin\abelvci.exe -vci lab9.lct -dev lc4k -prefit lab9.l0'

Done: completed successfully.

Starting: 'D:\ispLEVER_Classic2_1\ispcpld\bin\prefit.exe -blif -inp lab9.bl4 -out lab9.bl5 -err automake.err -log lab9.log -mod lab9 @lab9.l0 -gui -sc'

Prefit Logic Optimizer (May 31 2012)  Sun May 08 09:53:01 2016

D:\ispLEVER_Classic2_1\ispcpld\bin\prefit.exe -blif -inp lab9.bl4 -out lab9.bl5 -err automake.err -log lab9.log -mod lab9 @lab9.l0 -gui -sc 
<Note> F34000: keyboard_led_int_Data1_0_.CE has too many product terms. An node will be applied.
<Note> F34000: keyboard_led_int_Data1_1_.CE has too many product terms. An node will be applied.
<Note> F34000: keyboard_led_int_Data1_2_.CE has too many product terms. An node will be applied.
<Note> F34000: keyboard_led_int_Data1_3_.CE has too many product terms. An node will be applied.
<Note> F34000: keyboard_led_int_Data0_0_.CE has too many product terms. An node will be applied.
<Note> F34000: keyboard_led_int_Data0_1_.CE has too many product terms. An node will be applied.
<Note> F34000: keyboard_led_int_Data0_2_.CE has too many product terms. An node will be applied.
<Note> F34000: keyboard_led_int_Data0_3_.CE has too many product terms. An node will be applied.
<Note> F34000: serial_Rx_Valid.CE has too many product terms. An node will be applied.
<Note> F34000: serial_Rx_Data_0_.CE has too many product terms. An node will be applied.
<Note> F34000: serial_Rx_Data_1_.CE has too many product terms. An node will be applied.
<Note> F34000: serial_Rx_Data_2_.CE has too many product terms. An node will be applied.
<Note> F34000: serial_Rx_Data_3_.CE has too many product terms. An node will be applied.
<Note> F34000: serial_Rx_Data_4_.CE has too many product terms. An node will be applied.
<Note> F34000: serial_Rx_Data_5_.CE has too many product terms. An node will be applied.
<Note> F34000: serial_Rx_Data_6_.CE has too many product terms. An node will be applied.
<Note> F34000: serial_Rx_Data_7_.CE has too many product terms. An node will be applied.
<Note> F34000: keyboard_int_Data0_3_.CE has too many product terms. An node will be applied.
<Note> F34000: keyboard_int_Data1_0_.CE has too many product terms. An node will be applied.
<Note> F34000: keyboard_int_Data1_1_.CE has too many product terms. An node will be applied.
<Note> F34000: keyboard_int_Data1_2_.CE has too many product terms. An node will be applied.
<Note> F34000: keyboard_int_Data1_3_.CE has too many product terms. An node will be applied.
<Note> F34000: keyboard_int_Data0_0_.CE has too many product terms. An node will be applied.
<Note> F34000: keyboard_int_Data0_1_.CE has too many product terms. An node will be applied.
<Note> F34000: keyboard_int_Data0_2_.CE has too many product terms. An node will be applied.
<Note> F34000: buried node keyboard_led_int_Data1_0__0 generated
<Note> F34000: buried node keyboard_led_int_Data0_0__0 generated
<Note> F34000: buried node serial_Rx_Valid_0 generated
<Note> F34000: buried node serial_Rx_Data_0__0 generated
<Note> F34000: buried node keyboard_int_Data0_3__0 generated
<Note> F34000: buried node keyboard_int_Data1_0__0 generated

Number of pins (IO)    :    30
Number of outputs (MC) :   158
Number of registers    :   134
Number of logic pterms :   479
D:\ispLEVER_Classic2_1\ispcpld\bin\prefit.exe complete - Time 0 seconds

Done: completed successfully.

Starting: 'D:\ispLEVER_Classic2_1\ispcpld\bin\lpf4k.exe @"lab9.rs2"'

Project 'lab9' was Fitted Successfully!

Done: completed successfully.

Starting: 'D:\ispLEVER_Classic2_1\ispcpld\bin\tda.exe -i lab9.bl5 -o lab9.tda -lci lab9.lct -dev m4s_256_64 -family lc4k -mod lab9 -ovec NoInput.tmv -err tda.err -gui'

TDA  - Timing Driven Analyze 
Ver. 1.0, supported by Lattice Semiconductor
ispLEVER Classic 2.1 Copyright 1992-2020 Lattice Semiconductor. All Rights Reserved.

TDA complete - Time 1 seconds
Done: completed successfully.

Starting: 'D:\ispLEVER_Classic2_1\ispcpld\bin\synsvf.exe -exe "D:\ispLEVER_Classic2_1\ispvmsystem/ispufw" -prj lab9 -if lab9.jed -j2s -log lab9.svl -gui'

Need not generate svf file according to the constraints, exit
Done: completed successfully.
