ispLEVER Auto-Make Log File
---------------------------

Updating: Fit Design
Start to record tcl script...
Finished recording TCL script.

Starting: 'D:\ispLEVER_Classic2_1\ispcpld\bin\Synpwrap.exe -rem -e vga -target ispmach4000b -pro '

Copyright (c) 1991-2010 Lattice Semiconductor Corporation,  All rights reserved.
Version : 2.1.00.02.49.20

Done sucessfully with exit code 0.
#Build: Synplify Pro I-2014.03LC , Build 063R, May 27 2014
#install: D:\ispLEVER_Classic2_1\synpbase
#OS: Windows 7 6.2
#Hostname: SKYLINE

#Implementation: lab14

$ Start of Compile
#Fri May 13 10:45:27 2022

Synopsys Verilog Compiler, version comp201403rcp1, Build 060R, built May 27 2014
@N|Running in 64-bit mode
Copyright (C) 1994-2014 Synopsys, Inc. This software and the associated documentation are proprietary to Synopsys, Inc. This software may only be used in accordance with the terms and conditions of a written license agreement with Synopsys, Inc.  All other use, reproduction, or distribution of this software is strictly prohibited.

@I::"D:\ispLEVER_Classic2_1\synpbase\lib\vlog\umr_capim.v"
@I::"D:\ispLEVER_Classic2_1\synpbase\lib\vlog\scemi_objects.v"
@I::"D:\ispLEVER_Classic2_1\synpbase\lib\vlog\scemi_pipes.svh"
@I::"D:\ispLEVER_Classic2_1\synpbase\lib\vlog\hypermods.v"
@I::"D:\ispLEVER_Classic2_1\ispcpld\..\cae_library\synthesis\verilog\mach.v"
@I::"E:\grade-3_2\isp_project\lab14\lab14.h"
@I::"E:\grade-3_2\isp_project\lab14\vga.v"
Verilog syntax check successful!
File E:\grade-3_2\isp_project\lab14\vga.v changed - recompiling
Selecting top level module vga
@N: CG364 :"E:\grade-3_2\isp_project\lab14\vga.v":1:7:1:9|Synthesizing module vga

@END

At c_ver Exit (Real Time elapsed 0h:00m:00s; CPU Time elapsed 0h:00m:00s; Memory used current: 68MB peak: 69MB)

Process took 0h:00m:01s realtime, 0h:00m:01s cputime
# Fri May 13 10:45:27 2022

###########################################################]
Synopsys Netlist Linker, version comp201403rcp1, Build 060R, built May 27 2014
@N|Running in 64-bit mode
File E:\grade-3_2\isp_project\lab14\synwork\vga_comp.srs changed - recompiling

At syn_nfilter Exit (Real Time elapsed 0h:00m:00s; CPU Time elapsed 0h:00m:00s; Memory used current: 67MB peak: 68MB)

Process took 0h:00m:01s realtime, 0h:00m:01s cputime
# Fri May 13 10:45:28 2022

###########################################################]
Map & Optimize Report

Synopsys CPLD Technology Mapper, Version maplat, Build 923R, Built May  6 2014
Copyright (C) 1994-2013, Synopsys, Inc. This software and the associated documentation are proprietary to Synopsys, Inc. This software may only be used in accordance with the terms and conditions of a written license agreement with Synopsys, Inc.  All other use or distribution of the software is strictly prohibited.
Product Version I-2014.03LC 
@N: MF248 |Running in 64-bit mode.
---------------------------------------
Resource Usage Report

Simple gate primitives:
DFFRH           22 uses
DFFSH           2 uses
IBUF            3 uses
OBUF            5 uses
AND2            197 uses
INV             129 uses
XOR2            19 uses
OR2             1 use


@N: FC100 |Timing Report not generated for this device, please use place and route tools for timing analysis.
I-2014.03LC 
Mapper successful!

At Mapper Exit (Real Time elapsed 0h:00m:00s; CPU Time elapsed 0h:00m:00s; Memory used current: 39MB peak: 105MB)

Process took 0h:00m:01s realtime, 0h:00m:01s cputime
# Fri May 13 10:45:29 2022

###########################################################]

Synplicity VHDL/Verilog HDL Synthesizer finished successfully

Done: completed successfully.

Starting: 'D:\ispLEVER_Classic2_1\ispcpld\bin\edif2blf.exe -edf vga.edi -out vga.bl0 -err automake.err -log vga.log -prj lab14 -lib "D:\ispLEVER_Classic2_1\ispcpld/dat/mach.edn" -net_Vcc VCC -net_GND GND -nbx -dse -tlw -cvt YES -xor'

Starting EDIF2BLIF....
readEDIF ended normally.

Inspect circuit vga
    Number of input ports   : 3
    Number of output ports  : 3
    Number of bidir ports   : 0
    Number of instances     : 379
    Number of nets          : 382

No design errors found in circuit vga

WriteBLIF ended normally.

Done: completed successfully.

Starting: 'D:\ispLEVER_Classic2_1\ispcpld\bin\mblifopt.exe vga.bl0 -collapse none -reduce none -err automake.err -gui -keepwires'

BLIFOPT  Open-ABEL Optimizer 
U.C. Berkeley, SIS Ver. 1.0, supported by Lattice Semiconductor
ispLEVER Classic 2.1 Copyright 1992-2020 Lattice Semiconductor. All Rights Reserved.
Reading Open-ABEL 2 file vga.bl0...
Writing Open-ABEL 2 (BLIF) file vga.bl1...
Note    0: 
BLIFOPT complete - Time 0 seconds
Done: completed successfully.

Starting: 'D:\ispLEVER_Classic2_1\ispcpld\bin\mblflink.exe "vga.bl1" -o "lab14.bl2" -omod "lab14" -gui -err "automake.err"'

BLIFLINK  Top-Down Design Linker
ispLEVER Classic 2.1 Copyright 1992-2020 Lattice Semiconductor. All Rights Reserved.

Top-level file: 'vga.bl1'

Hierarchical BLIF: 'lab14.bl2'

BLIFLINK complete.  Time: 1 second 
Done: completed successfully.

Starting: 'D:\ispLEVER_Classic2_1\ispcpld\bin\impsrc.exe -gui -prj lab14 -lci lab14.lct -log lab14.imp -err automake.err -tti lab14.bl2 -dir e:\grade-3_2\isp_project\lab14'

No pin assignment or valid property.
No source constraints were imported.
Done: completed successfully.

Starting: 'D:\ispLEVER_Classic2_1\ispcpld\bin\abelvci.exe -vci lab14.lct -blifopt lab14.b2_'

Done: completed successfully.

Starting: 'D:\ispLEVER_Classic2_1\ispcpld\bin\mblifopt.exe lab14.bl2 -sweep -mergefb -err automake.err -o lab14.bl3 @lab14.b2_ -gui'

BLIFOPT  Open-ABEL Optimizer 
U.C. Berkeley, SIS Ver. 1.0, supported by Lattice Semiconductor
ispLEVER Classic 2.1 Copyright 1992-2020 Lattice Semiconductor. All Rights Reserved.
Reading Open-ABEL 2 file lab14.bl2...
Merging feedbacks...
Note 13707: Node N_923_i is collapsed...
Note 13707: Node un1_vcnt_1 is collapsed...
Note 13707: Node N_143_i is collapsed...
Note 13707: Node N_172_i is collapsed...
Note 13707: Node N_131_i is collapsed...
Note 13707: Node N_130_i is collapsed...
Note 13707: Node N_149_i is collapsed...
Note 13707: Node N_128_i is collapsed...
Note 13707: Node N_1037_i is collapsed...
Note 13707: Node N_129_i is collapsed...
Note 13707: Node N_126_i is collapsed...
Note 13707: Node N_127_i is collapsed...
Note 13707: Node N_851_i is collapsed...
Note 13707: Node N_125_i is collapsed...
Note 13707: Node N_845_i is collapsed...
Note 13707: Node N_139_i is collapsed...
Note 13707: Node N_250_i is collapsed...
Note 13707: Node N_814_i is collapsed...
Note 13707: Node N_186_i is collapsed...
Note 13707: Node N_252_i is collapsed...
Note 13707: Node N_890_i is collapsed...
Note 13707: Node N_736_i is collapsed...
Note 13707: Node N_884_i is collapsed...
Note 13707: Node N_465_i is collapsed...
Note 13707: Node N_699_i is collapsed...
Note 13707: Node N_145_i is collapsed...
Note 13707: Node N_138_i is collapsed...
Note 13707: Node N_506_i is collapsed...
Note 13707: Node N_1036_i is collapsed...
Note 13707: Node N_502_i is collapsed...
Note 13707: Node N_154_i is collapsed...
Note 13707: Node N_105 is collapsed...
Note 13707: Node N_108_i is collapsed...
Note 13707: Node N_119_i is collapsed...
Note 13707: Node N_102_i is collapsed...
Note 13707: Node N_111 is collapsed...
Note 13707: Node N_340_i is collapsed...
Note 13707: Node reset_c is collapsed...
Note 13707: Node N_333 is collapsed...
Note 13707: Node N_334_i is collapsed...
Note 13707: Node N_137_i is collapsed...
Note 13707: Node N_207_i is collapsed...
Note 13707: Node N_656_i is collapsed...
Note 13707: Node N_658_i is collapsed...
Note 13707: Node hcnt_i_0__n is collapsed...
Note 13707: Node N_592_i is collapsed...
Note 13707: Node N_62_i is collapsed...
Note 13707: Node N_140_i is collapsed...
Note 13707: Node N_462 is collapsed...
Note 13707: Node N_591 is collapsed...
Note 13707: Node hcnt_i_2__n is collapsed...
Note 13707: Node N_459_i is collapsed...
Note 13707: Node N_887 is collapsed...
Note 13707: Node N_549_i is collapsed...
Note 13707: Node N_37 is collapsed...
Note 13707: Node N_82 is collapsed...
Note 13707: Node un1_vcnt_6_i is collapsed...
Note 13707: Node N_60_i_0 is collapsed...
Note 13707: Node N_156_i is collapsed...
Note 13707: Node N_147_i is collapsed...
Note 13707: Node N_157_i is collapsed...
Note 13707: Node N_174_i is collapsed...
Note 13707: Node N_98 is collapsed...
Note 13707: Node N_135_i is collapsed...
Note 13707: Node N_120_i is collapsed...
Note 13707: Node N_1035_i is collapsed...
Note 13707: Node N_133_i is collapsed...
Note 13707: Node N_132_i is collapsed...
Note 13707: Node N_142_i is collapsed...
Note 13707: Node N_123_i is collapsed...
Note 13707: Node N_117_i is collapsed...
Note 13707: Node N_118_i is collapsed...
Note 13707: Node N_583 is collapsed...
Note 13707: Node N_458 is collapsed...
Note 13707: Node N_505 is collapsed...
Note 13707: Node N_337 is collapsed...
Note 13707: Node N_509 is collapsed...
Note 13707: Node N_343 is collapsed...
Note 13707: Node N_101 is collapsed...
Note 13707: Node N_735 is collapsed...
Note 13707: Node hsyncint8_1 is collapsed...
Note 13707: Node N_813 is collapsed...
Note 13707: Node N_86 is collapsed...
Note 13707: Node N_148 is collapsed...
Note 13707: Node un1_vcnt_2 is collapsed...
Note 13707: Node N_185 is collapsed...
Note 13707: Node N_702 is collapsed...
Note 13707: Node N_848 is collapsed...
Note 13707: Node N_883 is collapsed...
Note 13707: Node N_817 is collapsed...
Note 13707: Node N_75 is collapsed...
Note 13707: Node N_739 is collapsed...
Note 13707: Node N_77 is collapsed...
Note 13707: Node N_81 is collapsed...
Note 13707: Node vga_d_i_0_m2_1__un3_n is collapsed...
Note 13707: Node N_893 is collapsed...
Note 13707: Node N_97 is collapsed...
Note 13707: Node N_93 is collapsed...
Note 13707: Node N_95 is collapsed...
Note 13707: Node N_94 is collapsed...
Note 13707: Node N_1030 is collapsed...
Note 13707: Node vcnt_i_0__n is collapsed...
Note 13707: Node hcnt_i_3__n is collapsed...
Note 13707: Node vcnt_i_1__n is collapsed...
Note 13707: Node N_84 is collapsed...
Note 13707: Node hcnt_i_9__n is collapsed...
Note 13707: Node N_87 is collapsed...
Note 13707: Node N_854 is collapsed...
Note 13707: Node un1_vcnt_8 is collapsed...
Note 13707: Node N_94_0 is collapsed...
Note 13707: Node N_1030_i is collapsed...
Note 13707: Node vcnt_3_i_x2_4_ is collapsed...
Note 13707: Node vcnt_3_i_x2_1_ is collapsed...
Note 13707: Node vcnt_3_i_x2_9_ is collapsed...
Note 13707: Node G_39 is collapsed...
Note 13707: Node G_41 is collapsed...
Note 13707: Node vcnt_3_i_x2_5_ is collapsed...
Note 13707: Node vga_d_i_0_m2_1__un0_n is collapsed...
Note 13707: Node N_923 is collapsed...
Note 13707: Node vga_d_i_0_m2_1__un1_n is collapsed...
Note 13707: Node N_884 is collapsed...
Note 13707: Node vcnt_3_i_x2_6_ is collapsed...
Note 13707: Node N_149 is collapsed...
Note 13707: Node N_118_1 is collapsed...
Note 13707: Node N_252 is collapsed...
Note 13707: Node N_120_1 is collapsed...
Note 13707: Node N_5_i is collapsed...
Note 13707: Node N_465_1 is collapsed...
Note 13707: Node N_851 is collapsed...
Note 13707: Node N_129_1 is collapsed...
Note 13707: Node N_186 is collapsed...
Note 13707: Node N_130_1 is collapsed...
Note 13707: Node G_43 is collapsed...
Note 13707: Node N_133_1 is collapsed...
Note 13707: Node N_145 is collapsed...
Note 13707: Node N_1035_1 is collapsed...
Note 13707: Node G_45 is collapsed...
Note 13707: Node N_1036_1 is collapsed...
Note 13707: Node N_74 is collapsed...
Note 13707: Node N_140_1 is collapsed...
Note 13707: Node N_81_i is collapsed...
Note 13707: Node N_108_1 is collapsed...
Note 13707: Node G_49 is collapsed...
Note 13707: Node N_143_1 is collapsed...
Note 13707: Node N_77_i is collapsed...
Note 13707: Node N_890_1 is collapsed...
Note 13707: Node G_51 is collapsed...
Note 13707: Node N_147_1 is collapsed...
Note 13707: Node N_75_i is collapsed...
Note 13707: Node N_1037_1 is collapsed...
Note 13707: Node N_154 is collapsed...
Note 13707: Node N_156_1 is collapsed...
Note 13707: Node N_138 is collapsed...
Note 13707: Node N_37_i_1 is collapsed...
Note 13707: Node N_845 is collapsed...
Note 13707: Node N_591_0_1 is collapsed...
Note 13707: Node N_119 is collapsed...
Note 13707: Node N_67_0_1 is collapsed...
Note 13707: Node N_814 is collapsed...
Note 13707: Node N_126_2 is collapsed...
Note 13707: Node N_592 is collapsed...
Note 13707: Node N_126_1 is collapsed...
Note 13707: Node N_340 is collapsed...
Note 13707: Node N_127_2 is collapsed...
Note 13707: Node N_736 is collapsed...
Note 13707: Node G_53 is collapsed...
Note 13707: Node N_699 is collapsed...
Note 13707: Node N_128_2 is collapsed...
Note 13707: Node N_334 is collapsed...
Note 13707: Node N_128_1 is collapsed...
Note 13707: Node N_506 is collapsed...
Note 13707: Node N_131_2 is collapsed...
Note 13707: Node N_459 is collapsed...
Note 13707: Node N_131_1 is collapsed...
Note 13707: Node G_55 is collapsed...
Note 13707: Node N_139_2 is collapsed...
Note 13707: Node G_74 is collapsed...
Note 13707: Node N_139_1 is collapsed...
Note 13707: Node G_76 is collapsed...
Note 13707: Node N_5_i_6 is collapsed...
Note 13707: Node N_185_0 is collapsed...
Note 13707: Node N_5_i_5 is collapsed...
Note 13707: Node G_84 is collapsed...
Note 13707: Node N_5_i_4 is collapsed...
Note 13707: Node G_86 is collapsed...
Note 13707: Node N_5_i_3 is collapsed...
Note 13707: Node N_813_0 is collapsed...
Note 13707: Node N_5_i_2 is collapsed...
Note 13707: Node N_502 is collapsed...
Note 13707: Node N_5_i_1 is collapsed...
Note 13707: Node N_735_0 is collapsed...
Note 13707: Node N_185_0_2 is collapsed...
Note 13707: Node N_157 is collapsed...
Note 13707: Node N_185_0_1 is collapsed...
Note 13707: Node N_52 is collapsed...
Note 13707: Node N_97_i_1 is collapsed...
Note 13707: Node N_893_0 is collapsed...
Note 13707: Node N_87_0_1 is collapsed...
Note 13707: Node N_883_0 is collapsed...
Note 13707: Node N_9_i_3 is collapsed...
Note 13707: Node hcnt_3_i_x2_5_ is collapsed...
Note 13707: Node N_111_0 is collapsed...
Note 13707: Node N_549 is collapsed...
Note 13707: Node N_9_i_1 is collapsed...
Note 13707: Node N_86_0 is collapsed...
Note 13707: Node N_157_1 is collapsed...
Note 13707: Node N_105_0 is collapsed...
Note 13707: Node N_549_2 is collapsed...
Note 13707: Node N_137 is collapsed...
Note 13707: Node N_549_1 is collapsed...
Note 13707: Node N_458_0 is collapsed...
Note 13707: Node N_7_i_4 is collapsed...
Note 13707: Node N_583_0 is collapsed...
Note 13707: Node N_7_i_3 is collapsed...
Note 13707: Node N_117 is collapsed...
Note 13707: Node N_7_i_2 is collapsed...
Note 13707: Node N_125 is collapsed...
Note 13707: Node N_7_i_1 is collapsed...
Note 13707: Node N_132 is collapsed...
Note 13707: Node N_125_2 is collapsed...
Note 13707: Node N_142 is collapsed...
Note 13707: Node N_102 is collapsed...
Note 13707: Node N_135 is collapsed...
Note 13707: Node N_1030_i_2 is collapsed...
Note 13707: Node N_1030_i_1 is collapsed...
Note 13707: Node hcnt13 is collapsed...
Note 13707: Node orient_i is collapsed...
Note 13707: Node vcnt_i_6__n is collapsed...
Note 13707: Node N_83 is collapsed...
Note 13707: Node hcnt_i_6__n is collapsed...
Note 13707: Node vcnt_i_4__n is collapsed...
Note 13707: Node vcnt_i_2__n is collapsed...
Note 13707: Node vcnt_i_7__n is collapsed...
Note 13707: Node hcnt_i_4__n is collapsed...
Note 13707: Node hcnt_i_7__n is collapsed...
Note 13707: Node vcnt_i_9__n is collapsed...
Note 13707: Node vcnt_i_8__n is collapsed...
Note 13707: Node vcnt_i_3__n is collapsed...
Note 13707: Node vcnt12 is collapsed...
Note 13707: Node hcnt_i_5__n is collapsed...
Note 13707: Node vcnt_i_5__n is collapsed...
Note 13707: Node un1_hcnt_8 is collapsed...
Note 13707: Node un1_vcnt_6 is collapsed...
Note 13707: Node N_68 is collapsed...
Note 13707: Node N_84_0 is collapsed...
Note 13707: Node N_250 is collapsed...
Note 13707: Node N_72 is collapsed...
Note 13707: Node N_64 is collapsed...
Note 13707: Node N_36 is collapsed...
Note 13707: Node N_40 is collapsed...
Note 13707: Node N_44 is collapsed...
Note 13707: Node N_48 is collapsed...
Note 13707: Node N_85_i is collapsed...
Note 13707: Node N_174 is collapsed...
Note 13707: Node N_101_0 is collapsed...
Note 13707: Node N_207 is collapsed...
Note 13707: Node N_172 is collapsed...
Note 13707: Node N_333_i is collapsed...
Note 13707: Node N_658 is collapsed...
Note 13707: Node hcnt_i_8__n is collapsed...
Note 13707: Node hcnt_i_10__n is collapsed...
Note 13707: Node orient_c is collapsed...
Note 13707: Node N_118 is collapsed...
Note 13707: Node N_123 is collapsed...
Note 13707: Node N_129 is collapsed...
Note 13707: Node N_147 is collapsed...
Note 13707: Node N_127_1 is collapsed...
Note 13707: Node N_848_0 is collapsed...
Note 13707: Node un1_vcnt_2_i is collapsed...
Note 13707: Node N_1036 is collapsed...
Note 13707: Node un1_vcnt_1_i is collapsed...
Note 13707: Node N_465 is collapsed...
Note 13707: Node hcnt_3_i_x2_10_ is collapsed...
Note 13707: Node N_9_i_2 is collapsed...
Note 13707: Node N_505_0 is collapsed...
Note 13707: Node hsyncint8 is collapsed...
Note 13707: Node N_156 is collapsed...
Note 13707: Node N_890 is collapsed...
Note 13707: Node N_103_i is collapsed...
Note 13707: Node N_92_i is collapsed...
Note 13707: Node N_60 is collapsed...
Note 13707: Node N_173 is collapsed...
Note 13707: Node N_151 is collapsed...
Note 13707: Node N_155 is collapsed...
Note 13707: Node N_83_i is collapsed...
Note 13707: Node clk_50m_c is collapsed...
Note 13707: Node N_50 is collapsed...
Note 13707: Node N_148_0 is collapsed...
Note 13707: Node N_91_i is collapsed...
Note 13707: Node N_120 is collapsed...
Note 13707: Node hsyncint8_1_0 is collapsed...
Note 13707: Node N_143 is collapsed...
Note 13707: Node N_462_0 is collapsed...
Note 13707: Node N_128 is collapsed...
Note 13707: Node N_133 is collapsed...
Note 13707: Node N_817_i is collapsed...
Note 13707: Node N_337_0 is collapsed...
Note 13707: Node N_887_0 is collapsed...
Note 13707: Node N_70 is collapsed...
Note 13707: Node N_42 is collapsed...
Note 13707: Node N_82_0 is collapsed...
Note 13707: Node N_656 is collapsed...
Note 13707: Node reset_i is collapsed...
Note 13707: Node N_62 is collapsed...
Note 13707: Node N_150 is collapsed...
Note 13707: Node N_90 is collapsed...
Note 13707: Node N_67_0 is collapsed...
Note 13707: Node N_739_i is collapsed...
Note 13707: Node N_139 is collapsed...
Note 13707: Node vcnt12_i is collapsed...
Note 13707: Node N_93_0 is collapsed...
Note 13707: Node N_108 is collapsed...
Note 13707: Node N_591_0 is collapsed...
Note 13707: Node N_37_i is collapsed...
Note 13707: Node N_1035 is collapsed...
Note 13707: Node N_126 is collapsed...
Note 13707: Node N_99_i is collapsed...
Note 13707: Node N_702_0 is collapsed...
Note 13707: Node N_131 is collapsed...
Note 13707: Node hcnt13_i is collapsed...
Note 13707: Node N_125_1 is collapsed...
Note 13707: Node N_9_i is collapsed...
Note 13707: Node N_7_i is collapsed...
Note 13707: Fmax mode optimizing 4 critical paths, 3 levels ...
Note 13707: Fmax mode optimizing 15 critical paths, 2 levels ...
Note 13707: Node N_1037 is collapsed...
Note 13707: Node N_38 is collapsed...
Note 13707: Node N_46 is collapsed...
Note 13707: Fmax mode optimizing 3 critical paths, 2 levels ...
Note 13707: Node N_66 is collapsed...
Note 13707: Fmax mode satisfied
Control path optimization...
Performing 'bypin choose' optimization...
..................Note    0: 
Estimated (clusters + macrocells): 45, Fmax Logic Level: 1
Writing Open-ABEL 2 (BLIF) file lab14.bl3...
Note    0: 
BLIFOPT complete - Time 2 seconds
Done: completed successfully.

Starting: 'D:\ispLEVER_Classic2_1\ispcpld\bin\abelvci.exe -vci lab14.lct -dev lc4k -diofft lab14.d0'

Done: completed successfully.

Starting: 'D:\ispLEVER_Classic2_1\ispcpld\bin\mdiofft.exe lab14.bl3 -family AMDMACH -idev van -o lab14.bl4 -oxrf lab14.xrf -err automake.err @lab14.d0 -gui'

DIOFFT  Flip-Flop Transformation program
ispLEVER Classic 2.1 Copyright 1992-2020 Lattice Semiconductor. All Rights Reserved.
Input file: lab14.bl3.
Output file: lab14.bl4.
Cross reference file: lab14.xrf.

.......................................................................
.................................................
Shortening signal names...
Writing signal name cross reference file lab14.xrf... 

DIOFFT complete - Time 0 seconds
Done: completed successfully.

Starting: 'D:\ispLEVER_Classic2_1\ispcpld\bin\abelvci.exe -vci lab14.lct -dev lc4k -prefit lab14.l0'

Done: completed successfully.

Starting: 'D:\ispLEVER_Classic2_1\ispcpld\bin\prefit.exe -blif -inp lab14.bl4 -out lab14.bl5 -err automake.err -log lab14.log -mod vga @lab14.l0 -gui -sc'

Prefit Logic Optimizer (May 31 2012)  Fri May 13 10:45:37 2022

D:\ispLEVER_Classic2_1\ispcpld\bin\prefit.exe -blif -inp lab14.bl4 -out lab14.bl5 -err automake.err -log lab14.log -mod vga @lab14.l0 -gui -sc 
Number of pins (IO)    :     8
Number of outputs (MC) :    38
Number of registers    :    24
Number of logic pterms :   136
D:\ispLEVER_Classic2_1\ispcpld\bin\prefit.exe complete - Time 0 seconds

Done: completed successfully.

Starting: 'D:\ispLEVER_Classic2_1\ispcpld\bin\lpf4k.exe @"lab14.rs2"'

Project 'lab14' was Fitted Successfully!

Done: completed successfully.

Starting: 'D:\ispLEVER_Classic2_1\ispcpld\bin\tda.exe -i lab14.bl5 -o lab14.tda -lci lab14.lct -dev m4s_256_96 -family lc4k -mod vga -ovec NoInput.tmv -err tda.err -gui'

TDA  - Timing Driven Analyze 
Ver. 1.0, supported by Lattice Semiconductor
ispLEVER Classic 2.1 Copyright 1992-2020 Lattice Semiconductor. All Rights Reserved.

TDA complete - Time 1 seconds
Done: completed successfully.

Starting: 'D:\ispLEVER_Classic2_1\ispcpld\bin\synsvf.exe -exe "D:\ispLEVER_Classic2_1\ispvmsystem/ispufw" -prj lab14 -if lab14.jed -j2s -log lab14.svl -gui'

Need not generate svf file according to the constraints, exit
Done: completed successfully.
