Running in Lattice mode


Starting:    D:\ispLEVER_Classic2_1\synpbase\win64\mbin\synbatch.exe
Install:     D:\ispLEVER_Classic2_1\synpbase
Date:        Fri May 13 10:45:27 2022
Version:     I-2014.03LC 

Arguments:   -product synplify_pro  -batch e:/grade-3_2/isp_project/lab14\vga.prj
ProductType: synplify_pro





log file: "E:\grade-3_2\isp_project\lab14\vga.srr"

Running vga|lab14

Running: Compile on vga|lab14

Running: Compile Process on vga|lab14

Running: Compile Input on vga|lab14
Copied E:\grade-3_2\isp_project\lab14\synwork\vga_comp.srs to E:\grade-3_2\isp_project\lab14\vga.srs
compiler Completed
Return Code: 0
Run Time:0h:00m:01s

Running: Multi-srs Generator on vga|lab14
Copied E:\grade-3_2\isp_project\lab14\synwork\vga_comp.srs to E:\grade-3_2\isp_project\lab14\synwork\vga_s.srs
multi_srs_gen Completed
Return Code: 0
Run Time:0h:00m:00s
Copied E:\grade-3_2\isp_project\lab14\synwork\vga_mult.srs to E:\grade-3_2\isp_project\lab14\vga.srs
Copied E:\grade-3_2\isp_project\lab14\vga.srr to E:\grade-3_2\isp_project\lab14\vga.srf
Complete: Compile Process on vga|lab14
Complete: Compile on vga|lab14

Running: Map on vga|lab14

Running: Map & Optimize on vga|lab14
fpga_mapper Completed
Return Code: 0
Run Time:0h:00m:01s
Complete: Map on vga|lab14
Copied E:\grade-3_2\isp_project\lab14\vga.srr to E:\grade-3_2\isp_project\lab14\vga.srf
Complete: Logic Synthesis on vga|lab14

exit status=0

exit status=0

